[ 2016-07-02T18:03:09+08:00 ] ::1 /HyAdmin-master/
INFO: [ app_init ] --START--
INFO: Run Behavior\BuildLiteBehavior [ RunTime:0.000000s ]
INFO: [ app_init ] --END-- [ RunTime:0.026001s ]
INFO: [ app_begin ] --START--
INFO: Run Behavior\ReadHtmlCacheBehavior [ RunTime:0.001000s ]
INFO: [ app_begin ] --END-- [ RunTime:0.001000s ]
NOTIC: [8192] mysql_connect(): The mysql extension is deprecated and will be removed in the future: use mysqli or PDO instead F:\PHP\wamp\www\HyAdmin-master\HomyitCore\Library\Think\Session\Driver\Db.class.php 第 95 行.
INFO: [ action_begin ] --START--
INFO: Run Common\Behavior\HyLogBehavior [ RunTime:0.001000s ]
INFO: [ action_begin ] --END-- [ RunTime:0.002000s ]
NOTIC: [2048] Declaration of Common\Model\HyFrameModel::find() should be compatible with Think\Model::find($options = Array) F:\PHP\wamp\www\HyAdmin-master\Application\Common\Model\HyFrameModel.class.php 第 13 行.

[ 2016-07-02T18:03:10+08:00 ] ::1 /HyAdmin-master/index.php/System/HyStart/login.html
INFO: [ app_init ] --START--
INFO: Run Behavior\BuildLiteBehavior [ RunTime:0.000000s ]
INFO: [ app_init ] --END-- [ RunTime:0.000000s ]
INFO: [ app_begin ] --START--
INFO: Run Behavior\ReadHtmlCacheBehavior [ RunTime:0.000000s ]
INFO: [ app_begin ] --END-- [ RunTime:0.001000s ]
NOTIC: [8192] mysql_connect(): The mysql extension is deprecated and will be removed in the future: use mysqli or PDO instead F:\PHP\wamp\www\HyAdmin-master\HomyitCore\Library\Think\Session\Driver\Db.class.php 第 95 行.
INFO: [ action_begin ] --START--
INFO: Run Common\Behavior\HyLogBehavior [ RunTime:0.000000s ]
INFO: [ action_begin ] --END-- [ RunTime:0.000000s ]
NOTIC: [2048] Declaration of Common\Model\HyFrameModel::find() should be compatible with Think\Model::find($options = Array) F:\PHP\wamp\www\HyAdmin-master\Application\Common\Model\HyFrameModel.class.php 第 13 行.
NOTIC: [8] Undefined index: model F:\PHP\wamp\www\HyAdmin-master\Application\Common\Controller\HyFrameController.class.php 第 42 行.
SQL: SHOW COLUMNS FROM `homyit_frame_setting` [ RunTime:0.0140s ]
SQL: SELECT `key`,`value` FROM `homyit_frame_setting` WHERE `status` < 9  [ RunTime:0.0090s ]
INFO: [ before_view ] --START--
INFO: Run Common\Behavior\HyBeforeViewBehavior [ RunTime:0.000000s ]
INFO: [ before_view ] --END-- [ RunTime:0.001000s ]
INFO: [ view_parse ] --START--
INFO: [ template_filter ] --START--
INFO: Run Behavior\ContentReplaceBehavior [ RunTime:0.001000s ]
INFO: [ template_filter ] --END-- [ RunTime:0.001000s ]
INFO: Run Behavior\ParseTemplateBehavior [ RunTime:0.152009s ]
INFO: [ view_parse ] --END-- [ RunTime:0.152009s ]
INFO: [ view_filter ] --START--
INFO: Run Behavior\WriteHtmlCacheBehavior [ RunTime:0.075004s ]
INFO: [ view_filter ] --END-- [ RunTime:0.075004s ]
INFO: [ action_end ] --START--
INFO: Run Common\Behavior\HyLogBehavior [ RunTime:0.000000s ]
INFO: [ action_end ] --END-- [ RunTime:0.000000s ]
INFO: [ app_end ] --START--
INFO: Run Behavior\ShowPageTraceBehavior [ RunTime:0.111007s ]
INFO: [ app_end ] --END-- [ RunTime:0.111007s ]

[ 2016-07-02T18:03:11+08:00 ] ::1 /HyAdmin-master/index.php/System/HyStart/favicon.ico
INFO: [ app_init ] --START--
INFO: Run Behavior\BuildLiteBehavior [ RunTime:0.000000s ]
INFO: [ app_init ] --END-- [ RunTime:0.001000s ]

[ 2016-07-02T18:03:17+08:00 ] ::1 /HyAdmin-master/index.php/System/HyStart/ajax?q=login
INFO: [ app_init ] --START--
INFO: Run Behavior\BuildLiteBehavior [ RunTime:0.000000s ]
INFO: [ app_init ] --END-- [ RunTime:0.001000s ]
INFO: [ app_begin ] --START--
INFO: Run Behavior\ReadHtmlCacheBehavior [ RunTime:0.001000s ]
INFO: [ app_begin ] --END-- [ RunTime:0.001000s ]
NOTIC: [8192] mysql_connect(): The mysql extension is deprecated and will be removed in the future: use mysqli or PDO instead F:\PHP\wamp\www\HyAdmin-master\HomyitCore\Library\Think\Session\Driver\Db.class.php 第 95 行.
INFO: [ action_begin ] --START--
INFO: Run Common\Behavior\HyLogBehavior [ RunTime:0.000000s ]
INFO: [ action_begin ] --END-- [ RunTime:0.000000s ]
NOTIC: [2048] Declaration of Common\Model\HyFrameModel::find() should be compatible with Think\Model::find($options = Array) F:\PHP\wamp\www\HyAdmin-master\Application\Common\Model\HyFrameModel.class.php 第 13 行.
NOTIC: [8] Undefined index: model F:\PHP\wamp\www\HyAdmin-master\Application\Common\Controller\HyFrameController.class.php 第 42 行.
NOTIC: [8] Undefined variable: logStep F:\PHP\wamp\www\HyAdmin-master\Application\System\Controller\HyStartController.class.php 第 56 行.
SQL: SHOW COLUMNS FROM `homyit_user` [ RunTime:0.0060s ]
NOTIC: [2] Missing argument 1 for Common\Model\HyFrameModel::find(), called in F:\PHP\wamp\www\HyAdmin-master\Application\Common\Model\HyAccountModel.class.php on line 25 and defined F:\PHP\wamp\www\HyAdmin-master\Application\Common\Model\HyFrameModel.class.php 第 271 行.
NOTIC: [8] Undefined variable: options F:\PHP\wamp\www\HyAdmin-master\Application\Common\Model\HyFrameModel.class.php 第 272 行.
NOTIC: [8] Undefined variable: options F:\PHP\wamp\www\HyAdmin-master\Application\Common\Model\HyFrameModel.class.php 第 272 行.
SQL: SELECT `id`,`college_id`,`name`,`roles`,`user_no`,`password`,`sex`,`phone`,`qq`,`email`,`avatar_file`,`status`,`session_id`,`login_last_time`,`login_times` FROM `homyit_user` WHERE `user_no` = '123' AND `status` = 1 LIMIT 1   [ RunTime:0.0010s ]
SQL: SHOW COLUMNS FROM `homyit_frame_log` [ RunTime:0.1670s ]
SQL: INSERT INTO `homyit_frame_log` (`user_id`,`controller`,`action`,`post`,`description`,`ip`,`create_time`) VALUES ('100640','HyStart','ajax','{\"u\":\"TqW+kkLHXpeh73y5rX9vBA==9895655\",\"p\":\"Aco\\/g7dXQgX78VKhd4l5uCO4G8sZQfDK\\/gYnVgRPtJWul481\\/u3ojZ7ETlLZL9ta8182745\"}',' >> 登录验证 >> <span class=\'text-warning\'>密码错误</span>','0.0.0.0','1467453796') [ RunTime:0.0090s ]

[ 2016-07-02T18:03:21+08:00 ] ::1 /HyAdmin-master/index.php/System/HyStart/ajax?q=login
INFO: [ app_init ] --START--
INFO: Run Behavior\BuildLiteBehavior [ RunTime:0.000000s ]
INFO: [ app_init ] --END-- [ RunTime:0.000000s ]
INFO: [ app_begin ] --START--
INFO: Run Behavior\ReadHtmlCacheBehavior [ RunTime:0.001001s ]
INFO: [ app_begin ] --END-- [ RunTime:0.001001s ]
NOTIC: [8192] mysql_connect(): The mysql extension is deprecated and will be removed in the future: use mysqli or PDO instead F:\PHP\wamp\www\HyAdmin-master\HomyitCore\Library\Think\Session\Driver\Db.class.php 第 95 行.
INFO: [ action_begin ] --START--
INFO: Run Common\Behavior\HyLogBehavior [ RunTime:0.001000s ]
INFO: [ action_begin ] --END-- [ RunTime:0.001000s ]
NOTIC: [2048] Declaration of Common\Model\HyFrameModel::find() should be compatible with Think\Model::find($options = Array) F:\PHP\wamp\www\HyAdmin-master\Application\Common\Model\HyFrameModel.class.php 第 13 行.
NOTIC: [8] Undefined index: model F:\PHP\wamp\www\HyAdmin-master\Application\Common\Controller\HyFrameController.class.php 第 42 行.
NOTIC: [8] Undefined variable: logStep F:\PHP\wamp\www\HyAdmin-master\Application\System\Controller\HyStartController.class.php 第 56 行.
SQL: SHOW COLUMNS FROM `homyit_user` [ RunTime:0.0020s ]
NOTIC: [2] Missing argument 1 for Common\Model\HyFrameModel::find(), called in F:\PHP\wamp\www\HyAdmin-master\Application\Common\Model\HyAccountModel.class.php on line 25 and defined F:\PHP\wamp\www\HyAdmin-master\Application\Common\Model\HyFrameModel.class.php 第 271 行.
NOTIC: [8] Undefined variable: options F:\PHP\wamp\www\HyAdmin-master\Application\Common\Model\HyFrameModel.class.php 第 272 行.
NOTIC: [8] Undefined variable: options F:\PHP\wamp\www\HyAdmin-master\Application\Common\Model\HyFrameModel.class.php 第 272 行.
SQL: SELECT `id`,`college_id`,`name`,`roles`,`user_no`,`password`,`sex`,`phone`,`qq`,`email`,`avatar_file`,`status`,`session_id`,`login_last_time`,`login_times` FROM `homyit_user` WHERE `user_no` = '123' AND `status` = 1 LIMIT 1   [ RunTime:0.0010s ]
SQL: SHOW COLUMNS FROM `homyit_frame_log` [ RunTime:0.0030s ]
SQL: INSERT INTO `homyit_frame_log` (`user_id`,`controller`,`action`,`post`,`description`,`ip`,`create_time`) VALUES ('100640','HyStart','ajax','{\"u\":\"Oawyyw+jLS28DAHFH1ZEng==3958089\",\"p\":\"lBBH2tYUGUuAlunVO9Ou+fPqtNXQgbiIijDoJ16wIjyfX5qO\\/w+0Mxc9649Mi+ez5254250\"}',' >> 登录验证 >> <span class=\'text-warning\'>密码错误</span>','0.0.0.0','1467453801') [ RunTime:0.0010s ]

[ 2016-07-02T18:03:26+08:00 ] ::1 /HyAdmin-master/index.php/System/HyStart/ajax?q=login
INFO: [ app_init ] --START--
INFO: Run Behavior\BuildLiteBehavior [ RunTime:0.000000s ]
INFO: [ app_init ] --END-- [ RunTime:0.001000s ]
INFO: [ app_begin ] --START--
INFO: Run Behavior\ReadHtmlCacheBehavior [ RunTime:0.000000s ]
INFO: [ app_begin ] --END-- [ RunTime:0.000000s ]
NOTIC: [8192] mysql_connect(): The mysql extension is deprecated and will be removed in the future: use mysqli or PDO instead F:\PHP\wamp\www\HyAdmin-master\HomyitCore\Library\Think\Session\Driver\Db.class.php 第 95 行.
INFO: [ action_begin ] --START--
INFO: Run Common\Behavior\HyLogBehavior [ RunTime:0.001000s ]
INFO: [ action_begin ] --END-- [ RunTime:0.001000s ]
NOTIC: [2048] Declaration of Common\Model\HyFrameModel::find() should be compatible with Think\Model::find($options = Array) F:\PHP\wamp\www\HyAdmin-master\Application\Common\Model\HyFrameModel.class.php 第 13 行.
NOTIC: [8] Undefined index: model F:\PHP\wamp\www\HyAdmin-master\Application\Common\Controller\HyFrameController.class.php 第 42 行.
NOTIC: [8] Undefined variable: logStep F:\PHP\wamp\www\HyAdmin-master\Application\System\Controller\HyStartController.class.php 第 56 行.
SQL: SHOW COLUMNS FROM `homyit_user` [ RunTime:0.5760s ]
NOTIC: [2] Missing argument 1 for Common\Model\HyFrameModel::find(), called in F:\PHP\wamp\www\HyAdmin-master\Application\Common\Model\HyAccountModel.class.php on line 25 and defined F:\PHP\wamp\www\HyAdmin-master\Application\Common\Model\HyFrameModel.class.php 第 271 行.
NOTIC: [8] Undefined variable: options F:\PHP\wamp\www\HyAdmin-master\Application\Common\Model\HyFrameModel.class.php 第 272 行.
NOTIC: [8] Undefined variable: options F:\PHP\wamp\www\HyAdmin-master\Application\Common\Model\HyFrameModel.class.php 第 272 行.
SQL: SELECT `id`,`college_id`,`name`,`roles`,`user_no`,`password`,`sex`,`phone`,`qq`,`email`,`avatar_file`,`status`,`session_id`,`login_last_time`,`login_times` FROM `homyit_user` WHERE `user_no` = '123' AND `status` = 1 LIMIT 1   [ RunTime:0.0020s ]
SQL: UPDATE `homyit_user` SET `login_last_time`='1467453805',`login_times`='224',`session_id`='ptsa8df4rph2lqbn7q3p25nv12' WHERE `id` = 100640 [ RunTime:0.3320s ]
SQL: SHOW COLUMNS FROM `homyit_frame_file` [ RunTime:0.0940s ]
NOTIC: [2] Missing argument 1 for Common\Model\HyFrameModel::find(), called in F:\PHP\wamp\www\HyAdmin-master\HomyitCore\Library\Think\Model.class.php on line 232 and defined F:\PHP\wamp\www\HyAdmin-master\Application\Common\Model\HyFrameModel.class.php 第 271 行.
NOTIC: [8] Undefined variable: options F:\PHP\wamp\www\HyAdmin-master\Application\Common\Model\HyFrameModel.class.php 第 272 行.
NOTIC: [8] Undefined variable: options F:\PHP\wamp\www\HyAdmin-master\Application\Common\Model\HyFrameModel.class.php 第 272 行.
SQL: SELECT * FROM `homyit_frame_file` WHERE `id` = 280 LIMIT 1   [ RunTime:0.0030s ]
SQL: SHOW COLUMNS FROM `homyit_frame_role` [ RunTime:0.0350s ]
SQL: SELECT `id`,`name`,`title`,`table` FROM `homyit_frame_role` WHERE `status` = 1 AND `id` IN ('32','31','22','21')  [ RunTime:0.0020s ]
SQL: SHOW COLUMNS FROM `homyit_user` [ RunTime:0.0050s ]
SQL: SHOW COLUMNS FROM `homyit_college` [ RunTime:0.0740s ]
SQL: SELECT `name` FROM `homyit_college` WHERE `id` = 1 LIMIT 1   [ RunTime:0.0010s ]
SQL: SHOW COLUMNS FROM `homyit_frame_access` [ RunTime:0.0030s ]
SQL: SELECT `action_id`,`model` FROM `homyit_frame_access` WHERE ( `role_id`=32 AND `status`=1 )  [ RunTime:0.0010s ]
SQL: SELECT `pid` FROM `homyit_frame_role` WHERE ( `id`=32 AND `status`=1 ) LIMIT 1   [ RunTime:0.0000s ]
SQL: SELECT `action_id`,`model` FROM `homyit_frame_access` WHERE ( `role_id`=31 AND `status`=1 )  [ RunTime:0.0000s ]
SQL: SELECT `pid` FROM `homyit_frame_role` WHERE ( `id`=31 AND `status`=1 ) LIMIT 1   [ RunTime:0.0010s ]
SQL: SELECT `action_id`,`model` FROM `homyit_frame_access` WHERE ( `role_id`=10 AND `status`=1 )  [ RunTime:0.0050s ]
SQL: SELECT `pid` FROM `homyit_frame_role` WHERE ( `id`=10 AND `status`=1 ) LIMIT 1   [ RunTime:0.0020s ]
SQL: SELECT `id`,`pid`,`type`,`title`,`name`,`options` FROM `homyit_frame_action` WHERE `status`=1 AND `id` IN (100000,110000,110101,110102,110201,110202,110203,210000,210100,210102,210103,210200,210201,210203,210300,210302,210306,210600,210605,210606,220000,220102,220103,230020,220100,220200,220300,220400,120300,110300,120100,120200,110100,120000,110200,220203,220206,220207,220208,220209,220205,220301,220401,220403,230002,230017,230016,230015,230007,230006,230005,230004,230003,230202,230302,110103,110104,110105,110106,110205,110206,110207,110208,110209,110210,110211,110212,110213,110214,130000,130100,130200,130201,130202,210101,210104,210105,210106,210107,210202,210204,210205,210206,210301,210305,210604,220303,220304,220305,220402,220404,220405,220406,230100,230101,230102) ORDER BY `rank` DESC [ RunTime:0.0060s ]
NOTIC: [8] Undefined variable: var F:\PHP\wamp\www\HyAdmin-master\Application\Common\Common\hyframe.php 第 148 行.
NOTIC: [2] array_merge(): Argument #2 is not an array F:\PHP\wamp\www\HyAdmin-master\Application\Common\Common\hyframe.php 第 148 行.
NOTIC: [8] Undefined variable: var F:\PHP\wamp\www\HyAdmin-master\Application\Common\Common\hyframe.php 第 148 行.
NOTIC: [2] array_merge(): Argument #2 is not an array F:\PHP\wamp\www\HyAdmin-master\Application\Common\Common\hyframe.php 第 148 行.
NOTIC: [8] Undefined variable: var F:\PHP\wamp\www\HyAdmin-master\Application\Common\Common\hyframe.php 第 148 行.
NOTIC: [2] array_merge(): Argument #2 is not an array F:\PHP\wamp\www\HyAdmin-master\Application\Common\Common\hyframe.php 第 148 行.
NOTIC: [8] Undefined variable: var F:\PHP\wamp\www\HyAdmin-master\Application\Common\Common\hyframe.php 第 148 行.
NOTIC: [2] array_merge(): Argument #2 is not an array F:\PHP\wamp\www\HyAdmin-master\Application\Common\Common\hyframe.php 第 148 行.
SQL: SELECT `id`,`pid`,`type`,`title`,`name`,`options` FROM `homyit_frame_action` WHERE `status`=1 AND `id` IN (100000,110000,110101,110102,110201,110202,110203,210000,210100,210102,210103,210200,210201,210203,210300,210302,210306,210600,210605,210606,220000,220102,220103,230020,220100,220200,220300,220400,120300,110300,120100,120200,110100,120000,110200,220203,220206,220207,220208,220209,220205,220301,220401,220403,230002,230017,230016,230015,230007,230006,230005,230004,230003,230202,230302,110103,110104,110105,110106,110205,110206,110207,110208,110209,110210,110211,110212,110213,110214,130000,130100,130200,130201,130202,210101,210104,210105,210106,210107,210202,210204,210205,210206,210301,210305,210604,220303,220304,220305,220402,220404,220405,220406,230100,230101,230102) ORDER BY `rank` DESC [ RunTime:0.0010s ]
NOTIC: [8] Undefined variable: var F:\PHP\wamp\www\HyAdmin-master\Application\Common\Common\hyframe.php 第 148 行.
NOTIC: [2] array_merge(): Argument #2 is not an array F:\PHP\wamp\www\HyAdmin-master\Application\Common\Common\hyframe.php 第 148 行.
NOTIC: [8] Undefined variable: var F:\PHP\wamp\www\HyAdmin-master\Application\Common\Common\hyframe.php 第 148 行.
NOTIC: [2] array_merge(): Argument #2 is not an array F:\PHP\wamp\www\HyAdmin-master\Application\Common\Common\hyframe.php 第 148 行.
NOTIC: [8] Undefined variable: var F:\PHP\wamp\www\HyAdmin-master\Application\Common\Common\hyframe.php 第 148 行.
NOTIC: [2] array_merge(): Argument #2 is not an array F:\PHP\wamp\www\HyAdmin-master\Application\Common\Common\hyframe.php 第 148 行.
NOTIC: [8] Undefined variable: var F:\PHP\wamp\www\HyAdmin-master\Application\Common\Common\hyframe.php 第 148 行.
NOTIC: [2] array_merge(): Argument #2 is not an array F:\PHP\wamp\www\HyAdmin-master\Application\Common\Common\hyframe.php 第 148 行.
SQL: SELECT `id`,`pid`,`type`,`title`,`name`,`options` FROM `homyit_frame_action` WHERE `status`=1 AND `id` IN (100000,110000,110101,110102,110201,110202,110203,210000,210100,210102,210103,210200,210201,210203,210300,210302,210306,210600,210605,210606,220000,220102,220103,230020,220100,220200,220300,220400,120300,110300,120100,120200,110100,120000,110200,220203,220206,220207,220208,220209,220205,220301,220401,220403,230002,230017,230016,230015,230007,230006,230005,230004,230003,230202,230302,110103,110104,110105,110106,110205,110206,110207,110208,110209,110210,110211,110212,110213,110214,130000,130100,130200,130201,130202,210101,210104,210105,210106,210107,210202,210204,210205,210206,210301,210305,210604,220303,220304,220305,220402,220404,220405,220406,230100,230101,230102) ORDER BY `rank` DESC [ RunTime:0.0110s ]
NOTIC: [8] Undefined variable: var F:\PHP\wamp\www\HyAdmin-master\Application\Common\Common\hyframe.php 第 148 行.
NOTIC: [2] array_merge(): Argument #2 is not an array F:\PHP\wamp\www\HyAdmin-master\Application\Common\Common\hyframe.php 第 148 行.
NOTIC: [8] Undefined variable: var F:\PHP\wamp\www\HyAdmin-master\Application\Common\Common\hyframe.php 第 148 行.
NOTIC: [2] array_merge(): Argument #2 is not an array F:\PHP\wamp\www\HyAdmin-master\Application\Common\Common\hyframe.php 第 148 行.
NOTIC: [8] Undefined variable: var F:\PHP\wamp\www\HyAdmin-master\Application\Common\Common\hyframe.php 第 148 行.
NOTIC: [2] array_merge(): Argument #2 is not an array F:\PHP\wamp\www\HyAdmin-master\Application\Common\Common\hyframe.php 第 148 行.
NOTIC: [8] Undefined variable: var F:\PHP\wamp\www\HyAdmin-master\Application\Common\Common\hyframe.php 第 148 行.
NOTIC: [2] array_merge(): Argument #2 is not an array F:\PHP\wamp\www\HyAdmin-master\Application\Common\Common\hyframe.php 第 148 行.
SQL: SHOW COLUMNS FROM `homyit_frame_log` [ RunTime:0.0180s ]
SQL: INSERT INTO `homyit_frame_log` (`user_id`,`controller`,`action`,`post`,`description`,`ip`,`create_time`) VALUES ('100640','HyStart','ajax','{\"u\":\"X2tNTGEVvcF6S2GkeDvAOw==6260351\",\"p\":\"PHt\\/xzrPmpRp9EcK160P3RhEUUqEEw6IVHY15F+Zfhl2IWeGKyllW7z5++FMJ5\\/D1185850\"}',' >> 登录验证 >> <span class=\'text-success\'>成功</span>','0.0.0.0','1467453806') [ RunTime:0.0010s ]

[ 2016-07-02T18:03:27+08:00 ] ::1 /HyAdmin-master/index.php/System/Index/index
INFO: [ app_init ] --START--
INFO: Run Behavior\BuildLiteBehavior [ RunTime:0.000000s ]
INFO: [ app_init ] --END-- [ RunTime:0.001000s ]
INFO: [ app_begin ] --START--
INFO: Run Behavior\ReadHtmlCacheBehavior [ RunTime:0.001000s ]
INFO: [ app_begin ] --END-- [ RunTime:0.001000s ]
NOTIC: [8192] mysql_connect(): The mysql extension is deprecated and will be removed in the future: use mysqli or PDO instead F:\PHP\wamp\www\HyAdmin-master\HomyitCore\Library\Think\Session\Driver\Db.class.php 第 95 行.
INFO: [ action_begin ] --START--
INFO: Run Common\Behavior\HyLogBehavior [ RunTime:0.001000s ]
INFO: [ action_begin ] --END-- [ RunTime:0.001000s ]
NOTIC: [2048] Declaration of Common\Model\HyFrameModel::find() should be compatible with Think\Model::find($options = Array) F:\PHP\wamp\www\HyAdmin-master\Application\Common\Model\HyFrameModel.class.php 第 13 行.
NOTIC: [8] Undefined index: model F:\PHP\wamp\www\HyAdmin-master\Application\Common\Controller\HyFrameController.class.php 第 42 行.
SQL: SHOW COLUMNS FROM `homyit_frame_log` [ RunTime:0.0020s ]
SQL: SELECT `create_time` FROM `homyit_frame_log` WHERE `user_id` = 100640 AND `status` = 1 AND `controller` = 'HyStart' AND `action` = 'ajax' AND `description` LIKE '%成功%' ORDER BY id desc LIMIT 2   [ RunTime:0.2040s ]
SQL: SHOW COLUMNS FROM `homyit_frame_notice` [ RunTime:0.0070s ]
NOTIC: [8] Undefined index: associate F:\PHP\wamp\www\HyAdmin-master\Application\Common\Model\HyFrameModel.class.php 第 141 行.
NOTIC: [8] Undefined index: order F:\PHP\wamp\www\HyAdmin-master\Application\Common\Model\HyFrameModel.class.php 第 162 行.
NOTIC: [8] Undefined variable: field F:\PHP\wamp\www\HyAdmin-master\Application\Common\Model\HyFrameModel.class.php 第 181 行.
NOTIC: [8] Undefined index: where F:\PHP\wamp\www\HyAdmin-master\Application\Common\Model\HyFrameModel.class.php 第 189 行.
NOTIC: [8] Undefined index: decrypt F:\PHP\wamp\www\HyAdmin-master\Application\Common\Model\HyFrameModel.class.php 第 241 行.
NOTIC: [8] Undefined index: scope F:\PHP\wamp\www\HyAdmin-master\Application\Common\Model\HyFrameModel.class.php 第 247 行.
NOTIC: [8] Undefined index: count F:\PHP\wamp\www\HyAdmin-master\Application\Common\Model\HyFrameModel.class.php 第 248 行.
NOTIC: [8] Undefined index: find F:\PHP\wamp\www\HyAdmin-master\Application\Common\Model\HyFrameModel.class.php 第 254 行.
SQL: SELECT `id`,`title`,`content`,`creator_id`,`file_id`,`create_time`,`update_time`,`status` FROM `homyit_frame_notice` WHERE `status` = 1 ORDER BY id desc LIMIT 5   [ RunTime:0.0010s ]
INFO: [ before_view ] --START--
SQL: SHOW COLUMNS FROM `homyit_frame_alert` [ RunTime:0.0040s ]
SQL: SELECT `id`,`category`,`icon`,`message`,`url`,`type`,`create_time` FROM `homyit_frame_alert` where `to_users` LIKE '%,100640,%' AND ( IFNULL(`read_users`,'')='' OR `read_users` NOT LIKE '%,100640,%') AND `status`=1 ORDER BY `id` DESC [ RunTime:0.0160s ]
INFO: Run Common\Behavior\HyBeforeViewBehavior [ RunTime:0.024001s ]
INFO: [ before_view ] --END-- [ RunTime:0.024001s ]
INFO: [ view_parse ] --START--
INFO: [ template_filter ] --START--
INFO: Run Behavior\ContentReplaceBehavior [ RunTime:0.000000s ]
INFO: [ template_filter ] --END-- [ RunTime:0.000000s ]
INFO: Run Behavior\ParseTemplateBehavior [ RunTime:0.042002s ]
INFO: [ view_parse ] --END-- [ RunTime:0.042002s ]
INFO: [ view_filter ] --START--
INFO: Run Behavior\WriteHtmlCacheBehavior [ RunTime:0.000000s ]
INFO: [ view_filter ] --END-- [ RunTime:0.000000s ]
INFO: [ action_end ] --START--
INFO: Run Common\Behavior\HyLogBehavior [ RunTime:0.001001s ]
INFO: [ action_end ] --END-- [ RunTime:0.001001s ]
INFO: [ app_end ] --START--
INFO: Run Behavior\ShowPageTraceBehavior [ RunTime:0.000000s ]
INFO: [ app_end ] --END-- [ RunTime:0.000000s ]

[ 2016-07-02T18:03:29+08:00 ] ::1 /HyAdmin-master/index.php/System/HyChat/ajax?q=list
INFO: [ app_init ] --START--
INFO: Run Behavior\BuildLiteBehavior [ RunTime:0.000000s ]
INFO: [ app_init ] --END-- [ RunTime:0.000000s ]
INFO: [ app_begin ] --START--
INFO: Run Behavior\ReadHtmlCacheBehavior [ RunTime:0.001000s ]
INFO: [ app_begin ] --END-- [ RunTime:0.001000s ]
NOTIC: [8192] mysql_connect(): The mysql extension is deprecated and will be removed in the future: use mysqli or PDO instead F:\PHP\wamp\www\HyAdmin-master\HomyitCore\Library\Think\Session\Driver\Db.class.php 第 95 行.
INFO: [ action_begin ] --START--
INFO: Run Common\Behavior\HyLogBehavior [ RunTime:0.001000s ]
INFO: [ action_begin ] --END-- [ RunTime:0.001000s ]
NOTIC: [2048] Declaration of Common\Model\HyFrameModel::find() should be compatible with Think\Model::find($options = Array) F:\PHP\wamp\www\HyAdmin-master\Application\Common\Model\HyFrameModel.class.php 第 13 行.
NOTIC: [8] Undefined index: model F:\PHP\wamp\www\HyAdmin-master\Application\Common\Controller\HyFrameController.class.php 第 42 行.
SQL: SHOW COLUMNS FROM `homyit_frame_chat` [ RunTime:0.0520s ]
NOTIC: [8] Undefined index: pagetitle F:\PHP\wamp\www\HyAdmin-master\Application\Common\Model\HyAllModel.class.php 第 403 行.
INFO: [ hy_log ] --START--
NOTIC: [8] Undefined variable: sql F:\PHP\wamp\www\HyAdmin-master\Application\Common\Behavior\HyLogBehavior.class.php 第 31 行.
INFO: Run Common\Behavior\HyLogBehavior [ RunTime:0.022002s ]
INFO: [ hy_log ] --END-- [ RunTime:0.022002s ]
INFO: [ hy_log ] --START--
NOTIC: [8] Undefined index: style F:\PHP\wamp\www\HyAdmin-master\Application\Common\Behavior\HyLogBehavior.class.php 第 23 行.
NOTIC: [8] Undefined index: sql F:\PHP\wamp\www\HyAdmin-master\Application\Common\Behavior\HyLogBehavior.class.php 第 25 行.
INFO: Run Common\Behavior\HyLogBehavior [ RunTime:0.000000s ]
INFO: [ hy_log ] --END-- [ RunTime:0.000000s ]
NOTIC: [2] Missing argument 1 for System\Model\HyChatModel::lists(), called in F:\PHP\wamp\www\HyAdmin-master\Application\System\Model\HyChatModel.class.php on line 30 and defined F:\PHP\wamp\www\HyAdmin-master\Application\System\Model\HyChatModel.class.php 第 34 行.
NOTIC: [8] Undefined variable: offset F:\PHP\wamp\www\HyAdmin-master\Application\System\Model\HyChatModel.class.php 第 36 行.
NOTIC: [8] Undefined index: field F:\PHP\wamp\www\HyAdmin-master\Application\Common\Model\HyFrameModel.class.php 第 170 行.
NOTIC: [8] Undefined index: _string F:\PHP\wamp\www\HyAdmin-master\Application\Common\Model\HyFrameModel.class.php 第 189 行.
NOTIC: [8] Undefined offset: 5 F:\PHP\wamp\www\HyAdmin-master\Application\Common\Model\HyFrameModel.class.php 第 220 行.
NOTIC: [8] Undefined index: decrypt F:\PHP\wamp\www\HyAdmin-master\Application\Common\Model\HyFrameModel.class.php 第 241 行.
NOTIC: [8] Undefined index: scope F:\PHP\wamp\www\HyAdmin-master\Application\Common\Model\HyFrameModel.class.php 第 247 行.
NOTIC: [8] Undefined index: count F:\PHP\wamp\www\HyAdmin-master\Application\Common\Model\HyFrameModel.class.php 第 248 行.
NOTIC: [8] Undefined index: find F:\PHP\wamp\www\HyAdmin-master\Application\Common\Model\HyFrameModel.class.php 第 254 行.
SQL: SHOW COLUMNS FROM `homyit_frame_chat` [ RunTime:0.0030s ]
SQL: SELECT hy.id,hy.content,hy.create_time,user.id AS `user_id`,user.name AS `user_id_text`,user.avatar_file FROM `homyit_frame_chat` `hy` INNER JOIN `homyit_user` AS `user` ON hy.user_id = user.id AND user.college_id=1  WHERE hy.status = 1 ORDER BY hy.id desc LIMIT 10   [ RunTime:0.0000s ]
SQL: SHOW COLUMNS FROM `homyit_frame_file` [ RunTime:0.0020s ]
NOTIC: [2] Missing argument 1 for Common\Model\HyFrameModel::find(), called in F:\PHP\wamp\www\HyAdmin-master\HomyitCore\Library\Think\Model.class.php on line 232 and defined F:\PHP\wamp\www\HyAdmin-master\Application\Common\Model\HyFrameModel.class.php 第 271 行.
NOTIC: [8] Undefined variable: options F:\PHP\wamp\www\HyAdmin-master\Application\Common\Model\HyFrameModel.class.php 第 272 行.
NOTIC: [8] Undefined variable: options F:\PHP\wamp\www\HyAdmin-master\Application\Common\Model\HyFrameModel.class.php 第 272 行.
SQL: SELECT * FROM `homyit_frame_file` WHERE `id` = 280 LIMIT 1   [ RunTime:0.0000s ]
NOTIC: [2] Missing argument 1 for Common\Model\HyFrameModel::find(), called in F:\PHP\wamp\www\HyAdmin-master\HomyitCore\Library\Think\Model.class.php on line 232 and defined F:\PHP\wamp\www\HyAdmin-master\Application\Common\Model\HyFrameModel.class.php 第 271 行.
NOTIC: [8] Undefined variable: options F:\PHP\wamp\www\HyAdmin-master\Application\Common\Model\HyFrameModel.class.php 第 272 行.
NOTIC: [8] Undefined variable: options F:\PHP\wamp\www\HyAdmin-master\Application\Common\Model\HyFrameModel.class.php 第 272 行.
SQL: SELECT * FROM `homyit_frame_file` WHERE `id` = 280 LIMIT 1   [ RunTime:0.0000s ]
NOTIC: [2] Missing argument 1 for Common\Model\HyFrameModel::find(), called in F:\PHP\wamp\www\HyAdmin-master\HomyitCore\Library\Think\Model.class.php on line 232 and defined F:\PHP\wamp\www\HyAdmin-master\Application\Common\Model\HyFrameModel.class.php 第 271 行.
NOTIC: [8] Undefined variable: options F:\PHP\wamp\www\HyAdmin-master\Application\Common\Model\HyFrameModel.class.php 第 272 行.
NOTIC: [8] Undefined variable: options F:\PHP\wamp\www\HyAdmin-master\Application\Common\Model\HyFrameModel.class.php 第 272 行.
SQL: SELECT * FROM `homyit_frame_file` WHERE `id` = 280 LIMIT 1   [ RunTime:0.0000s ]
NOTIC: [2] Missing argument 1 for Common\Model\HyFrameModel::find(), called in F:\PHP\wamp\www\HyAdmin-master\HomyitCore\Library\Think\Model.class.php on line 232 and defined F:\PHP\wamp\www\HyAdmin-master\Application\Common\Model\HyFrameModel.class.php 第 271 行.
NOTIC: [8] Undefined variable: options F:\PHP\wamp\www\HyAdmin-master\Application\Common\Model\HyFrameModel.class.php 第 272 行.
NOTIC: [8] Undefined variable: options F:\PHP\wamp\www\HyAdmin-master\Application\Common\Model\HyFrameModel.class.php 第 272 行.
SQL: SELECT * FROM `homyit_frame_file` WHERE `id` = 280 LIMIT 1   [ RunTime:0.0000s ]
NOTIC: [2] Missing argument 1 for Common\Model\HyFrameModel::find(), called in F:\PHP\wamp\www\HyAdmin-master\HomyitCore\Library\Think\Model.class.php on line 232 and defined F:\PHP\wamp\www\HyAdmin-master\Application\Common\Model\HyFrameModel.class.php 第 271 行.
NOTIC: [8] Undefined variable: options F:\PHP\wamp\www\HyAdmin-master\Application\Common\Model\HyFrameModel.class.php 第 272 行.
NOTIC: [8] Undefined variable: options F:\PHP\wamp\www\HyAdmin-master\Application\Common\Model\HyFrameModel.class.php 第 272 行.
SQL: SELECT * FROM `homyit_frame_file` WHERE `id` = 280 LIMIT 1   [ RunTime:0.0000s ]
NOTIC: [2] Missing argument 1 for Common\Model\HyFrameModel::find(), called in F:\PHP\wamp\www\HyAdmin-master\HomyitCore\Library\Think\Model.class.php on line 232 and defined F:\PHP\wamp\www\HyAdmin-master\Application\Common\Model\HyFrameModel.class.php 第 271 行.
NOTIC: [8] Undefined variable: options F:\PHP\wamp\www\HyAdmin-master\Application\Common\Model\HyFrameModel.class.php 第 272 行.
NOTIC: [8] Undefined variable: options F:\PHP\wamp\www\HyAdmin-master\Application\Common\Model\HyFrameModel.class.php 第 272 行.
SQL: SELECT * FROM `homyit_frame_file` WHERE `id` = 280 LIMIT 1   [ RunTime:0.0000s ]
NOTIC: [2] Missing argument 1 for Common\Model\HyFrameModel::find(), called in F:\PHP\wamp\www\HyAdmin-master\HomyitCore\Library\Think\Model.class.php on line 232 and defined F:\PHP\wamp\www\HyAdmin-master\Application\Common\Model\HyFrameModel.class.php 第 271 行.
NOTIC: [8] Undefined variable: options F:\PHP\wamp\www\HyAdmin-master\Application\Common\Model\HyFrameModel.class.php 第 272 行.
NOTIC: [8] Undefined variable: options F:\PHP\wamp\www\HyAdmin-master\Application\Common\Model\HyFrameModel.class.php 第 272 行.
SQL: SELECT * FROM `homyit_frame_file` WHERE `id` = 280 LIMIT 1   [ RunTime:0.0000s ]
INFO: [ hy_log ] --START--
INFO: Run Common\Behavior\HyLogBehavior [ RunTime:0.000000s ]
INFO: [ hy_log ] --END-- [ RunTime:-0.015001s ]

[ 2016-07-02T18:03:30+08:00 ] ::1 /HyAdmin-master/index.php/System/Index/favicon.ico
INFO: [ app_init ] --START--
INFO: Run Behavior\BuildLiteBehavior [ RunTime:0.000000s ]
INFO: [ app_init ] --END-- [ RunTime:0.000000s ]

[ 2016-07-02T18:03:41+08:00 ] ::1 /HyAdmin-master/index.php/System/HyChat/ajax?q=refresh
INFO: [ app_init ] --START--
INFO: Run Behavior\BuildLiteBehavior [ RunTime:0.000000s ]
INFO: [ app_init ] --END-- [ RunTime:0.001000s ]
INFO: [ app_begin ] --START--
INFO: Run Behavior\ReadHtmlCacheBehavior [ RunTime:0.000000s ]
INFO: [ app_begin ] --END-- [ RunTime:0.000000s ]
NOTIC: [8192] mysql_connect(): The mysql extension is deprecated and will be removed in the future: use mysqli or PDO instead F:\PHP\wamp\www\HyAdmin-master\HomyitCore\Library\Think\Session\Driver\Db.class.php 第 95 行.
INFO: [ action_begin ] --START--
INFO: Run Common\Behavior\HyLogBehavior [ RunTime:0.002000s ]
INFO: [ action_begin ] --END-- [ RunTime:0.002000s ]
NOTIC: [2048] Declaration of Common\Model\HyFrameModel::find() should be compatible with Think\Model::find($options = Array) F:\PHP\wamp\www\HyAdmin-master\Application\Common\Model\HyFrameModel.class.php 第 13 行.
NOTIC: [8] Undefined index: model F:\PHP\wamp\www\HyAdmin-master\Application\Common\Controller\HyFrameController.class.php 第 42 行.
SQL: SHOW COLUMNS FROM `homyit_frame_chat` [ RunTime:0.2980s ]
NOTIC: [8] Undefined index: pagetitle F:\PHP\wamp\www\HyAdmin-master\Application\Common\Model\HyAllModel.class.php 第 403 行.
INFO: [ hy_log ] --START--
NOTIC: [8] Undefined variable: sql F:\PHP\wamp\www\HyAdmin-master\Application\Common\Behavior\HyLogBehavior.class.php 第 31 行.
INFO: Run Common\Behavior\HyLogBehavior [ RunTime:0.000000s ]
INFO: [ hy_log ] --END-- [ RunTime:0.000000s ]
INFO: [ hy_log ] --START--
NOTIC: [8] Undefined index: style F:\PHP\wamp\www\HyAdmin-master\Application\Common\Behavior\HyLogBehavior.class.php 第 23 行.
NOTIC: [8] Undefined index: sql F:\PHP\wamp\www\HyAdmin-master\Application\Common\Behavior\HyLogBehavior.class.php 第 25 行.
INFO: Run Common\Behavior\HyLogBehavior [ RunTime:0.000000s ]
INFO: [ hy_log ] --END-- [ RunTime:0.000000s ]
NOTIC: [8] Undefined variable: limit F:\PHP\wamp\www\HyAdmin-master\Application\System\Model\HyChatModel.class.php 第 38 行.
NOTIC: [8] Undefined index: field F:\PHP\wamp\www\HyAdmin-master\Application\Common\Model\HyFrameModel.class.php 第 170 行.
NOTIC: [8] Undefined index: _string F:\PHP\wamp\www\HyAdmin-master\Application\Common\Model\HyFrameModel.class.php 第 189 行.
NOTIC: [8] Undefined offset: 5 F:\PHP\wamp\www\HyAdmin-master\Application\Common\Model\HyFrameModel.class.php 第 220 行.
NOTIC: [8] Undefined index: decrypt F:\PHP\wamp\www\HyAdmin-master\Application\Common\Model\HyFrameModel.class.php 第 241 行.
NOTIC: [8] Undefined index: scope F:\PHP\wamp\www\HyAdmin-master\Application\Common\Model\HyFrameModel.class.php 第 247 行.
NOTIC: [8] Undefined index: count F:\PHP\wamp\www\HyAdmin-master\Application\Common\Model\HyFrameModel.class.php 第 248 行.
NOTIC: [8] Undefined index: find F:\PHP\wamp\www\HyAdmin-master\Application\Common\Model\HyFrameModel.class.php 第 254 行.
SQL: SHOW COLUMNS FROM `homyit_frame_chat` [ RunTime:0.0030s ]
SQL: SELECT hy.id,hy.content,hy.create_time,user.id AS `user_id`,user.name AS `user_id_text`,user.avatar_file FROM `homyit_frame_chat` `hy` INNER JOIN `homyit_user` AS `user` ON hy.user_id = user.id AND user.college_id=1  WHERE hy.id > '165' ORDER BY hy.id desc LIMIT 10   [ RunTime:0.0010s ]
INFO: [ hy_log ] --START--
INFO: Run Common\Behavior\HyLogBehavior [ RunTime:0.000000s ]
INFO: [ hy_log ] --END-- [ RunTime:-0.006000s ]

[ 2016-07-02T18:03:48+08:00 ] ::1 /HyAdmin-master/index.php/System/HyChat/ajax?q=refresh
INFO: [ app_init ] --START--
INFO: Run Behavior\BuildLiteBehavior [ RunTime:0.000000s ]
INFO: [ app_init ] --END-- [ RunTime:0.001000s ]
INFO: [ app_begin ] --START--
INFO: Run Behavior\ReadHtmlCacheBehavior [ RunTime:0.001001s ]
INFO: [ app_begin ] --END-- [ RunTime:0.001001s ]
NOTIC: [8192] mysql_connect(): The mysql extension is deprecated and will be removed in the future: use mysqli or PDO instead F:\PHP\wamp\www\HyAdmin-master\HomyitCore\Library\Think\Session\Driver\Db.class.php 第 95 行.
INFO: [ action_begin ] --START--
INFO: Run Common\Behavior\HyLogBehavior [ RunTime:0.001000s ]
INFO: [ action_begin ] --END-- [ RunTime:0.001000s ]
NOTIC: [2048] Declaration of Common\Model\HyFrameModel::find() should be compatible with Think\Model::find($options = Array) F:\PHP\wamp\www\HyAdmin-master\Application\Common\Model\HyFrameModel.class.php 第 13 行.
NOTIC: [8] Undefined index: model F:\PHP\wamp\www\HyAdmin-master\Application\Common\Controller\HyFrameController.class.php 第 42 行.
SQL: SHOW COLUMNS FROM `homyit_frame_chat` [ RunTime:0.0030s ]
NOTIC: [8] Undefined index: pagetitle F:\PHP\wamp\www\HyAdmin-master\Application\Common\Model\HyAllModel.class.php 第 403 行.
INFO: [ hy_log ] --START--
NOTIC: [8] Undefined variable: sql F:\PHP\wamp\www\HyAdmin-master\Application\Common\Behavior\HyLogBehavior.class.php 第 31 行.
INFO: Run Common\Behavior\HyLogBehavior [ RunTime:0.000000s ]
INFO: [ hy_log ] --END-- [ RunTime:0.000000s ]
INFO: [ hy_log ] --START--
NOTIC: [8] Undefined index: style F:\PHP\wamp\www\HyAdmin-master\Application\Common\Behavior\HyLogBehavior.class.php 第 23 行.
NOTIC: [8] Undefined index: sql F:\PHP\wamp\www\HyAdmin-master\Application\Common\Behavior\HyLogBehavior.class.php 第 25 行.
INFO: Run Common\Behavior\HyLogBehavior [ RunTime:0.000000s ]
INFO: [ hy_log ] --END-- [ RunTime:0.000000s ]
NOTIC: [8] Undefined variable: limit F:\PHP\wamp\www\HyAdmin-master\Application\System\Model\HyChatModel.class.php 第 38 行.
NOTIC: [8] Undefined index: field F:\PHP\wamp\www\HyAdmin-master\Application\Common\Model\HyFrameModel.class.php 第 170 行.
NOTIC: [8] Undefined index: _string F:\PHP\wamp\www\HyAdmin-master\Application\Common\Model\HyFrameModel.class.php 第 189 行.
NOTIC: [8] Undefined offset: 5 F:\PHP\wamp\www\HyAdmin-master\Application\Common\Model\HyFrameModel.class.php 第 220 行.
NOTIC: [8] Undefined index: decrypt F:\PHP\wamp\www\HyAdmin-master\Application\Common\Model\HyFrameModel.class.php 第 241 行.
NOTIC: [8] Undefined index: scope F:\PHP\wamp\www\HyAdmin-master\Application\Common\Model\HyFrameModel.class.php 第 247 行.
NOTIC: [8] Undefined index: count F:\PHP\wamp\www\HyAdmin-master\Application\Common\Model\HyFrameModel.class.php 第 248 行.
NOTIC: [8] Undefined index: find F:\PHP\wamp\www\HyAdmin-master\Application\Common\Model\HyFrameModel.class.php 第 254 行.
SQL: SHOW COLUMNS FROM `homyit_frame_chat` [ RunTime:0.0050s ]
SQL: SELECT hy.id,hy.content,hy.create_time,user.id AS `user_id`,user.name AS `user_id_text`,user.avatar_file FROM `homyit_frame_chat` `hy` INNER JOIN `homyit_user` AS `user` ON hy.user_id = user.id AND user.college_id=1  WHERE hy.id > '165' ORDER BY hy.id desc LIMIT 10   [ RunTime:0.0010s ]
INFO: [ hy_log ] --START--
INFO: Run Common\Behavior\HyLogBehavior [ RunTime:0.000000s ]
INFO: [ hy_log ] --END-- [ RunTime:-0.009000s ]

[ 2016-07-02T18:04:15+08:00 ] ::1 /HyAdmin-master/index.php/System/HyChat/ajax?q=list
INFO: [ app_init ] --START--
INFO: Run Behavior\BuildLiteBehavior [ RunTime:0.001000s ]
INFO: [ app_init ] --END-- [ RunTime:0.001000s ]
INFO: [ app_begin ] --START--
INFO: Run Behavior\ReadHtmlCacheBehavior [ RunTime:0.001000s ]
INFO: [ app_begin ] --END-- [ RunTime:0.001000s ]
NOTIC: [8192] mysql_connect(): The mysql extension is deprecated and will be removed in the future: use mysqli or PDO instead F:\PHP\wamp\www\HyAdmin-master\HomyitCore\Library\Think\Session\Driver\Db.class.php 第 95 行.
INFO: [ action_begin ] --START--
INFO: Run Common\Behavior\HyLogBehavior [ RunTime:0.001000s ]
INFO: [ action_begin ] --END-- [ RunTime:0.001000s ]
NOTIC: [2048] Declaration of Common\Model\HyFrameModel::find() should be compatible with Think\Model::find($options = Array) F:\PHP\wamp\www\HyAdmin-master\Application\Common\Model\HyFrameModel.class.php 第 13 行.
NOTIC: [8] Undefined index: model F:\PHP\wamp\www\HyAdmin-master\Application\Common\Controller\HyFrameController.class.php 第 42 行.
SQL: SHOW COLUMNS FROM `homyit_frame_chat` [ RunTime:0.0020s ]
NOTIC: [8] Undefined index: pagetitle F:\PHP\wamp\www\HyAdmin-master\Application\Common\Model\HyAllModel.class.php 第 403 行.
INFO: [ hy_log ] --START--
NOTIC: [8] Undefined variable: sql F:\PHP\wamp\www\HyAdmin-master\Application\Common\Behavior\HyLogBehavior.class.php 第 31 行.
INFO: Run Common\Behavior\HyLogBehavior [ RunTime:0.000000s ]
INFO: [ hy_log ] --END-- [ RunTime:0.000000s ]
INFO: [ hy_log ] --START--
NOTIC: [8] Undefined index: style F:\PHP\wamp\www\HyAdmin-master\Application\Common\Behavior\HyLogBehavior.class.php 第 23 行.
NOTIC: [8] Undefined index: sql F:\PHP\wamp\www\HyAdmin-master\Application\Common\Behavior\HyLogBehavior.class.php 第 25 行.
INFO: Run Common\Behavior\HyLogBehavior [ RunTime:0.000000s ]
INFO: [ hy_log ] --END-- [ RunTime:-0.001000s ]
NOTIC: [2] Missing argument 1 for System\Model\HyChatModel::lists(), called in F:\PHP\wamp\www\HyAdmin-master\Application\System\Model\HyChatModel.class.php on line 30 and defined F:\PHP\wamp\www\HyAdmin-master\Application\System\Model\HyChatModel.class.php 第 34 行.
NOTIC: [8] Undefined variable: offset F:\PHP\wamp\www\HyAdmin-master\Application\System\Model\HyChatModel.class.php 第 36 行.
NOTIC: [8] Undefined index: field F:\PHP\wamp\www\HyAdmin-master\Application\Common\Model\HyFrameModel.class.php 第 170 行.
NOTIC: [8] Undefined index: _string F:\PHP\wamp\www\HyAdmin-master\Application\Common\Model\HyFrameModel.class.php 第 189 行.
NOTIC: [8] Undefined offset: 5 F:\PHP\wamp\www\HyAdmin-master\Application\Common\Model\HyFrameModel.class.php 第 220 行.
NOTIC: [8] Undefined index: decrypt F:\PHP\wamp\www\HyAdmin-master\Application\Common\Model\HyFrameModel.class.php 第 241 行.
NOTIC: [8] Undefined index: scope F:\PHP\wamp\www\HyAdmin-master\Application\Common\Model\HyFrameModel.class.php 第 247 行.
NOTIC: [8] Undefined index: count F:\PHP\wamp\www\HyAdmin-master\Application\Common\Model\HyFrameModel.class.php 第 248 行.
NOTIC: [8] Undefined index: find F:\PHP\wamp\www\HyAdmin-master\Application\Common\Model\HyFrameModel.class.php 第 254 行.
SQL: SHOW COLUMNS FROM `homyit_frame_chat` [ RunTime:0.0020s ]
SQL: SELECT hy.id,hy.content,hy.create_time,user.id AS `user_id`,user.name AS `user_id_text`,user.avatar_file FROM `homyit_frame_chat` `hy` INNER JOIN `homyit_user` AS `user` ON hy.user_id = user.id AND user.college_id=1  WHERE hy.status = 1 ORDER BY hy.id desc LIMIT 10   [ RunTime:0.0000s ]
SQL: SHOW COLUMNS FROM `homyit_frame_file` [ RunTime:0.0030s ]
NOTIC: [2] Missing argument 1 for Common\Model\HyFrameModel::find(), called in F:\PHP\wamp\www\HyAdmin-master\HomyitCore\Library\Think\Model.class.php on line 232 and defined F:\PHP\wamp\www\HyAdmin-master\Application\Common\Model\HyFrameModel.class.php 第 271 行.
NOTIC: [8] Undefined variable: options F:\PHP\wamp\www\HyAdmin-master\Application\Common\Model\HyFrameModel.class.php 第 272 行.
NOTIC: [8] Undefined variable: options F:\PHP\wamp\www\HyAdmin-master\Application\Common\Model\HyFrameModel.class.php 第 272 行.
SQL: SELECT * FROM `homyit_frame_file` WHERE `id` = 280 LIMIT 1   [ RunTime:0.0010s ]
NOTIC: [2] Missing argument 1 for Common\Model\HyFrameModel::find(), called in F:\PHP\wamp\www\HyAdmin-master\HomyitCore\Library\Think\Model.class.php on line 232 and defined F:\PHP\wamp\www\HyAdmin-master\Application\Common\Model\HyFrameModel.class.php 第 271 行.
NOTIC: [8] Undefined variable: options F:\PHP\wamp\www\HyAdmin-master\Application\Common\Model\HyFrameModel.class.php 第 272 行.
NOTIC: [8] Undefined variable: options F:\PHP\wamp\www\HyAdmin-master\Application\Common\Model\HyFrameModel.class.php 第 272 行.
SQL: SELECT * FROM `homyit_frame_file` WHERE `id` = 280 LIMIT 1   [ RunTime:0.0010s ]
NOTIC: [2] Missing argument 1 for Common\Model\HyFrameModel::find(), called in F:\PHP\wamp\www\HyAdmin-master\HomyitCore\Library\Think\Model.class.php on line 232 and defined F:\PHP\wamp\www\HyAdmin-master\Application\Common\Model\HyFrameModel.class.php 第 271 行.
NOTIC: [8] Undefined variable: options F:\PHP\wamp\www\HyAdmin-master\Application\Common\Model\HyFrameModel.class.php 第 272 行.
NOTIC: [8] Undefined variable: options F:\PHP\wamp\www\HyAdmin-master\Application\Common\Model\HyFrameModel.class.php 第 272 行.
SQL: SELECT * FROM `homyit_frame_file` WHERE `id` = 280 LIMIT 1   [ RunTime:0.0010s ]
NOTIC: [2] Missing argument 1 for Common\Model\HyFrameModel::find(), called in F:\PHP\wamp\www\HyAdmin-master\HomyitCore\Library\Think\Model.class.php on line 232 and defined F:\PHP\wamp\www\HyAdmin-master\Application\Common\Model\HyFrameModel.class.php 第 271 行.
NOTIC: [8] Undefined variable: options F:\PHP\wamp\www\HyAdmin-master\Application\Common\Model\HyFrameModel.class.php 第 272 行.
NOTIC: [8] Undefined variable: options F:\PHP\wamp\www\HyAdmin-master\Application\Common\Model\HyFrameModel.class.php 第 272 行.
SQL: SELECT * FROM `homyit_frame_file` WHERE `id` = 280 LIMIT 1   [ RunTime:0.0000s ]
NOTIC: [2] Missing argument 1 for Common\Model\HyFrameModel::find(), called in F:\PHP\wamp\www\HyAdmin-master\HomyitCore\Library\Think\Model.class.php on line 232 and defined F:\PHP\wamp\www\HyAdmin-master\Application\Common\Model\HyFrameModel.class.php 第 271 行.
NOTIC: [8] Undefined variable: options F:\PHP\wamp\www\HyAdmin-master\Application\Common\Model\HyFrameModel.class.php 第 272 行.
NOTIC: [8] Undefined variable: options F:\PHP\wamp\www\HyAdmin-master\Application\Common\Model\HyFrameModel.class.php 第 272 行.
SQL: SELECT * FROM `homyit_frame_file` WHERE `id` = 280 LIMIT 1   [ RunTime:0.0000s ]
NOTIC: [2] Missing argument 1 for Common\Model\HyFrameModel::find(), called in F:\PHP\wamp\www\HyAdmin-master\HomyitCore\Library\Think\Model.class.php on line 232 and defined F:\PHP\wamp\www\HyAdmin-master\Application\Common\Model\HyFrameModel.class.php 第 271 行.
NOTIC: [8] Undefined variable: options F:\PHP\wamp\www\HyAdmin-master\Application\Common\Model\HyFrameModel.class.php 第 272 行.
NOTIC: [8] Undefined variable: options F:\PHP\wamp\www\HyAdmin-master\Application\Common\Model\HyFrameModel.class.php 第 272 行.
SQL: SELECT * FROM `homyit_frame_file` WHERE `id` = 280 LIMIT 1   [ RunTime:0.0000s ]
NOTIC: [2] Missing argument 1 for Common\Model\HyFrameModel::find(), called in F:\PHP\wamp\www\HyAdmin-master\HomyitCore\Library\Think\Model.class.php on line 232 and defined F:\PHP\wamp\www\HyAdmin-master\Application\Common\Model\HyFrameModel.class.php 第 271 行.
NOTIC: [8] Undefined variable: options F:\PHP\wamp\www\HyAdmin-master\Application\Common\Model\HyFrameModel.class.php 第 272 行.
NOTIC: [8] Undefined variable: options F:\PHP\wamp\www\HyAdmin-master\Application\Common\Model\HyFrameModel.class.php 第 272 行.
SQL: SELECT * FROM `homyit_frame_file` WHERE `id` = 280 LIMIT 1   [ RunTime:0.0000s ]
INFO: [ hy_log ] --START--
INFO: Run Common\Behavior\HyLogBehavior [ RunTime:0.000000s ]
INFO: [ hy_log ] --END-- [ RunTime:-0.021002s ]

[ 2016-07-02T18:04:19+08:00 ] ::1 /HyAdmin-master/index.php/System/HyNotice/all.html
INFO: [ app_init ] --START--
INFO: Run Behavior\BuildLiteBehavior [ RunTime:0.000000s ]
INFO: [ app_init ] --END-- [ RunTime:0.000000s ]
INFO: [ app_begin ] --START--
INFO: Run Behavior\ReadHtmlCacheBehavior [ RunTime:0.001000s ]
INFO: [ app_begin ] --END-- [ RunTime:0.001000s ]
NOTIC: [8192] mysql_connect(): The mysql extension is deprecated and will be removed in the future: use mysqli or PDO instead F:\PHP\wamp\www\HyAdmin-master\HomyitCore\Library\Think\Session\Driver\Db.class.php 第 95 行.
INFO: [ action_begin ] --START--
INFO: Run Common\Behavior\HyLogBehavior [ RunTime:0.001000s ]
INFO: [ action_begin ] --END-- [ RunTime:0.001000s ]
NOTIC: [2048] Declaration of Common\Model\HyFrameModel::find() should be compatible with Think\Model::find($options = Array) F:\PHP\wamp\www\HyAdmin-master\Application\Common\Model\HyFrameModel.class.php 第 13 行.
NOTIC: [8] Undefined index: model F:\PHP\wamp\www\HyAdmin-master\Application\Common\Controller\HyFrameController.class.php 第 42 行.
SQL: SHOW COLUMNS FROM `homyit_frame_notice` [ RunTime:0.0030s ]
NOTIC: [8] Undefined index: pagetitle F:\PHP\wamp\www\HyAdmin-master\Application\Common\Model\HyAllModel.class.php 第 403 行.
INFO: [ hy_log ] --START--
NOTIC: [8] Undefined variable: sql F:\PHP\wamp\www\HyAdmin-master\Application\Common\Behavior\HyLogBehavior.class.php 第 31 行.
INFO: Run Common\Behavior\HyLogBehavior [ RunTime:0.000000s ]
INFO: [ hy_log ] --END-- [ RunTime:0.000000s ]
INFO: [ hy_log ] --START--
NOTIC: [8] Undefined index: style F:\PHP\wamp\www\HyAdmin-master\Application\Common\Behavior\HyLogBehavior.class.php 第 23 行.
NOTIC: [8] Undefined index: sql F:\PHP\wamp\www\HyAdmin-master\Application\Common\Behavior\HyLogBehavior.class.php 第 25 行.
INFO: Run Common\Behavior\HyLogBehavior [ RunTime:0.001001s ]
INFO: [ hy_log ] --END-- [ RunTime:0.000000s ]
NOTIC: [8] Undefined index: pagetitle F:\PHP\wamp\www\HyAdmin-master\Application\Common\Model\HyAllModel.class.php 第 403 行.
NOTIC: [8] Undefined index: all F:\PHP\wamp\www\HyAdmin-master\Application\Common\Model\HyAllModel.class.php 第 911 行.
NOTIC: [8] Undefined index: tips F:\PHP\wamp\www\HyAdmin-master\Application\Common\Model\HyAllModel.class.php 第 444 行.
NOTIC: [8] Undefined index: type F:\PHP\wamp\www\HyAdmin-master\Application\Common\Model\HyAllModel.class.php 第 423 行.
NOTIC: [8] Undefined index: search F:\PHP\wamp\www\HyAdmin-master\Application\Common\Model\HyAllModel.class.php 第 423 行.
NOTIC: [8] Undefined index: search F:\PHP\wamp\www\HyAdmin-master\Application\Common\Model\HyAllModel.class.php 第 423 行.
NOTIC: [8] Undefined index: type F:\PHP\wamp\www\HyAdmin-master\Application\Common\Model\HyAllModel.class.php 第 425 行.
NOTIC: [8] Undefined index: search F:\PHP\wamp\www\HyAdmin-master\Application\Common\Model\HyAllModel.class.php 第 423 行.
NOTIC: [8] Undefined index: type F:\PHP\wamp\www\HyAdmin-master\Application\Common\Model\HyAllModel.class.php 第 425 行.
NOTIC: [8] Undefined index: title F:\PHP\wamp\www\HyAdmin-master\Application\Common\Model\HyAllModel.class.php 第 420 行.
NOTIC: [8] Undefined index: list F:\PHP\wamp\www\HyAdmin-master\Application\Common\Model\HyAllModel.class.php 第 420 行.
NOTIC: [8] Undefined index: title F:\PHP\wamp\www\HyAdmin-master\Application\Common\Model\HyAllModel.class.php 第 421 行.
NOTIC: [8] Undefined index: title F:\PHP\wamp\www\HyAdmin-master\Application\Common\Model\HyAllModel.class.php 第 421 行.
NOTIC: [8] Undefined index: search F:\PHP\wamp\www\HyAdmin-master\Application\Common\Model\HyAllModel.class.php 第 423 行.
NOTIC: [8] Undefined index: form F:\PHP\wamp\www\HyAdmin-master\Application\Common\Model\HyAllModel.class.php 第 425 行.
INFO: [ before_view ] --START--
SQL: SHOW COLUMNS FROM `homyit_frame_alert` [ RunTime:0.0030s ]
SQL: SELECT `id`,`category`,`icon`,`message`,`url`,`type`,`create_time` FROM `homyit_frame_alert` where `to_users` LIKE '%,100640,%' AND ( IFNULL(`read_users`,'')='' OR `read_users` NOT LIKE '%,100640,%') AND `status`=1 ORDER BY `id` DESC [ RunTime:0.0000s ]
INFO: Run Common\Behavior\HyBeforeViewBehavior [ RunTime:0.007000s ]
INFO: [ before_view ] --END-- [ RunTime:0.007000s ]
INFO: [ view_parse ] --START--
INFO: [ template_filter ] --START--
INFO: Run Behavior\ContentReplaceBehavior [ RunTime:0.000000s ]
INFO: [ template_filter ] --END-- [ RunTime:0.000000s ]
NOTIC: [8] Undefined variable: _middle F:\PHP\wamp\www\HyAdmin-master\Runtime\Cache\System\9c07dc003a2105c82c74ba68c02f614c.php 第 225 行.
NOTIC: [8] Undefined variable: _bottom F:\PHP\wamp\www\HyAdmin-master\Runtime\Cache\System\9c07dc003a2105c82c74ba68c02f614c.php 第 244 行.
NOTIC: [8] Undefined variable: _script F:\PHP\wamp\www\HyAdmin-master\Runtime\Cache\System\9c07dc003a2105c82c74ba68c02f614c.php 第 316 行.
NOTIC: [8] Undefined variable: hyMenu F:\PHP\wamp\www\HyAdmin-master\Runtime\Cache\System\9c07dc003a2105c82c74ba68c02f614c.php 第 332 行.
INFO: Run Behavior\ParseTemplateBehavior [ RunTime:0.053003s ]
INFO: [ view_parse ] --END-- [ RunTime:0.054003s ]
INFO: [ view_filter ] --START--
INFO: Run Behavior\WriteHtmlCacheBehavior [ RunTime:0.000000s ]
INFO: [ view_filter ] --END-- [ RunTime:0.000000s ]
INFO: [ app_end ] --START--
INFO: Run Behavior\ShowPageTraceBehavior [ RunTime:0.001000s ]
INFO: [ app_end ] --END-- [ RunTime:0.001000s ]

[ 2016-07-02T18:04:20+08:00 ] ::1 /HyAdmin-master/index.php/System/HyNotice/ajax?q=list
INFO: [ app_init ] --START--
INFO: Run Behavior\BuildLiteBehavior [ RunTime:0.000000s ]
INFO: [ app_init ] --END-- [ RunTime:0.001000s ]
INFO: [ app_begin ] --START--
INFO: Run Behavior\ReadHtmlCacheBehavior [ RunTime:0.000000s ]
INFO: [ app_begin ] --END-- [ RunTime:0.000000s ]
NOTIC: [8192] mysql_connect(): The mysql extension is deprecated and will be removed in the future: use mysqli or PDO instead F:\PHP\wamp\www\HyAdmin-master\HomyitCore\Library\Think\Session\Driver\Db.class.php 第 95 行.
INFO: [ action_begin ] --START--
INFO: Run Common\Behavior\HyLogBehavior [ RunTime:0.001000s ]
INFO: [ action_begin ] --END-- [ RunTime:0.001000s ]
NOTIC: [2048] Declaration of Common\Model\HyFrameModel::find() should be compatible with Think\Model::find($options = Array) F:\PHP\wamp\www\HyAdmin-master\Application\Common\Model\HyFrameModel.class.php 第 13 行.
NOTIC: [8] Undefined index: model F:\PHP\wamp\www\HyAdmin-master\Application\Common\Controller\HyFrameController.class.php 第 42 行.
SQL: SHOW COLUMNS FROM `homyit_frame_notice` [ RunTime:0.0030s ]
NOTIC: [8] Undefined index: pagetitle F:\PHP\wamp\www\HyAdmin-master\Application\Common\Model\HyAllModel.class.php 第 403 行.
INFO: [ hy_log ] --START--
NOTIC: [8] Undefined variable: sql F:\PHP\wamp\www\HyAdmin-master\Application\Common\Behavior\HyLogBehavior.class.php 第 31 行.
INFO: Run Common\Behavior\HyLogBehavior [ RunTime:0.000000s ]
INFO: [ hy_log ] --END-- [ RunTime:0.000000s ]
INFO: [ hy_log ] --START--
NOTIC: [8] Undefined index: style F:\PHP\wamp\www\HyAdmin-master\Application\Common\Behavior\HyLogBehavior.class.php 第 23 行.
NOTIC: [8] Undefined index: sql F:\PHP\wamp\www\HyAdmin-master\Application\Common\Behavior\HyLogBehavior.class.php 第 25 行.
INFO: Run Common\Behavior\HyLogBehavior [ RunTime:0.000000s ]
INFO: [ hy_log ] --END-- [ RunTime:0.000000s ]
NOTIC: [8] Undefined index: associate F:\PHP\wamp\www\HyAdmin-master\Application\Common\Model\HyFrameModel.class.php 第 141 行.
NOTIC: [8] Undefined index: associate F:\PHP\wamp\www\HyAdmin-master\Application\Common\Model\HyFrameModel.class.php 第 141 行.
NOTIC: [8] Undefined index: limit F:\PHP\wamp\www\HyAdmin-master\Application\Common\Model\HyFrameModel.class.php 第 160 行.
NOTIC: [8] Undefined index: order F:\PHP\wamp\www\HyAdmin-master\Application\Common\Model\HyFrameModel.class.php 第 162 行.
NOTIC: [8] Undefined variable: field F:\PHP\wamp\www\HyAdmin-master\Application\Common\Model\HyFrameModel.class.php 第 181 行.
NOTIC: [8] Undefined index: where F:\PHP\wamp\www\HyAdmin-master\Application\Common\Model\HyFrameModel.class.php 第 189 行.
NOTIC: [8] Undefined index: decrypt F:\PHP\wamp\www\HyAdmin-master\Application\Common\Model\HyFrameModel.class.php 第 241 行.
SQL: SELECT 1 FROM `homyit_frame_notice` WHERE `status` = 1  [ RunTime:0.0010s ]
INFO: [ hy_log ] --START--
NOTIC: [8] Undefined index: style F:\PHP\wamp\www\HyAdmin-master\Application\Common\Behavior\HyLogBehavior.class.php 第 23 行.
NOTIC: [8] Undefined index: sql F:\PHP\wamp\www\HyAdmin-master\Application\Common\Behavior\HyLogBehavior.class.php 第 25 行.
INFO: Run Common\Behavior\HyLogBehavior [ RunTime:0.000000s ]
INFO: [ hy_log ] --END-- [ RunTime:-0.002000s ]
NOTIC: [8] Undefined index: hy F:\PHP\wamp\www\HyAdmin-master\Application\Common\Model\HyFrameModel.class.php 第 140 行.
NOTIC: [8] Undefined index: associate F:\PHP\wamp\www\HyAdmin-master\Application\Common\Model\HyFrameModel.class.php 第 141 行.
SQL: SELECT `id`,`title`,`content`,`creator_id`,`file_id`,`create_time`,`update_time`,`status` FROM `homyit_frame_notice` WHERE `status` = 1 ORDER BY id desc LIMIT 10   [ RunTime:0.0000s ]
NOTIC: [8] Undefined index: hidden F:\PHP\wamp\www\HyAdmin-master\Application\Common\Model\HyAllModel.class.php 第 587 行.
NOTIC: [8] Undefined index: hidden F:\PHP\wamp\www\HyAdmin-master\Application\Common\Model\HyAllModel.class.php 第 587 行.
NOTIC: [8] Undefined index: hidden F:\PHP\wamp\www\HyAdmin-master\Application\Common\Model\HyAllModel.class.php 第 587 行.
NOTIC: [8] Undefined index: hidden F:\PHP\wamp\www\HyAdmin-master\Application\Common\Model\HyAllModel.class.php 第 587 行.
NOTIC: [8] Undefined index: title F:\PHP\wamp\www\HyAdmin-master\Application\Common\Model\HyAllModel.class.php 第 587 行.
NOTIC: [8] Undefined index: {callback} F:\PHP\wamp\www\HyAdmin-master\Application\Common\Model\HyAllModel.class.php 第 796 行.
NOTIC: [8] Undefined index: callback F:\PHP\wamp\www\HyAdmin-master\Application\Common\Model\HyAllModel.class.php 第 597 行.
NOTIC: [8] Undefined index: {callback} F:\PHP\wamp\www\HyAdmin-master\Application\Common\Model\HyAllModel.class.php 第 796 行.
NOTIC: [8] Undefined index: {callback} F:\PHP\wamp\www\HyAdmin-master\Application\Common\Model\HyAllModel.class.php 第 796 行.
NOTIC: [8] Undefined index: {callback} F:\PHP\wamp\www\HyAdmin-master\Application\Common\Model\HyAllModel.class.php 第 796 行.
NOTIC: [8] Undefined index: list F:\PHP\wamp\www\HyAdmin-master\Application\Common\Model\HyAllModel.class.php 第 597 行.
NOTIC: [8] Undefined index: {callback} F:\PHP\wamp\www\HyAdmin-master\Application\Common\Model\HyAllModel.class.php 第 796 行.
NOTIC: [8] Undefined index: callback F:\PHP\wamp\www\HyAdmin-master\Application\Common\Model\HyAllModel.class.php 第 597 行.
NOTIC: [8] Undefined index: {callback} F:\PHP\wamp\www\HyAdmin-master\Application\Common\Model\HyAllModel.class.php 第 796 行.
NOTIC: [8] Undefined index: {callback} F:\PHP\wamp\www\HyAdmin-master\Application\Common\Model\HyAllModel.class.php 第 796 行.
NOTIC: [8] Undefined index: {callback} F:\PHP\wamp\www\HyAdmin-master\Application\Common\Model\HyAllModel.class.php 第 796 行.
NOTIC: [8] Undefined index: list F:\PHP\wamp\www\HyAdmin-master\Application\Common\Model\HyAllModel.class.php 第 597 行.
NOTIC: [8] Undefined index: info F:\PHP\wamp\www\HyAdmin-master\Application\Common\Model\HyAllModel.class.php 第 462 行.
INFO: [ hy_log ] --START--
INFO: Run Common\Behavior\HyLogBehavior [ RunTime:0.000000s ]
INFO: [ hy_log ] --END-- [ RunTime:-0.006000s ]

[ 2016-07-02T18:04:21+08:00 ] ::1 /HyAdmin-master/index.php/System/HyNotice/favicon.ico
INFO: [ app_init ] --START--
INFO: Run Behavior\BuildLiteBehavior [ RunTime:0.000000s ]
INFO: [ app_init ] --END-- [ RunTime:0.000000s ]

[ 2016-07-02T18:04:25+08:00 ] ::1 /HyAdmin-master/index.php/System/HyNotice/ajax?q=detail
INFO: [ app_init ] --START--
INFO: Run Behavior\BuildLiteBehavior [ RunTime:0.000000s ]
INFO: [ app_init ] --END-- [ RunTime:0.001000s ]
INFO: [ app_begin ] --START--
INFO: Run Behavior\ReadHtmlCacheBehavior [ RunTime:0.001000s ]
INFO: [ app_begin ] --END-- [ RunTime:0.001000s ]
NOTIC: [8192] mysql_connect(): The mysql extension is deprecated and will be removed in the future: use mysqli or PDO instead F:\PHP\wamp\www\HyAdmin-master\HomyitCore\Library\Think\Session\Driver\Db.class.php 第 95 行.
INFO: [ action_begin ] --START--
INFO: Run Common\Behavior\HyLogBehavior [ RunTime:0.000000s ]
INFO: [ action_begin ] --END-- [ RunTime:0.000000s ]
NOTIC: [2048] Declaration of Common\Model\HyFrameModel::find() should be compatible with Think\Model::find($options = Array) F:\PHP\wamp\www\HyAdmin-master\Application\Common\Model\HyFrameModel.class.php 第 13 行.
NOTIC: [8] Undefined index: model F:\PHP\wamp\www\HyAdmin-master\Application\Common\Controller\HyFrameController.class.php 第 42 行.
SQL: SHOW COLUMNS FROM `homyit_frame_notice` [ RunTime:0.0020s ]
NOTIC: [8] Undefined index: pagetitle F:\PHP\wamp\www\HyAdmin-master\Application\Common\Model\HyAllModel.class.php 第 403 行.
INFO: [ hy_log ] --START--
NOTIC: [8] Undefined variable: sql F:\PHP\wamp\www\HyAdmin-master\Application\Common\Behavior\HyLogBehavior.class.php 第 31 行.
INFO: Run Common\Behavior\HyLogBehavior [ RunTime:0.000000s ]
INFO: [ hy_log ] --END-- [ RunTime:0.000000s ]
INFO: [ hy_log ] --START--
NOTIC: [8] Undefined index: style F:\PHP\wamp\www\HyAdmin-master\Application\Common\Behavior\HyLogBehavior.class.php 第 23 行.
NOTIC: [8] Undefined index: sql F:\PHP\wamp\www\HyAdmin-master\Application\Common\Behavior\HyLogBehavior.class.php 第 25 行.
INFO: Run Common\Behavior\HyLogBehavior [ RunTime:0.000000s ]
INFO: [ hy_log ] --END-- [ RunTime:0.000000s ]
INFO: [ hy_log ] --START--
NOTIC: [8] Undefined index: style F:\PHP\wamp\www\HyAdmin-master\Application\Common\Behavior\HyLogBehavior.class.php 第 23 行.
NOTIC: [8] Undefined index: sql F:\PHP\wamp\www\HyAdmin-master\Application\Common\Behavior\HyLogBehavior.class.php 第 25 行.
INFO: Run Common\Behavior\HyLogBehavior [ RunTime:0.000000s ]
INFO: [ hy_log ] --END-- [ RunTime:-0.001000s ]
NOTIC: [2] Illegal string offset 'associate' F:\PHP\wamp\www\HyAdmin-master\Application\Common\Model\HyFrameModel.class.php 第 141 行.
NOTIC: [8] Undefined index: hy F:\PHP\wamp\www\HyAdmin-master\Application\Common\Model\HyFrameModel.class.php 第 140 行.
NOTIC: [8] Undefined index: associate F:\PHP\wamp\www\HyAdmin-master\Application\Common\Model\HyFrameModel.class.php 第 141 行.
SQL: SELECT * FROM `homyit_frame_notice` WHERE `id` = 34  [ RunTime:0.0010s ]
NOTIC: [8] Undefined variable: tpl F:\PHP\wamp\www\HyAdmin-master\Application\Common\Controller\HyAllController.class.php 第 91 行.
INFO: [ before_view ] --START--
SQL: SHOW COLUMNS FROM `homyit_frame_alert` [ RunTime:0.0060s ]
SQL: SELECT `id`,`category`,`icon`,`message`,`url`,`type`,`create_time` FROM `homyit_frame_alert` where `to_users` LIKE '%,100640,%' AND ( IFNULL(`read_users`,'')='' OR `read_users` NOT LIKE '%,100640,%') AND `status`=1 ORDER BY `id` DESC [ RunTime:0.0030s ]
INFO: Run Common\Behavior\HyBeforeViewBehavior [ RunTime:0.013000s ]
INFO: [ before_view ] --END-- [ RunTime:0.013000s ]
INFO: [ view_parse ] --START--
INFO: [ template_filter ] --START--
INFO: Run Behavior\ContentReplaceBehavior [ RunTime:0.000000s ]
INFO: [ template_filter ] --END-- [ RunTime:0.000000s ]
NOTIC: [8] Undefined index: cols F:\PHP\wamp\www\HyAdmin-master\Runtime\Cache\System\c6d80dac29f4bb3371a39f454a43cf44.php 第 13 行.
NOTIC: [8] Undefined index: cols F:\PHP\wamp\www\HyAdmin-master\Runtime\Cache\System\c6d80dac29f4bb3371a39f454a43cf44.php 第 13 行.
NOTIC: [8] Undefined index: cols F:\PHP\wamp\www\HyAdmin-master\Runtime\Cache\System\c6d80dac29f4bb3371a39f454a43cf44.php 第 13 行.
NOTIC: [8] Undefined index: json F:\PHP\wamp\www\HyAdmin-master\Runtime\Cache\System\c6d80dac29f4bb3371a39f454a43cf44.php 第 47 行.
INFO: Run Behavior\ParseTemplateBehavior [ RunTime:0.267016s ]
INFO: [ view_parse ] --END-- [ RunTime:0.267016s ]
INFO: [ view_filter ] --START--
INFO: Run Behavior\WriteHtmlCacheBehavior [ RunTime:0.001000s ]
INFO: [ view_filter ] --END-- [ RunTime:0.001000s ]
INFO: [ app_end ] --START--
INFO: Run Behavior\ShowPageTraceBehavior [ RunTime:0.001000s ]
INFO: [ app_end ] --END-- [ RunTime:0.001000s ]

[ 2016-07-02T18:04:35+08:00 ] ::1 /HyAdmin-master/index.php/System/HyStart/switchs/role/encrypt_act-Qk_KTFC69bUoumzeTSw1HKDib3CNzui0zcYMYB-e__m82WJBYdSaAFRERdeR-vdrqcoDLJC7a7mAetWudWHbyw.html
INFO: [ app_init ] --START--
INFO: Run Behavior\BuildLiteBehavior [ RunTime:0.000000s ]
INFO: [ app_init ] --END-- [ RunTime:0.001001s ]
INFO: [ app_begin ] --START--
INFO: Run Behavior\ReadHtmlCacheBehavior [ RunTime:0.001000s ]
INFO: [ app_begin ] --END-- [ RunTime:0.001000s ]
NOTIC: [8192] mysql_connect(): The mysql extension is deprecated and will be removed in the future: use mysqli or PDO instead F:\PHP\wamp\www\HyAdmin-master\HomyitCore\Library\Think\Session\Driver\Db.class.php 第 95 行.
INFO: [ action_begin ] --START--
INFO: Run Common\Behavior\HyLogBehavior [ RunTime:0.001000s ]
INFO: [ action_begin ] --END-- [ RunTime:0.001000s ]
NOTIC: [2048] Declaration of Common\Model\HyFrameModel::find() should be compatible with Think\Model::find($options = Array) F:\PHP\wamp\www\HyAdmin-master\Application\Common\Model\HyFrameModel.class.php 第 13 行.
NOTIC: [8] Undefined index: model F:\PHP\wamp\www\HyAdmin-master\Application\Common\Controller\HyFrameController.class.php 第 42 行.
SQL: SHOW COLUMNS FROM `homyit_frame_role` [ RunTime:0.0020s ]
SQL: SELECT `id`,`name`,`title`,`table` FROM `homyit_frame_role` WHERE `status` = 1 AND `id` IN ('32','31','22','21')  [ RunTime:0.0010s ]
SQL: SHOW COLUMNS FROM `homyit_user` [ RunTime:0.0030s ]
ERR: SQLSTATE[42S02]: Base table or view not found: 1146 Table 'homyit_hyframe.homyit_instructor' doesn't exist

[ 2016-07-02T18:04:37+08:00 ] ::1 /HyAdmin-master/index.php/System/HyNotice/ajax?q=list
INFO: [ app_init ] --START--
INFO: Run Behavior\BuildLiteBehavior [ RunTime:0.000000s ]
INFO: [ app_init ] --END-- [ RunTime:0.000000s ]
INFO: [ app_begin ] --START--
INFO: Run Behavior\ReadHtmlCacheBehavior [ RunTime:0.000000s ]
INFO: [ app_begin ] --END-- [ RunTime:0.000000s ]
NOTIC: [8192] mysql_connect(): The mysql extension is deprecated and will be removed in the future: use mysqli or PDO instead F:\PHP\wamp\www\HyAdmin-master\HomyitCore\Library\Think\Session\Driver\Db.class.php 第 95 行.
INFO: [ action_begin ] --START--
INFO: Run Common\Behavior\HyLogBehavior [ RunTime:0.001000s ]
INFO: [ action_begin ] --END-- [ RunTime:0.001000s ]
NOTIC: [2048] Declaration of Common\Model\HyFrameModel::find() should be compatible with Think\Model::find($options = Array) F:\PHP\wamp\www\HyAdmin-master\Application\Common\Model\HyFrameModel.class.php 第 13 行.
NOTIC: [8] Undefined index: model F:\PHP\wamp\www\HyAdmin-master\Application\Common\Controller\HyFrameController.class.php 第 42 行.
SQL: SHOW COLUMNS FROM `homyit_frame_notice` [ RunTime:0.0030s ]
NOTIC: [8] Undefined index: pagetitle F:\PHP\wamp\www\HyAdmin-master\Application\Common\Model\HyAllModel.class.php 第 403 行.
INFO: [ hy_log ] --START--
NOTIC: [8] Undefined variable: sql F:\PHP\wamp\www\HyAdmin-master\Application\Common\Behavior\HyLogBehavior.class.php 第 31 行.
INFO: Run Common\Behavior\HyLogBehavior [ RunTime:0.000000s ]
INFO: [ hy_log ] --END-- [ RunTime:0.001000s ]
INFO: [ hy_log ] --START--
NOTIC: [8] Undefined index: style F:\PHP\wamp\www\HyAdmin-master\Application\Common\Behavior\HyLogBehavior.class.php 第 23 行.
NOTIC: [8] Undefined index: sql F:\PHP\wamp\www\HyAdmin-master\Application\Common\Behavior\HyLogBehavior.class.php 第 25 行.
INFO: Run Common\Behavior\HyLogBehavior [ RunTime:0.003000s ]
INFO: [ hy_log ] --END-- [ RunTime:0.000000s ]
NOTIC: [8] Undefined index: associate F:\PHP\wamp\www\HyAdmin-master\Application\Common\Model\HyFrameModel.class.php 第 141 行.
NOTIC: [8] Undefined index: associate F:\PHP\wamp\www\HyAdmin-master\Application\Common\Model\HyFrameModel.class.php 第 141 行.
NOTIC: [8] Undefined index: limit F:\PHP\wamp\www\HyAdmin-master\Application\Common\Model\HyFrameModel.class.php 第 160 行.
NOTIC: [8] Undefined index: order F:\PHP\wamp\www\HyAdmin-master\Application\Common\Model\HyFrameModel.class.php 第 162 行.
NOTIC: [8] Undefined variable: field F:\PHP\wamp\www\HyAdmin-master\Application\Common\Model\HyFrameModel.class.php 第 181 行.
NOTIC: [8] Undefined index: where F:\PHP\wamp\www\HyAdmin-master\Application\Common\Model\HyFrameModel.class.php 第 189 行.
NOTIC: [8] Undefined index: decrypt F:\PHP\wamp\www\HyAdmin-master\Application\Common\Model\HyFrameModel.class.php 第 241 行.
SQL: SELECT 1 FROM `homyit_frame_notice` WHERE `status` = 1  [ RunTime:0.0010s ]
INFO: [ hy_log ] --START--
NOTIC: [8] Undefined index: style F:\PHP\wamp\www\HyAdmin-master\Application\Common\Behavior\HyLogBehavior.class.php 第 23 行.
NOTIC: [8] Undefined index: sql F:\PHP\wamp\www\HyAdmin-master\Application\Common\Behavior\HyLogBehavior.class.php 第 25 行.
INFO: Run Common\Behavior\HyLogBehavior [ RunTime:0.000000s ]
INFO: [ hy_log ] --END-- [ RunTime:-0.007000s ]
NOTIC: [8] Undefined index: hy F:\PHP\wamp\www\HyAdmin-master\Application\Common\Model\HyFrameModel.class.php 第 140 行.
NOTIC: [8] Undefined index: associate F:\PHP\wamp\www\HyAdmin-master\Application\Common\Model\HyFrameModel.class.php 第 141 行.
SQL: SELECT `id`,`title`,`content`,`creator_id`,`file_id`,`create_time`,`update_time`,`status` FROM `homyit_frame_notice` WHERE `status` = 1 ORDER BY id desc LIMIT 10   [ RunTime:0.0010s ]
NOTIC: [8] Undefined index: hidden F:\PHP\wamp\www\HyAdmin-master\Application\Common\Model\HyAllModel.class.php 第 587 行.
NOTIC: [8] Undefined index: hidden F:\PHP\wamp\www\HyAdmin-master\Application\Common\Model\HyAllModel.class.php 第 587 行.
NOTIC: [8] Undefined index: hidden F:\PHP\wamp\www\HyAdmin-master\Application\Common\Model\HyAllModel.class.php 第 587 行.
NOTIC: [8] Undefined index: hidden F:\PHP\wamp\www\HyAdmin-master\Application\Common\Model\HyAllModel.class.php 第 587 行.
NOTIC: [8] Undefined index: title F:\PHP\wamp\www\HyAdmin-master\Application\Common\Model\HyAllModel.class.php 第 587 行.
NOTIC: [8] Undefined index: {callback} F:\PHP\wamp\www\HyAdmin-master\Application\Common\Model\HyAllModel.class.php 第 796 行.
NOTIC: [8] Undefined index: callback F:\PHP\wamp\www\HyAdmin-master\Application\Common\Model\HyAllModel.class.php 第 597 行.
NOTIC: [8] Undefined index: {callback} F:\PHP\wamp\www\HyAdmin-master\Application\Common\Model\HyAllModel.class.php 第 796 行.
NOTIC: [8] Undefined index: {callback} F:\PHP\wamp\www\HyAdmin-master\Application\Common\Model\HyAllModel.class.php 第 796 行.
NOTIC: [8] Undefined index: {callback} F:\PHP\wamp\www\HyAdmin-master\Application\Common\Model\HyAllModel.class.php 第 796 行.
NOTIC: [8] Undefined index: list F:\PHP\wamp\www\HyAdmin-master\Application\Common\Model\HyAllModel.class.php 第 597 行.
NOTIC: [8] Undefined index: {callback} F:\PHP\wamp\www\HyAdmin-master\Application\Common\Model\HyAllModel.class.php 第 796 行.
NOTIC: [8] Undefined index: callback F:\PHP\wamp\www\HyAdmin-master\Application\Common\Model\HyAllModel.class.php 第 597 行.
NOTIC: [8] Undefined index: {callback} F:\PHP\wamp\www\HyAdmin-master\Application\Common\Model\HyAllModel.class.php 第 796 行.
NOTIC: [8] Undefined index: {callback} F:\PHP\wamp\www\HyAdmin-master\Application\Common\Model\HyAllModel.class.php 第 796 行.
NOTIC: [8] Undefined index: {callback} F:\PHP\wamp\www\HyAdmin-master\Application\Common\Model\HyAllModel.class.php 第 796 行.
NOTIC: [8] Undefined index: list F:\PHP\wamp\www\HyAdmin-master\Application\Common\Model\HyAllModel.class.php 第 597 行.
NOTIC: [8] Undefined index: info F:\PHP\wamp\www\HyAdmin-master\Application\Common\Model\HyAllModel.class.php 第 462 行.
INFO: [ hy_log ] --START--
INFO: Run Common\Behavior\HyLogBehavior [ RunTime:0.000000s ]
INFO: [ hy_log ] --END-- [ RunTime:-0.015001s ]

[ 2016-07-02T18:05:37+08:00 ] ::1 /HyAdmin-master/index.php/System/HyStart/online?keepTry=4EZNjuLhUeElN2YEBTyKwHZQGz%2FicO1kCKOgVWtgLtQ%3D5111739
INFO: [ app_init ] --START--
INFO: Run Behavior\BuildLiteBehavior [ RunTime:0.001000s ]
INFO: [ app_init ] --END-- [ RunTime:0.001000s ]
INFO: [ app_begin ] --START--
INFO: Run Behavior\ReadHtmlCacheBehavior [ RunTime:0.000000s ]
INFO: [ app_begin ] --END-- [ RunTime:0.002000s ]
NOTIC: [8192] mysql_connect(): The mysql extension is deprecated and will be removed in the future: use mysqli or PDO instead F:\PHP\wamp\www\HyAdmin-master\HomyitCore\Library\Think\Session\Driver\Db.class.php 第 95 行.
INFO: [ action_begin ] --START--
INFO: Run Common\Behavior\HyLogBehavior [ RunTime:0.001000s ]
INFO: [ action_begin ] --END-- [ RunTime:0.001000s ]
NOTIC: [2048] Declaration of Common\Model\HyFrameModel::find() should be compatible with Think\Model::find($options = Array) F:\PHP\wamp\www\HyAdmin-master\Application\Common\Model\HyFrameModel.class.php 第 13 行.
NOTIC: [8] Undefined index: model F:\PHP\wamp\www\HyAdmin-master\Application\Common\Controller\HyFrameController.class.php 第 42 行.

[ 2016-07-02T18:06:37+08:00 ] ::1 /HyAdmin-master/index.php/System/HyStart/online?keepTry=aXWSyX%2BbEft85qU%2F92q86TYdJQttwZENMOeb2sjyt5U%3D7225129
INFO: [ app_init ] --START--
INFO: Run Behavior\BuildLiteBehavior [ RunTime:0.000000s ]
INFO: [ app_init ] --END-- [ RunTime:0.001000s ]
INFO: [ app_begin ] --START--
INFO: Run Behavior\ReadHtmlCacheBehavior [ RunTime:0.001000s ]
INFO: [ app_begin ] --END-- [ RunTime:0.001000s ]
NOTIC: [8192] mysql_connect(): The mysql extension is deprecated and will be removed in the future: use mysqli or PDO instead F:\PHP\wamp\www\HyAdmin-master\HomyitCore\Library\Think\Session\Driver\Db.class.php 第 95 行.
INFO: [ action_begin ] --START--
INFO: Run Common\Behavior\HyLogBehavior [ RunTime:0.000000s ]
INFO: [ action_begin ] --END-- [ RunTime:0.001000s ]
NOTIC: [2048] Declaration of Common\Model\HyFrameModel::find() should be compatible with Think\Model::find($options = Array) F:\PHP\wamp\www\HyAdmin-master\Application\Common\Model\HyFrameModel.class.php 第 13 行.
NOTIC: [8] Undefined index: model F:\PHP\wamp\www\HyAdmin-master\Application\Common\Controller\HyFrameController.class.php 第 42 行.

[ 2016-07-02T18:07:37+08:00 ] ::1 /HyAdmin-master/index.php/System/HyStart/online?keepTry=%2Bz4jy8xISSF9KUE3b%2BvBQTkLDbUXPY9UaB1DYb9whYQ%3D9397643
INFO: [ app_init ] --START--
INFO: Run Behavior\BuildLiteBehavior [ RunTime:0.000000s ]
INFO: [ app_init ] --END-- [ RunTime:0.001000s ]
INFO: [ app_begin ] --START--
INFO: Run Behavior\ReadHtmlCacheBehavior [ RunTime:0.001000s ]
INFO: [ app_begin ] --END-- [ RunTime:0.001000s ]
NOTIC: [8192] mysql_connect(): The mysql extension is deprecated and will be removed in the future: use mysqli or PDO instead F:\PHP\wamp\www\HyAdmin-master\HomyitCore\Library\Think\Session\Driver\Db.class.php 第 95 行.
INFO: [ action_begin ] --START--
INFO: Run Common\Behavior\HyLogBehavior [ RunTime:0.001000s ]
INFO: [ action_begin ] --END-- [ RunTime:0.001000s ]
NOTIC: [2048] Declaration of Common\Model\HyFrameModel::find() should be compatible with Think\Model::find($options = Array) F:\PHP\wamp\www\HyAdmin-master\Application\Common\Model\HyFrameModel.class.php 第 13 行.
NOTIC: [8] Undefined index: model F:\PHP\wamp\www\HyAdmin-master\Application\Common\Controller\HyFrameController.class.php 第 42 行.

[ 2016-07-02T18:08:37+08:00 ] ::1 /HyAdmin-master/index.php/System/HyStart/online?keepTry=PdZd407oV5PAsDwMEwP6jIbfBuPfqLNh01JP7tKx9tk%3D2620265
INFO: [ app_init ] --START--
INFO: Run Behavior\BuildLiteBehavior [ RunTime:0.000000s ]
INFO: [ app_init ] --END-- [ RunTime:0.002000s ]
INFO: [ app_begin ] --START--
INFO: Run Behavior\ReadHtmlCacheBehavior [ RunTime:0.001000s ]
INFO: [ app_begin ] --END-- [ RunTime:0.001000s ]
NOTIC: [8192] mysql_connect(): The mysql extension is deprecated and will be removed in the future: use mysqli or PDO instead F:\PHP\wamp\www\HyAdmin-master\HomyitCore\Library\Think\Session\Driver\Db.class.php 第 95 行.
INFO: [ action_begin ] --START--
INFO: Run Common\Behavior\HyLogBehavior [ RunTime:0.002000s ]
INFO: [ action_begin ] --END-- [ RunTime:0.002000s ]
NOTIC: [2048] Declaration of Common\Model\HyFrameModel::find() should be compatible with Think\Model::find($options = Array) F:\PHP\wamp\www\HyAdmin-master\Application\Common\Model\HyFrameModel.class.php 第 13 行.
NOTIC: [8] Undefined index: model F:\PHP\wamp\www\HyAdmin-master\Application\Common\Controller\HyFrameController.class.php 第 42 行.

[ 2016-07-02T18:09:37+08:00 ] ::1 /HyAdmin-master/index.php/System/HyStart/online?keepTry=geQ93hPrXO1HD5qEluZ%2FQ0gcdg%2FyxRs6kbWTOUvLeB0%3D4381656
INFO: [ app_init ] --START--
INFO: Run Behavior\BuildLiteBehavior [ RunTime:0.000000s ]
INFO: [ app_init ] --END-- [ RunTime:0.002001s ]
INFO: [ app_begin ] --START--
INFO: Run Behavior\ReadHtmlCacheBehavior [ RunTime:0.001000s ]
INFO: [ app_begin ] --END-- [ RunTime:0.001000s ]
NOTIC: [8192] mysql_connect(): The mysql extension is deprecated and will be removed in the future: use mysqli or PDO instead F:\PHP\wamp\www\HyAdmin-master\HomyitCore\Library\Think\Session\Driver\Db.class.php 第 95 行.
INFO: [ action_begin ] --START--
INFO: Run Common\Behavior\HyLogBehavior [ RunTime:0.001001s ]
INFO: [ action_begin ] --END-- [ RunTime:0.001001s ]
NOTIC: [2048] Declaration of Common\Model\HyFrameModel::find() should be compatible with Think\Model::find($options = Array) F:\PHP\wamp\www\HyAdmin-master\Application\Common\Model\HyFrameModel.class.php 第 13 行.
NOTIC: [8] Undefined index: model F:\PHP\wamp\www\HyAdmin-master\Application\Common\Controller\HyFrameController.class.php 第 42 行.

[ 2016-07-02T18:10:37+08:00 ] ::1 /HyAdmin-master/index.php/System/HyStart/online?keepTry=1CzofhG1PZkc9IRCUX7N47G9u48cfJHN%2BJDRTy1LsY0%3D2287288
INFO: [ app_init ] --START--
INFO: Run Behavior\BuildLiteBehavior [ RunTime:0.000000s ]
INFO: [ app_init ] --END-- [ RunTime:0.001000s ]
INFO: [ app_begin ] --START--
INFO: Run Behavior\ReadHtmlCacheBehavior [ RunTime:0.001000s ]
INFO: [ app_begin ] --END-- [ RunTime:0.001000s ]
NOTIC: [8192] mysql_connect(): The mysql extension is deprecated and will be removed in the future: use mysqli or PDO instead F:\PHP\wamp\www\HyAdmin-master\HomyitCore\Library\Think\Session\Driver\Db.class.php 第 95 行.
INFO: [ action_begin ] --START--
INFO: Run Common\Behavior\HyLogBehavior [ RunTime:0.001000s ]
INFO: [ action_begin ] --END-- [ RunTime:0.001000s ]
NOTIC: [2048] Declaration of Common\Model\HyFrameModel::find() should be compatible with Think\Model::find($options = Array) F:\PHP\wamp\www\HyAdmin-master\Application\Common\Model\HyFrameModel.class.php 第 13 行.
NOTIC: [8] Undefined index: model F:\PHP\wamp\www\HyAdmin-master\Application\Common\Controller\HyFrameController.class.php 第 42 行.

[ 2016-07-02T18:11:37+08:00 ] ::1 /HyAdmin-master/index.php/System/HyStart/online?keepTry=3ne0uYxos1bt5Px2nVGvDpTpheo1T1WbZcSvIV6jY6M%3D2940638
INFO: [ app_init ] --START--
INFO: Run Behavior\BuildLiteBehavior [ RunTime:0.000000s ]
INFO: [ app_init ] --END-- [ RunTime:0.001001s ]
INFO: [ app_begin ] --START--
INFO: Run Behavior\ReadHtmlCacheBehavior [ RunTime:0.001000s ]
INFO: [ app_begin ] --END-- [ RunTime:0.001000s ]
NOTIC: [8192] mysql_connect(): The mysql extension is deprecated and will be removed in the future: use mysqli or PDO instead F:\PHP\wamp\www\HyAdmin-master\HomyitCore\Library\Think\Session\Driver\Db.class.php 第 95 行.
INFO: [ action_begin ] --START--
INFO: Run Common\Behavior\HyLogBehavior [ RunTime:0.001000s ]
INFO: [ action_begin ] --END-- [ RunTime:0.001000s ]
NOTIC: [2048] Declaration of Common\Model\HyFrameModel::find() should be compatible with Think\Model::find($options = Array) F:\PHP\wamp\www\HyAdmin-master\Application\Common\Model\HyFrameModel.class.php 第 13 行.
NOTIC: [8] Undefined index: model F:\PHP\wamp\www\HyAdmin-master\Application\Common\Controller\HyFrameController.class.php 第 42 行.

[ 2016-07-02T18:12:37+08:00 ] ::1 /HyAdmin-master/index.php/System/HyStart/online?keepTry=5%2FxtR4wFpfq5IUPcEd2AabX01fTPmK4a6JX8aRcPlMQ%3D1070865
INFO: [ app_init ] --START--
INFO: Run Behavior\BuildLiteBehavior [ RunTime:0.001000s ]
INFO: [ app_init ] --END-- [ RunTime:0.002000s ]
INFO: [ app_begin ] --START--
INFO: Run Behavior\ReadHtmlCacheBehavior [ RunTime:0.001001s ]
INFO: [ app_begin ] --END-- [ RunTime:0.001001s ]
NOTIC: [8192] mysql_connect(): The mysql extension is deprecated and will be removed in the future: use mysqli or PDO instead F:\PHP\wamp\www\HyAdmin-master\HomyitCore\Library\Think\Session\Driver\Db.class.php 第 95 行.
INFO: [ action_begin ] --START--
INFO: Run Common\Behavior\HyLogBehavior [ RunTime:0.001000s ]
INFO: [ action_begin ] --END-- [ RunTime:0.002000s ]
NOTIC: [2048] Declaration of Common\Model\HyFrameModel::find() should be compatible with Think\Model::find($options = Array) F:\PHP\wamp\www\HyAdmin-master\Application\Common\Model\HyFrameModel.class.php 第 13 行.
NOTIC: [8] Undefined index: model F:\PHP\wamp\www\HyAdmin-master\Application\Common\Controller\HyFrameController.class.php 第 42 行.

[ 2016-07-02T18:13:37+08:00 ] ::1 /HyAdmin-master/index.php/System/HyStart/online?keepTry=EphiIJPw9y5CwOYmtlJlhewzsMIj7e%2F8sFdRA0MSfH0%3D2182135
INFO: [ app_init ] --START--
INFO: Run Behavior\BuildLiteBehavior [ RunTime:0.000000s ]
INFO: [ app_init ] --END-- [ RunTime:0.000000s ]
INFO: [ app_begin ] --START--
INFO: Run Behavior\ReadHtmlCacheBehavior [ RunTime:0.001000s ]
INFO: [ app_begin ] --END-- [ RunTime:0.001000s ]
NOTIC: [8192] mysql_connect(): The mysql extension is deprecated and will be removed in the future: use mysqli or PDO instead F:\PHP\wamp\www\HyAdmin-master\HomyitCore\Library\Think\Session\Driver\Db.class.php 第 95 行.
INFO: [ action_begin ] --START--
INFO: Run Common\Behavior\HyLogBehavior [ RunTime:0.001000s ]
INFO: [ action_begin ] --END-- [ RunTime:0.001000s ]
NOTIC: [2048] Declaration of Common\Model\HyFrameModel::find() should be compatible with Think\Model::find($options = Array) F:\PHP\wamp\www\HyAdmin-master\Application\Common\Model\HyFrameModel.class.php 第 13 行.
NOTIC: [8] Undefined index: model F:\PHP\wamp\www\HyAdmin-master\Application\Common\Controller\HyFrameController.class.php 第 42 行.

[ 2016-07-02T18:14:37+08:00 ] ::1 /HyAdmin-master/index.php/System/HyStart/online?keepTry=rKfVIXqWPjySxBJPhrp7k7oD7cbBpKOmblTCrbJ0BZc%3D1719435
INFO: [ app_init ] --START--
INFO: Run Behavior\BuildLiteBehavior [ RunTime:0.000000s ]
INFO: [ app_init ] --END-- [ RunTime:0.000000s ]
INFO: [ app_begin ] --START--
INFO: Run Behavior\ReadHtmlCacheBehavior [ RunTime:0.000000s ]
INFO: [ app_begin ] --END-- [ RunTime:0.001000s ]
NOTIC: [8192] mysql_connect(): The mysql extension is deprecated and will be removed in the future: use mysqli or PDO instead F:\PHP\wamp\www\HyAdmin-master\HomyitCore\Library\Think\Session\Driver\Db.class.php 第 95 行.
INFO: [ action_begin ] --START--
INFO: Run Common\Behavior\HyLogBehavior [ RunTime:0.001000s ]
INFO: [ action_begin ] --END-- [ RunTime:0.001000s ]
NOTIC: [2048] Declaration of Common\Model\HyFrameModel::find() should be compatible with Think\Model::find($options = Array) F:\PHP\wamp\www\HyAdmin-master\Application\Common\Model\HyFrameModel.class.php 第 13 行.
NOTIC: [8] Undefined index: model F:\PHP\wamp\www\HyAdmin-master\Application\Common\Controller\HyFrameController.class.php 第 42 行.

[ 2016-07-02T18:15:37+08:00 ] ::1 /HyAdmin-master/index.php/System/HyStart/online?keepTry=RHWPL6M11loc9009jWPViRpNv9K0CjB59u3ddVHV3dI%3D6196670
INFO: [ app_init ] --START--
INFO: Run Behavior\BuildLiteBehavior [ RunTime:0.000000s ]
INFO: [ app_init ] --END-- [ RunTime:0.000000s ]
INFO: [ app_begin ] --START--
INFO: Run Behavior\ReadHtmlCacheBehavior [ RunTime:0.000000s ]
INFO: [ app_begin ] --END-- [ RunTime:0.000000s ]
NOTIC: [8192] mysql_connect(): The mysql extension is deprecated and will be removed in the future: use mysqli or PDO instead F:\PHP\wamp\www\HyAdmin-master\HomyitCore\Library\Think\Session\Driver\Db.class.php 第 95 行.
INFO: [ action_begin ] --START--
INFO: Run Common\Behavior\HyLogBehavior [ RunTime:0.000000s ]
INFO: [ action_begin ] --END-- [ RunTime:0.000000s ]
NOTIC: [2048] Declaration of Common\Model\HyFrameModel::find() should be compatible with Think\Model::find($options = Array) F:\PHP\wamp\www\HyAdmin-master\Application\Common\Model\HyFrameModel.class.php 第 13 行.
NOTIC: [8] Undefined index: model F:\PHP\wamp\www\HyAdmin-master\Application\Common\Controller\HyFrameController.class.php 第 42 行.

[ 2016-07-02T18:16:37+08:00 ] ::1 /HyAdmin-master/index.php/System/HyStart/online?keepTry=FDYYdTASJxt4Wmh6yhrbuGpGoViIWcaiqt9WRZIggD4%3D6297153
INFO: [ app_init ] --START--
INFO: Run Behavior\BuildLiteBehavior [ RunTime:0.000000s ]
INFO: [ app_init ] --END-- [ RunTime:0.001000s ]
INFO: [ app_begin ] --START--
INFO: Run Behavior\ReadHtmlCacheBehavior [ RunTime:0.001000s ]
INFO: [ app_begin ] --END-- [ RunTime:0.001000s ]
NOTIC: [8192] mysql_connect(): The mysql extension is deprecated and will be removed in the future: use mysqli or PDO instead F:\PHP\wamp\www\HyAdmin-master\HomyitCore\Library\Think\Session\Driver\Db.class.php 第 95 行.
INFO: [ action_begin ] --START--
INFO: Run Common\Behavior\HyLogBehavior [ RunTime:0.000000s ]
INFO: [ action_begin ] --END-- [ RunTime:0.001001s ]
NOTIC: [2048] Declaration of Common\Model\HyFrameModel::find() should be compatible with Think\Model::find($options = Array) F:\PHP\wamp\www\HyAdmin-master\Application\Common\Model\HyFrameModel.class.php 第 13 行.
NOTIC: [8] Undefined index: model F:\PHP\wamp\www\HyAdmin-master\Application\Common\Controller\HyFrameController.class.php 第 42 行.

[ 2016-07-02T18:17:37+08:00 ] ::1 /HyAdmin-master/index.php/System/HyStart/online?keepTry=AKUsWSKh%2FiB6%2ByxZggTCKdPthih3ewjS3EEzYfR4f6M%3D5639964
INFO: [ app_init ] --START--
INFO: Run Behavior\BuildLiteBehavior [ RunTime:0.000000s ]
INFO: [ app_init ] --END-- [ RunTime:0.001000s ]
INFO: [ app_begin ] --START--
INFO: Run Behavior\ReadHtmlCacheBehavior [ RunTime:0.001000s ]
INFO: [ app_begin ] --END-- [ RunTime:0.001000s ]
NOTIC: [8192] mysql_connect(): The mysql extension is deprecated and will be removed in the future: use mysqli or PDO instead F:\PHP\wamp\www\HyAdmin-master\HomyitCore\Library\Think\Session\Driver\Db.class.php 第 95 行.
INFO: [ action_begin ] --START--
INFO: Run Common\Behavior\HyLogBehavior [ RunTime:0.002000s ]
INFO: [ action_begin ] --END-- [ RunTime:0.002000s ]
NOTIC: [2048] Declaration of Common\Model\HyFrameModel::find() should be compatible with Think\Model::find($options = Array) F:\PHP\wamp\www\HyAdmin-master\Application\Common\Model\HyFrameModel.class.php 第 13 行.
NOTIC: [8] Undefined index: model F:\PHP\wamp\www\HyAdmin-master\Application\Common\Controller\HyFrameController.class.php 第 42 行.

[ 2016-07-02T18:18:37+08:00 ] ::1 /HyAdmin-master/index.php/System/HyStart/online?keepTry=B04rFOOCY220fWBE7qw%2FjP1pYHjKIk2AoFKReCr%2FPQw%3D7698712
INFO: [ app_init ] --START--
INFO: Run Behavior\BuildLiteBehavior [ RunTime:0.000000s ]
INFO: [ app_init ] --END-- [ RunTime:0.000000s ]
INFO: [ app_begin ] --START--
INFO: Run Behavior\ReadHtmlCacheBehavior [ RunTime:0.000000s ]
INFO: [ app_begin ] --END-- [ RunTime:0.001000s ]
NOTIC: [8192] mysql_connect(): The mysql extension is deprecated and will be removed in the future: use mysqli or PDO instead F:\PHP\wamp\www\HyAdmin-master\HomyitCore\Library\Think\Session\Driver\Db.class.php 第 95 行.
INFO: [ action_begin ] --START--
INFO: Run Common\Behavior\HyLogBehavior [ RunTime:0.000000s ]
INFO: [ action_begin ] --END-- [ RunTime:0.001000s ]
NOTIC: [2048] Declaration of Common\Model\HyFrameModel::find() should be compatible with Think\Model::find($options = Array) F:\PHP\wamp\www\HyAdmin-master\Application\Common\Model\HyFrameModel.class.php 第 13 行.
NOTIC: [8] Undefined index: model F:\PHP\wamp\www\HyAdmin-master\Application\Common\Controller\HyFrameController.class.php 第 42 行.

