[ 2016-05-30T19:03:36+08:00 ] 127.0.0.1 /HyAdmin-master/
INFO: [ app_init ] --START--
INFO: Run Behavior\BuildLiteBehavior [ RunTime:0.000000s ]
INFO: [ app_init ] --END-- [ RunTime:0.049003s ]
INFO: [ app_begin ] --START--
INFO: Run Behavior\ReadHtmlCacheBehavior [ RunTime:0.003000s ]
INFO: [ app_begin ] --END-- [ RunTime:0.004000s ]
NOTIC: [8192] mysql_connect(): The mysql extension is deprecated and will be removed in the future: use mysqli or PDO instead F:\PHP\wamp\wamp\www\HyAdmin-master\HomyitCore\Library\Think\Session\Driver\Db.class.php 第 95 行.
INFO: [ action_begin ] --START--
INFO: Run Common\Behavior\HyLogBehavior [ RunTime:0.004001s ]
INFO: [ action_begin ] --END-- [ RunTime:0.005001s ]
NOTIC: [2048] Declaration of Common\Model\HyFrameModel::find() should be compatible with Think\Model::find($options = Array) F:\PHP\wamp\wamp\www\HyAdmin-master\Application\Common\Model\HyFrameModel.class.php 第 13 行.

[ 2016-05-30T19:03:37+08:00 ] 127.0.0.1 /HyAdmin-master/index.php/System/HyStart/login.html
INFO: [ app_init ] --START--
INFO: Run Behavior\BuildLiteBehavior [ RunTime:0.000000s ]
INFO: [ app_init ] --END-- [ RunTime:0.001000s ]
INFO: [ app_begin ] --START--
INFO: Run Behavior\ReadHtmlCacheBehavior [ RunTime:0.002000s ]
INFO: [ app_begin ] --END-- [ RunTime:0.002000s ]
NOTIC: [8192] mysql_connect(): The mysql extension is deprecated and will be removed in the future: use mysqli or PDO instead F:\PHP\wamp\wamp\www\HyAdmin-master\HomyitCore\Library\Think\Session\Driver\Db.class.php 第 95 行.
INFO: [ action_begin ] --START--
INFO: Run Common\Behavior\HyLogBehavior [ RunTime:0.002000s ]
INFO: [ action_begin ] --END-- [ RunTime:0.003000s ]
NOTIC: [2048] Declaration of Common\Model\HyFrameModel::find() should be compatible with Think\Model::find($options = Array) F:\PHP\wamp\wamp\www\HyAdmin-master\Application\Common\Model\HyFrameModel.class.php 第 13 行.
NOTIC: [8] Undefined index: model F:\PHP\wamp\wamp\www\HyAdmin-master\Application\Common\Controller\HyFrameController.class.php 第 42 行.
SQL: SHOW COLUMNS FROM `homyit_frame_setting` [ RunTime:0.0360s ]
SQL: SELECT `key`,`value` FROM `homyit_frame_setting` WHERE `status` < 9  [ RunTime:0.0010s ]
INFO: [ before_view ] --START--
INFO: Run Common\Behavior\HyBeforeViewBehavior [ RunTime:0.020001s ]
INFO: [ before_view ] --END-- [ RunTime:0.020001s ]
INFO: [ view_parse ] --START--
INFO: [ template_filter ] --START--
INFO: Run Behavior\ContentReplaceBehavior [ RunTime:0.001001s ]
INFO: [ template_filter ] --END-- [ RunTime:0.001001s ]
INFO: Run Behavior\ParseTemplateBehavior [ RunTime:0.046003s ]
INFO: [ view_parse ] --END-- [ RunTime:0.046003s ]
INFO: [ view_filter ] --START--
INFO: Run Behavior\WriteHtmlCacheBehavior [ RunTime:0.002000s ]
INFO: [ view_filter ] --END-- [ RunTime:0.003000s ]
INFO: [ action_end ] --START--
INFO: Run Common\Behavior\HyLogBehavior [ RunTime:0.000000s ]
INFO: [ action_end ] --END-- [ RunTime:0.001000s ]
INFO: [ app_end ] --START--
INFO: Run Behavior\ShowPageTraceBehavior [ RunTime:0.003000s ]
INFO: [ app_end ] --END-- [ RunTime:0.004000s ]

[ 2016-05-30T19:03:38+08:00 ] 127.0.0.1 /HyAdmin-master/index.php/System/HyStart/favicon.ico
INFO: [ app_init ] --START--
INFO: Run Behavior\BuildLiteBehavior [ RunTime:0.000000s ]
INFO: [ app_init ] --END-- [ RunTime:0.003001s ]

[ 2016-05-30T19:03:44+08:00 ] 127.0.0.1 /HyAdmin-master/index.php/System/HyStart/ajax?q=login
INFO: [ app_init ] --START--
INFO: Run Behavior\BuildLiteBehavior [ RunTime:0.000000s ]
INFO: [ app_init ] --END-- [ RunTime:0.002001s ]
INFO: [ app_begin ] --START--
INFO: Run Behavior\ReadHtmlCacheBehavior [ RunTime:0.002000s ]
INFO: [ app_begin ] --END-- [ RunTime:0.003000s ]
NOTIC: [8192] mysql_connect(): The mysql extension is deprecated and will be removed in the future: use mysqli or PDO instead F:\PHP\wamp\wamp\www\HyAdmin-master\HomyitCore\Library\Think\Session\Driver\Db.class.php 第 95 行.
INFO: [ action_begin ] --START--
INFO: Run Common\Behavior\HyLogBehavior [ RunTime:0.003000s ]
INFO: [ action_begin ] --END-- [ RunTime:0.004000s ]
NOTIC: [2048] Declaration of Common\Model\HyFrameModel::find() should be compatible with Think\Model::find($options = Array) F:\PHP\wamp\wamp\www\HyAdmin-master\Application\Common\Model\HyFrameModel.class.php 第 13 行.
NOTIC: [8] Undefined index: model F:\PHP\wamp\wamp\www\HyAdmin-master\Application\Common\Controller\HyFrameController.class.php 第 42 行.
NOTIC: [8] Undefined variable: logStep F:\PHP\wamp\wamp\www\HyAdmin-master\Application\System\Controller\HyStartController.class.php 第 56 行.
SQL: SHOW COLUMNS FROM `homyit_user` [ RunTime:0.0210s ]
NOTIC: [2] Missing argument 1 for Common\Model\HyFrameModel::find(), called in F:\PHP\wamp\wamp\www\HyAdmin-master\Application\Common\Model\HyAccountModel.class.php on line 25 and defined F:\PHP\wamp\wamp\www\HyAdmin-master\Application\Common\Model\HyFrameModel.class.php 第 271 行.
NOTIC: [8] Undefined variable: options F:\PHP\wamp\wamp\www\HyAdmin-master\Application\Common\Model\HyFrameModel.class.php 第 272 行.
NOTIC: [8] Undefined variable: options F:\PHP\wamp\wamp\www\HyAdmin-master\Application\Common\Model\HyFrameModel.class.php 第 272 行.
SQL: SELECT `id`,`college_id`,`name`,`roles`,`user_no`,`password`,`sex`,`phone`,`qq`,`email`,`avatar_file`,`status`,`session_id`,`login_last_time`,`login_times` FROM `homyit_user` WHERE `user_no` = '123123' AND `status` = 1 LIMIT 1   [ RunTime:0.0090s ]
SQL: UPDATE `homyit_user` SET `login_last_time`='1464606223',`login_times`='3',`session_id`='0kakdvsjjdvvmtdab12roq72j2' WHERE `id` = 101155 [ RunTime:0.1090s ]
SQL: SHOW COLUMNS FROM `homyit_frame_role` [ RunTime:0.0430s ]
SQL: SELECT `id`,`name`,`title`,`table` FROM `homyit_frame_role` WHERE `status` = 1 AND `id` IN ('32')  [ RunTime:0.0130s ]
SQL: SHOW COLUMNS FROM `homyit_user` [ RunTime:0.0080s ]
SQL: SHOW COLUMNS FROM `homyit_college` [ RunTime:0.0250s ]
SQL: SELECT `name` FROM `homyit_college` WHERE `id` = null LIMIT 1   [ RunTime:0.0010s ]
SQL: SHOW COLUMNS FROM `homyit_frame_access` [ RunTime:0.0100s ]
SQL: SELECT `action_id`,`model` FROM `homyit_frame_access` WHERE ( `role_id`=32 AND `status`=1 )  [ RunTime:0.0030s ]
SQL: SELECT `pid` FROM `homyit_frame_role` WHERE ( `id`=32 AND `status`=1 ) LIMIT 1   [ RunTime:0.0010s ]
SQL: SELECT `action_id`,`model` FROM `homyit_frame_access` WHERE ( `role_id`=31 AND `status`=1 )  [ RunTime:0.0020s ]
SQL: SELECT `pid` FROM `homyit_frame_role` WHERE ( `id`=31 AND `status`=1 ) LIMIT 1   [ RunTime:0.0000s ]
SQL: SELECT `action_id`,`model` FROM `homyit_frame_access` WHERE ( `role_id`=10 AND `status`=1 )  [ RunTime:0.0010s ]
SQL: SELECT `pid` FROM `homyit_frame_role` WHERE ( `id`=10 AND `status`=1 ) LIMIT 1   [ RunTime:0.0010s ]
SQL: SELECT `id`,`pid`,`type`,`title`,`name`,`options` FROM `homyit_frame_action` WHERE `status`=1 AND `id` IN (100000,110000,110101,110102,110201,110202,110203,210000,210100,210102,210103,210200,210201,210203,210300,210302,210306,210600,210605,210606,220000,220102,220103,230020,220100,220200,220300,220400,120300,110300,120100,120200,110100,120000,110200,220203,220206,220207,220208,220209,220205,220301,220401,220403,230002,230017,230016,230015,230007,230006,230005,230004,230003,230202,230302,110103,110104,110105,110106,110205,110206,110207,110208,110209,110210,110211,110212,110213,110214,130000,130100,130200,130201,130202,210101,210104,210105,210106,210107,210202,210204,210205,210206,210301,210305,210604,220303,220304,220305,220402,220404,220405,220406,230100,230101,230102) ORDER BY `rank` DESC [ RunTime:0.0300s ]
NOTIC: [8] Undefined variable: var F:\PHP\wamp\wamp\www\HyAdmin-master\Application\Common\Common\hyframe.php 第 147 行.
NOTIC: [2] array_merge(): Argument #2 is not an array F:\PHP\wamp\wamp\www\HyAdmin-master\Application\Common\Common\hyframe.php 第 147 行.
NOTIC: [8] Undefined variable: var F:\PHP\wamp\wamp\www\HyAdmin-master\Application\Common\Common\hyframe.php 第 147 行.
NOTIC: [2] array_merge(): Argument #2 is not an array F:\PHP\wamp\wamp\www\HyAdmin-master\Application\Common\Common\hyframe.php 第 147 行.
NOTIC: [8] Undefined variable: var F:\PHP\wamp\wamp\www\HyAdmin-master\Application\Common\Common\hyframe.php 第 147 行.
NOTIC: [2] array_merge(): Argument #2 is not an array F:\PHP\wamp\wamp\www\HyAdmin-master\Application\Common\Common\hyframe.php 第 147 行.
NOTIC: [8] Undefined variable: var F:\PHP\wamp\wamp\www\HyAdmin-master\Application\Common\Common\hyframe.php 第 147 行.
NOTIC: [2] array_merge(): Argument #2 is not an array F:\PHP\wamp\wamp\www\HyAdmin-master\Application\Common\Common\hyframe.php 第 147 行.
SQL: SELECT `id`,`pid`,`type`,`title`,`name`,`options` FROM `homyit_frame_action` WHERE `status`=1 AND `id` IN (100000,110000,110101,110102,110201,110202,110203,210000,210100,210102,210103,210200,210201,210203,210300,210302,210306,210600,210605,210606,220000,220102,220103,230020,220100,220200,220300,220400,120300,110300,120100,120200,110100,120000,110200,220203,220206,220207,220208,220209,220205,220301,220401,220403,230002,230017,230016,230015,230007,230006,230005,230004,230003,230202,230302,110103,110104,110105,110106,110205,110206,110207,110208,110209,110210,110211,110212,110213,110214,130000,130100,130200,130201,130202,210101,210104,210105,210106,210107,210202,210204,210205,210206,210301,210305,210604,220303,220304,220305,220402,220404,220405,220406,230100,230101,230102) ORDER BY `rank` DESC [ RunTime:0.0040s ]
NOTIC: [8] Undefined variable: var F:\PHP\wamp\wamp\www\HyAdmin-master\Application\Common\Common\hyframe.php 第 147 行.
NOTIC: [2] array_merge(): Argument #2 is not an array F:\PHP\wamp\wamp\www\HyAdmin-master\Application\Common\Common\hyframe.php 第 147 行.
NOTIC: [8] Undefined variable: var F:\PHP\wamp\wamp\www\HyAdmin-master\Application\Common\Common\hyframe.php 第 147 行.
NOTIC: [2] array_merge(): Argument #2 is not an array F:\PHP\wamp\wamp\www\HyAdmin-master\Application\Common\Common\hyframe.php 第 147 行.
NOTIC: [8] Undefined variable: var F:\PHP\wamp\wamp\www\HyAdmin-master\Application\Common\Common\hyframe.php 第 147 行.
NOTIC: [2] array_merge(): Argument #2 is not an array F:\PHP\wamp\wamp\www\HyAdmin-master\Application\Common\Common\hyframe.php 第 147 行.
NOTIC: [8] Undefined variable: var F:\PHP\wamp\wamp\www\HyAdmin-master\Application\Common\Common\hyframe.php 第 147 行.
NOTIC: [2] array_merge(): Argument #2 is not an array F:\PHP\wamp\wamp\www\HyAdmin-master\Application\Common\Common\hyframe.php 第 147 行.
SQL: SELECT `id`,`pid`,`type`,`title`,`name`,`options` FROM `homyit_frame_action` WHERE `status`=1 AND `id` IN (100000,110000,110101,110102,110201,110202,110203,210000,210100,210102,210103,210200,210201,210203,210300,210302,210306,210600,210605,210606,220000,220102,220103,230020,220100,220200,220300,220400,120300,110300,120100,120200,110100,120000,110200,220203,220206,220207,220208,220209,220205,220301,220401,220403,230002,230017,230016,230015,230007,230006,230005,230004,230003,230202,230302,110103,110104,110105,110106,110205,110206,110207,110208,110209,110210,110211,110212,110213,110214,130000,130100,130200,130201,130202,210101,210104,210105,210106,210107,210202,210204,210205,210206,210301,210305,210604,220303,220304,220305,220402,220404,220405,220406,230100,230101,230102) ORDER BY `rank` DESC [ RunTime:0.0040s ]
NOTIC: [8] Undefined variable: var F:\PHP\wamp\wamp\www\HyAdmin-master\Application\Common\Common\hyframe.php 第 147 行.
NOTIC: [2] array_merge(): Argument #2 is not an array F:\PHP\wamp\wamp\www\HyAdmin-master\Application\Common\Common\hyframe.php 第 147 行.
NOTIC: [8] Undefined variable: var F:\PHP\wamp\wamp\www\HyAdmin-master\Application\Common\Common\hyframe.php 第 147 行.
NOTIC: [2] array_merge(): Argument #2 is not an array F:\PHP\wamp\wamp\www\HyAdmin-master\Application\Common\Common\hyframe.php 第 147 行.
NOTIC: [8] Undefined variable: var F:\PHP\wamp\wamp\www\HyAdmin-master\Application\Common\Common\hyframe.php 第 147 行.
NOTIC: [2] array_merge(): Argument #2 is not an array F:\PHP\wamp\wamp\www\HyAdmin-master\Application\Common\Common\hyframe.php 第 147 行.
NOTIC: [8] Undefined variable: var F:\PHP\wamp\wamp\www\HyAdmin-master\Application\Common\Common\hyframe.php 第 147 行.
NOTIC: [2] array_merge(): Argument #2 is not an array F:\PHP\wamp\wamp\www\HyAdmin-master\Application\Common\Common\hyframe.php 第 147 行.
SQL: SHOW COLUMNS FROM `homyit_frame_log` [ RunTime:0.0200s ]
SQL: INSERT INTO `homyit_frame_log` (`user_id`,`controller`,`action`,`post`,`description`,`ip`,`create_time`) VALUES ('101155','HyStart','ajax','{\"u\":\"\\/EfDgVjEQwCPrhnCO49YTg==4500426\",\"p\":\"QxSjbzc4s17ln4kIUKWUJH0NLblZa\\/iMAb4uO4QDZy06ccJoOObvluUlg3uDD8eE9834485\"}',' >> 登录验证 >> <span class=\'text-success\'>成功</span>','127.0.0.1','1464606224') [ RunTime:0.0010s ]

[ 2016-05-30T19:03:45+08:00 ] 127.0.0.1 /HyAdmin-master/index.php/System/Index/index
INFO: [ app_init ] --START--
INFO: Run Behavior\BuildLiteBehavior [ RunTime:0.000000s ]
INFO: [ app_init ] --END-- [ RunTime:0.002001s ]
INFO: [ app_begin ] --START--
INFO: Run Behavior\ReadHtmlCacheBehavior [ RunTime:0.002000s ]
INFO: [ app_begin ] --END-- [ RunTime:0.003000s ]
NOTIC: [8192] mysql_connect(): The mysql extension is deprecated and will be removed in the future: use mysqli or PDO instead F:\PHP\wamp\wamp\www\HyAdmin-master\HomyitCore\Library\Think\Session\Driver\Db.class.php 第 95 行.
INFO: [ action_begin ] --START--
INFO: Run Common\Behavior\HyLogBehavior [ RunTime:0.002000s ]
INFO: [ action_begin ] --END-- [ RunTime:0.003000s ]
NOTIC: [2048] Declaration of Common\Model\HyFrameModel::find() should be compatible with Think\Model::find($options = Array) F:\PHP\wamp\wamp\www\HyAdmin-master\Application\Common\Model\HyFrameModel.class.php 第 13 行.
NOTIC: [8] Undefined index: model F:\PHP\wamp\wamp\www\HyAdmin-master\Application\Common\Controller\HyFrameController.class.php 第 42 行.
SQL: SHOW COLUMNS FROM `homyit_frame_log` [ RunTime:0.0090s ]
SQL: SELECT `create_time` FROM `homyit_frame_log` WHERE `user_id` = 101155 AND `status` = 1 AND `controller` = 'HyStart' AND `action` = 'ajax' AND `description` LIKE '%成功%' ORDER BY id desc LIMIT 2   [ RunTime:0.0430s ]
SQL: SHOW COLUMNS FROM `homyit_frame_notice` [ RunTime:0.0250s ]
NOTIC: [8] Undefined index: associate F:\PHP\wamp\wamp\www\HyAdmin-master\Application\Common\Model\HyFrameModel.class.php 第 141 行.
NOTIC: [8] Undefined index: order F:\PHP\wamp\wamp\www\HyAdmin-master\Application\Common\Model\HyFrameModel.class.php 第 162 行.
NOTIC: [8] Undefined variable: field F:\PHP\wamp\wamp\www\HyAdmin-master\Application\Common\Model\HyFrameModel.class.php 第 181 行.
NOTIC: [8] Undefined index: where F:\PHP\wamp\wamp\www\HyAdmin-master\Application\Common\Model\HyFrameModel.class.php 第 189 行.
NOTIC: [8] Undefined index: decrypt F:\PHP\wamp\wamp\www\HyAdmin-master\Application\Common\Model\HyFrameModel.class.php 第 241 行.
NOTIC: [8] Undefined index: scope F:\PHP\wamp\wamp\www\HyAdmin-master\Application\Common\Model\HyFrameModel.class.php 第 247 行.
NOTIC: [8] Undefined index: count F:\PHP\wamp\wamp\www\HyAdmin-master\Application\Common\Model\HyFrameModel.class.php 第 248 行.
NOTIC: [8] Undefined index: find F:\PHP\wamp\wamp\www\HyAdmin-master\Application\Common\Model\HyFrameModel.class.php 第 254 行.
SQL: SELECT `id`,`title`,`content`,`creator_id`,`file_id`,`create_time`,`update_time`,`status` FROM `homyit_frame_notice` WHERE `status` = 1 ORDER BY id desc LIMIT 5   [ RunTime:0.0010s ]
INFO: [ before_view ] --START--
SQL: SHOW COLUMNS FROM `homyit_frame_alert` [ RunTime:0.0270s ]
SQL: SELECT `id`,`category`,`icon`,`message`,`url`,`type`,`create_time` FROM `homyit_frame_alert` where `to_users` LIKE '%,101155,%' AND ( IFNULL(`read_users`,'')='' OR `read_users` NOT LIKE '%,101155,%') AND `status`=1 ORDER BY `id` DESC [ RunTime:0.0170s ]
INFO: Run Common\Behavior\HyBeforeViewBehavior [ RunTime:0.065004s ]
INFO: [ before_view ] --END-- [ RunTime:0.065004s ]
INFO: [ view_parse ] --START--
INFO: [ template_filter ] --START--
INFO: Run Behavior\ContentReplaceBehavior [ RunTime:0.001000s ]
INFO: [ template_filter ] --END-- [ RunTime:0.002000s ]
INFO: Run Behavior\ParseTemplateBehavior [ RunTime:0.124007s ]
INFO: [ view_parse ] --END-- [ RunTime:0.124007s ]
INFO: [ view_filter ] --START--
INFO: Run Behavior\WriteHtmlCacheBehavior [ RunTime:0.002000s ]
INFO: [ view_filter ] --END-- [ RunTime:0.002000s ]
INFO: [ action_end ] --START--
INFO: Run Common\Behavior\HyLogBehavior [ RunTime:0.000000s ]
INFO: [ action_end ] --END-- [ RunTime:0.001001s ]
INFO: [ app_end ] --START--
INFO: Run Behavior\ShowPageTraceBehavior [ RunTime:0.010000s ]
INFO: [ app_end ] --END-- [ RunTime:0.013000s ]

[ 2016-05-30T19:03:46+08:00 ] 127.0.0.1 /HyAdmin-master/index.php/System/HyChat/ajax?q=list
INFO: [ app_init ] --START--
INFO: Run Behavior\BuildLiteBehavior [ RunTime:0.000000s ]
INFO: [ app_init ] --END-- [ RunTime:0.002000s ]
INFO: [ app_begin ] --START--
INFO: Run Behavior\ReadHtmlCacheBehavior [ RunTime:0.002000s ]
INFO: [ app_begin ] --END-- [ RunTime:0.003000s ]
NOTIC: [8192] mysql_connect(): The mysql extension is deprecated and will be removed in the future: use mysqli or PDO instead F:\PHP\wamp\wamp\www\HyAdmin-master\HomyitCore\Library\Think\Session\Driver\Db.class.php 第 95 行.
INFO: [ action_begin ] --START--
INFO: Run Common\Behavior\HyLogBehavior [ RunTime:0.002000s ]
INFO: [ action_begin ] --END-- [ RunTime:0.002000s ]
NOTIC: [2048] Declaration of Common\Model\HyFrameModel::find() should be compatible with Think\Model::find($options = Array) F:\PHP\wamp\wamp\www\HyAdmin-master\Application\Common\Model\HyFrameModel.class.php 第 13 行.
NOTIC: [8] Undefined index: model F:\PHP\wamp\wamp\www\HyAdmin-master\Application\Common\Controller\HyFrameController.class.php 第 42 行.
SQL: SHOW COLUMNS FROM `homyit_frame_chat` [ RunTime:0.0440s ]
NOTIC: [8] Undefined index: pagetitle F:\PHP\wamp\wamp\www\HyAdmin-master\Application\Common\Model\HyAllModel.class.php 第 403 行.
INFO: [ hy_log ] --START--
NOTIC: [8] Undefined variable: sql F:\PHP\wamp\wamp\www\HyAdmin-master\Application\Common\Behavior\HyLogBehavior.class.php 第 31 行.
INFO: Run Common\Behavior\HyLogBehavior [ RunTime:0.016001s ]
INFO: [ hy_log ] --END-- [ RunTime:0.016001s ]
INFO: [ hy_log ] --START--
NOTIC: [8] Undefined index: style F:\PHP\wamp\wamp\www\HyAdmin-master\Application\Common\Behavior\HyLogBehavior.class.php 第 23 行.
NOTIC: [8] Undefined index: sql F:\PHP\wamp\wamp\www\HyAdmin-master\Application\Common\Behavior\HyLogBehavior.class.php 第 25 行.
INFO: Run Common\Behavior\HyLogBehavior [ RunTime:0.000000s ]
INFO: [ hy_log ] --END-- [ RunTime:-0.001000s ]
NOTIC: [2] Missing argument 1 for System\Model\HyChatModel::lists(), called in F:\PHP\wamp\wamp\www\HyAdmin-master\Application\System\Model\HyChatModel.class.php on line 30 and defined F:\PHP\wamp\wamp\www\HyAdmin-master\Application\System\Model\HyChatModel.class.php 第 34 行.
NOTIC: [8] Undefined variable: offset F:\PHP\wamp\wamp\www\HyAdmin-master\Application\System\Model\HyChatModel.class.php 第 36 行.
NOTIC: [8] Undefined index: field F:\PHP\wamp\wamp\www\HyAdmin-master\Application\Common\Model\HyFrameModel.class.php 第 170 行.
NOTIC: [8] Undefined index: _string F:\PHP\wamp\wamp\www\HyAdmin-master\Application\Common\Model\HyFrameModel.class.php 第 189 行.
NOTIC: [8] Undefined offset: 5 F:\PHP\wamp\wamp\www\HyAdmin-master\Application\Common\Model\HyFrameModel.class.php 第 220 行.
NOTIC: [8] Undefined index: decrypt F:\PHP\wamp\wamp\www\HyAdmin-master\Application\Common\Model\HyFrameModel.class.php 第 241 行.
NOTIC: [8] Undefined index: scope F:\PHP\wamp\wamp\www\HyAdmin-master\Application\Common\Model\HyFrameModel.class.php 第 247 行.
NOTIC: [8] Undefined index: count F:\PHP\wamp\wamp\www\HyAdmin-master\Application\Common\Model\HyFrameModel.class.php 第 248 行.
NOTIC: [8] Undefined index: find F:\PHP\wamp\wamp\www\HyAdmin-master\Application\Common\Model\HyFrameModel.class.php 第 254 行.
SQL: SHOW COLUMNS FROM `homyit_frame_chat` [ RunTime:0.0070s ]
ERR: SQLSTATE[42000]: Syntax error or access violation: 1064 You have an error in your SQL syntax; check the manual that corresponds to your MySQL server version for the right syntax to use near 'WHERE hy.status = 1 ORDER BY hy.id desc LIMIT 10' at line 1

[ 2016-05-30T19:04:00+08:00 ] 127.0.0.1 /HyAdmin-master/index.php/System/HyAlert/all.html
INFO: [ app_init ] --START--
INFO: Run Behavior\BuildLiteBehavior [ RunTime:0.000000s ]
INFO: [ app_init ] --END-- [ RunTime:0.001000s ]
INFO: [ app_begin ] --START--
INFO: Run Behavior\ReadHtmlCacheBehavior [ RunTime:0.002000s ]
INFO: [ app_begin ] --END-- [ RunTime:0.003000s ]
NOTIC: [8192] mysql_connect(): The mysql extension is deprecated and will be removed in the future: use mysqli or PDO instead F:\PHP\wamp\wamp\www\HyAdmin-master\HomyitCore\Library\Think\Session\Driver\Db.class.php 第 95 行.
INFO: [ action_begin ] --START--
INFO: Run Common\Behavior\HyLogBehavior [ RunTime:0.002000s ]
INFO: [ action_begin ] --END-- [ RunTime:0.002000s ]
NOTIC: [2048] Declaration of Common\Model\HyFrameModel::find() should be compatible with Think\Model::find($options = Array) F:\PHP\wamp\wamp\www\HyAdmin-master\Application\Common\Model\HyFrameModel.class.php 第 13 行.
SQL: SHOW COLUMNS FROM `homyit_frame_alert` [ RunTime:0.0090s ]
NOTIC: [8] Undefined index: pagetitle F:\PHP\wamp\wamp\www\HyAdmin-master\Application\Common\Model\HyAllModel.class.php 第 403 行.
INFO: [ hy_log ] --START--
NOTIC: [8] Undefined variable: sql F:\PHP\wamp\wamp\www\HyAdmin-master\Application\Common\Behavior\HyLogBehavior.class.php 第 31 行.
INFO: Run Common\Behavior\HyLogBehavior [ RunTime:0.000000s ]
INFO: [ hy_log ] --END-- [ RunTime:0.000000s ]
INFO: [ hy_log ] --START--
NOTIC: [8] Undefined index: style F:\PHP\wamp\wamp\www\HyAdmin-master\Application\Common\Behavior\HyLogBehavior.class.php 第 23 行.
NOTIC: [8] Undefined index: sql F:\PHP\wamp\wamp\www\HyAdmin-master\Application\Common\Behavior\HyLogBehavior.class.php 第 25 行.
INFO: Run Common\Behavior\HyLogBehavior [ RunTime:0.001000s ]
INFO: [ hy_log ] --END-- [ RunTime:-0.001000s ]
NOTIC: [8] Undefined index: pagetitle F:\PHP\wamp\wamp\www\HyAdmin-master\Application\Common\Model\HyAllModel.class.php 第 403 行.
NOTIC: [8] Undefined index: all F:\PHP\wamp\wamp\www\HyAdmin-master\Application\Common\Model\HyAllModel.class.php 第 911 行.
NOTIC: [8] Undefined index: tips F:\PHP\wamp\wamp\www\HyAdmin-master\Application\Common\Model\HyAllModel.class.php 第 444 行.
NOTIC: [8] Undefined index: search F:\PHP\wamp\wamp\www\HyAdmin-master\Application\Common\Model\HyAllModel.class.php 第 423 行.
NOTIC: [8] Undefined index: form F:\PHP\wamp\wamp\www\HyAdmin-master\Application\Common\Model\HyAllModel.class.php 第 425 行.
NOTIC: [8] Undefined index: options F:\PHP\wamp\wamp\www\HyAdmin-master\Application\Common\Model\HyAllModel.class.php 第 423 行.
NOTIC: [8] Undefined index: form F:\PHP\wamp\wamp\www\HyAdmin-master\Application\Common\Model\HyAllModel.class.php 第 425 行.
NOTIC: [8] Undefined index: form F:\PHP\wamp\wamp\www\HyAdmin-master\Application\Common\Model\HyAllModel.class.php 第 425 行.
NOTIC: [8] Undefined index: title F:\PHP\wamp\wamp\www\HyAdmin-master\Application\Common\Model\HyAllModel.class.php 第 421 行.
NOTIC: [8] Undefined index: form F:\PHP\wamp\wamp\www\HyAdmin-master\Application\Common\Model\HyAllModel.class.php 第 421 行.
NOTIC: [8] Undefined index: search F:\PHP\wamp\wamp\www\HyAdmin-master\Application\Common\Model\HyAllModel.class.php 第 423 行.
NOTIC: [8] Undefined index: form F:\PHP\wamp\wamp\www\HyAdmin-master\Application\Common\Model\HyAllModel.class.php 第 425 行.
NOTIC: [8] Undefined index: form F:\PHP\wamp\wamp\www\HyAdmin-master\Application\Common\Model\HyAllModel.class.php 第 425 行.
NOTIC: [8] Undefined index: search F:\PHP\wamp\wamp\www\HyAdmin-master\Application\Common\Model\HyAllModel.class.php 第 423 行.
NOTIC: [8] Undefined index: form F:\PHP\wamp\wamp\www\HyAdmin-master\Application\Common\Model\HyAllModel.class.php 第 425 行.
NOTIC: [8] Undefined index: title F:\PHP\wamp\wamp\www\HyAdmin-master\Application\Common\Model\HyAllModel.class.php 第 420 行.
NOTIC: [8] Undefined index: title F:\PHP\wamp\wamp\www\HyAdmin-master\Application\Common\Model\HyAllModel.class.php 第 421 行.
NOTIC: [8] Undefined index: form F:\PHP\wamp\wamp\www\HyAdmin-master\Application\Common\Model\HyAllModel.class.php 第 421 行.
NOTIC: [8] Undefined index: search F:\PHP\wamp\wamp\www\HyAdmin-master\Application\Common\Model\HyAllModel.class.php 第 423 行.
NOTIC: [8] Undefined index: form F:\PHP\wamp\wamp\www\HyAdmin-master\Application\Common\Model\HyAllModel.class.php 第 425 行.
INFO: [ before_view ] --START--
SQL: SHOW COLUMNS FROM `homyit_frame_alert` [ RunTime:0.0080s ]
SQL: SELECT `id`,`category`,`icon`,`message`,`url`,`type`,`create_time` FROM `homyit_frame_alert` where `to_users` LIKE '%,101155,%' AND ( IFNULL(`read_users`,'')='' OR `read_users` NOT LIKE '%,101155,%') AND `status`=1 ORDER BY `id` DESC [ RunTime:0.0010s ]
INFO: Run Common\Behavior\HyBeforeViewBehavior [ RunTime:0.015001s ]
INFO: [ before_view ] --END-- [ RunTime:0.015001s ]
INFO: [ view_parse ] --START--
INFO: [ template_filter ] --START--
INFO: Run Behavior\ContentReplaceBehavior [ RunTime:0.001001s ]
INFO: [ template_filter ] --END-- [ RunTime:0.002001s ]
NOTIC: [8] Undefined variable: _middle F:\PHP\wamp\wamp\www\HyAdmin-master\Runtime\Cache\System\9c07dc003a2105c82c74ba68c02f614c.php 第 225 行.
NOTIC: [8] Undefined variable: _bottom F:\PHP\wamp\wamp\www\HyAdmin-master\Runtime\Cache\System\9c07dc003a2105c82c74ba68c02f614c.php 第 244 行.
NOTIC: [8] Undefined variable: _script F:\PHP\wamp\wamp\www\HyAdmin-master\Runtime\Cache\System\9c07dc003a2105c82c74ba68c02f614c.php 第 303 行.
NOTIC: [8] Undefined variable: hyMenu F:\PHP\wamp\wamp\www\HyAdmin-master\Runtime\Cache\System\9c07dc003a2105c82c74ba68c02f614c.php 第 316 行.
INFO: Run Behavior\ParseTemplateBehavior [ RunTime:0.107006s ]
INFO: [ view_parse ] --END-- [ RunTime:0.107006s ]
INFO: [ view_filter ] --START--
INFO: Run Behavior\WriteHtmlCacheBehavior [ RunTime:0.001000s ]
INFO: [ view_filter ] --END-- [ RunTime:0.002000s ]
INFO: [ app_end ] --START--
INFO: Run Behavior\ShowPageTraceBehavior [ RunTime:0.003000s ]
INFO: [ app_end ] --END-- [ RunTime:0.003000s ]

[ 2016-05-30T19:04:01+08:00 ] 127.0.0.1 /HyAdmin-master/index.php/System/HyAlert/ajax?q=list
INFO: [ app_init ] --START--
INFO: Run Behavior\BuildLiteBehavior [ RunTime:0.000000s ]
INFO: [ app_init ] --END-- [ RunTime:0.002000s ]
INFO: [ app_begin ] --START--
INFO: Run Behavior\ReadHtmlCacheBehavior [ RunTime:0.002000s ]
INFO: [ app_begin ] --END-- [ RunTime:0.002000s ]
NOTIC: [8192] mysql_connect(): The mysql extension is deprecated and will be removed in the future: use mysqli or PDO instead F:\PHP\wamp\wamp\www\HyAdmin-master\HomyitCore\Library\Think\Session\Driver\Db.class.php 第 95 行.
INFO: [ action_begin ] --START--
INFO: Run Common\Behavior\HyLogBehavior [ RunTime:0.003000s ]
INFO: [ action_begin ] --END-- [ RunTime:0.004000s ]
NOTIC: [2048] Declaration of Common\Model\HyFrameModel::find() should be compatible with Think\Model::find($options = Array) F:\PHP\wamp\wamp\www\HyAdmin-master\Application\Common\Model\HyFrameModel.class.php 第 13 行.
SQL: SHOW COLUMNS FROM `homyit_frame_alert` [ RunTime:0.0080s ]
NOTIC: [8] Undefined index: pagetitle F:\PHP\wamp\wamp\www\HyAdmin-master\Application\Common\Model\HyAllModel.class.php 第 403 行.
INFO: [ hy_log ] --START--
NOTIC: [8] Undefined variable: sql F:\PHP\wamp\wamp\www\HyAdmin-master\Application\Common\Behavior\HyLogBehavior.class.php 第 31 行.
INFO: Run Common\Behavior\HyLogBehavior [ RunTime:0.001000s ]
INFO: [ hy_log ] --END-- [ RunTime:0.001000s ]
INFO: [ hy_log ] --START--
NOTIC: [8] Undefined index: style F:\PHP\wamp\wamp\www\HyAdmin-master\Application\Common\Behavior\HyLogBehavior.class.php 第 23 行.
NOTIC: [8] Undefined index: sql F:\PHP\wamp\wamp\www\HyAdmin-master\Application\Common\Behavior\HyLogBehavior.class.php 第 25 行.
INFO: Run Common\Behavior\HyLogBehavior [ RunTime:0.000000s ]
INFO: [ hy_log ] --END-- [ RunTime:0.000000s ]
NOTIC: [8] Undefined index: limit F:\PHP\wamp\wamp\www\HyAdmin-master\Application\Common\Model\HyFrameModel.class.php 第 160 行.
NOTIC: [8] Undefined index: order F:\PHP\wamp\wamp\www\HyAdmin-master\Application\Common\Model\HyFrameModel.class.php 第 162 行.
NOTIC: [8] Undefined index: field F:\PHP\wamp\wamp\www\HyAdmin-master\Application\Common\Model\HyFrameModel.class.php 第 170 行.
NOTIC: [8] Undefined index: where F:\PHP\wamp\wamp\www\HyAdmin-master\Application\Common\Model\HyFrameModel.class.php 第 189 行.
NOTIC: [8] Undefined offset: 5 F:\PHP\wamp\wamp\www\HyAdmin-master\Application\Common\Model\HyFrameModel.class.php 第 220 行.
NOTIC: [8] Undefined index: decrypt F:\PHP\wamp\wamp\www\HyAdmin-master\Application\Common\Model\HyFrameModel.class.php 第 241 行.
SQL: SHOW COLUMNS FROM `homyit_frame_alert` [ RunTime:0.0080s ]
ERR: SQLSTATE[42000]: Syntax error or access violation: 1064 You have an error in your SQL syntax; check the manual that corresponds to your MySQL server version for the right syntax to use near 'WHERE ( to_users LIKE '%,101155,%' ) AND hy.status = 1' at line 1

[ 2016-05-30T19:04:02+08:00 ] 127.0.0.1 /HyAdmin-master/index.php/System/HyAlert/favicon.ico
INFO: [ app_init ] --START--
INFO: Run Behavior\BuildLiteBehavior [ RunTime:0.000000s ]
INFO: [ app_init ] --END-- [ RunTime:0.002000s ]

[ 2016-05-30T19:04:06+08:00 ] 127.0.0.1 /HyAdmin-master/index.php/System/HyAlert/ajax?q=list
INFO: [ app_init ] --START--
INFO: Run Behavior\BuildLiteBehavior [ RunTime:0.000000s ]
INFO: [ app_init ] --END-- [ RunTime:0.001000s ]
INFO: [ app_begin ] --START--
INFO: Run Behavior\ReadHtmlCacheBehavior [ RunTime:0.002000s ]
INFO: [ app_begin ] --END-- [ RunTime:0.003000s ]
NOTIC: [8192] mysql_connect(): The mysql extension is deprecated and will be removed in the future: use mysqli or PDO instead F:\PHP\wamp\wamp\www\HyAdmin-master\HomyitCore\Library\Think\Session\Driver\Db.class.php 第 95 行.
INFO: [ action_begin ] --START--
INFO: Run Common\Behavior\HyLogBehavior [ RunTime:0.004001s ]
INFO: [ action_begin ] --END-- [ RunTime:0.004001s ]
NOTIC: [2048] Declaration of Common\Model\HyFrameModel::find() should be compatible with Think\Model::find($options = Array) F:\PHP\wamp\wamp\www\HyAdmin-master\Application\Common\Model\HyFrameModel.class.php 第 13 行.
SQL: SHOW COLUMNS FROM `homyit_frame_alert` [ RunTime:0.0080s ]
NOTIC: [8] Undefined index: pagetitle F:\PHP\wamp\wamp\www\HyAdmin-master\Application\Common\Model\HyAllModel.class.php 第 403 行.
INFO: [ hy_log ] --START--
NOTIC: [8] Undefined variable: sql F:\PHP\wamp\wamp\www\HyAdmin-master\Application\Common\Behavior\HyLogBehavior.class.php 第 31 行.
INFO: Run Common\Behavior\HyLogBehavior [ RunTime:0.000000s ]
INFO: [ hy_log ] --END-- [ RunTime:0.000000s ]
INFO: [ hy_log ] --START--
NOTIC: [8] Undefined index: style F:\PHP\wamp\wamp\www\HyAdmin-master\Application\Common\Behavior\HyLogBehavior.class.php 第 23 行.
NOTIC: [8] Undefined index: sql F:\PHP\wamp\wamp\www\HyAdmin-master\Application\Common\Behavior\HyLogBehavior.class.php 第 25 行.
INFO: Run Common\Behavior\HyLogBehavior [ RunTime:0.000000s ]
INFO: [ hy_log ] --END-- [ RunTime:-0.001000s ]
NOTIC: [8] Undefined index: limit F:\PHP\wamp\wamp\www\HyAdmin-master\Application\Common\Model\HyFrameModel.class.php 第 160 行.
NOTIC: [8] Undefined index: order F:\PHP\wamp\wamp\www\HyAdmin-master\Application\Common\Model\HyFrameModel.class.php 第 162 行.
NOTIC: [8] Undefined index: field F:\PHP\wamp\wamp\www\HyAdmin-master\Application\Common\Model\HyFrameModel.class.php 第 170 行.
NOTIC: [8] Undefined index: where F:\PHP\wamp\wamp\www\HyAdmin-master\Application\Common\Model\HyFrameModel.class.php 第 189 行.
NOTIC: [8] Undefined offset: 5 F:\PHP\wamp\wamp\www\HyAdmin-master\Application\Common\Model\HyFrameModel.class.php 第 220 行.
NOTIC: [8] Undefined index: decrypt F:\PHP\wamp\wamp\www\HyAdmin-master\Application\Common\Model\HyFrameModel.class.php 第 241 行.
SQL: SHOW COLUMNS FROM `homyit_frame_alert` [ RunTime:0.0120s ]
ERR: SQLSTATE[42000]: Syntax error or access violation: 1064 You have an error in your SQL syntax; check the manual that corresponds to your MySQL server version for the right syntax to use near 'WHERE ( to_users LIKE '%,101155,%' ) AND hy.status = 1' at line 1

[ 2016-05-30T19:04:10+08:00 ] 127.0.0.1 /HyAdmin-master/index.php/System/HyNotice/all.html
INFO: [ app_init ] --START--
INFO: Run Behavior\BuildLiteBehavior [ RunTime:0.000000s ]
INFO: [ app_init ] --END-- [ RunTime:0.001000s ]
INFO: [ app_begin ] --START--
INFO: Run Behavior\ReadHtmlCacheBehavior [ RunTime:0.001000s ]
INFO: [ app_begin ] --END-- [ RunTime:0.003000s ]
NOTIC: [8192] mysql_connect(): The mysql extension is deprecated and will be removed in the future: use mysqli or PDO instead F:\PHP\wamp\wamp\www\HyAdmin-master\HomyitCore\Library\Think\Session\Driver\Db.class.php 第 95 行.
INFO: [ action_begin ] --START--
INFO: Run Common\Behavior\HyLogBehavior [ RunTime:0.002000s ]
INFO: [ action_begin ] --END-- [ RunTime:0.003000s ]
NOTIC: [2048] Declaration of Common\Model\HyFrameModel::find() should be compatible with Think\Model::find($options = Array) F:\PHP\wamp\wamp\www\HyAdmin-master\Application\Common\Model\HyFrameModel.class.php 第 13 行.
NOTIC: [8] Undefined index: model F:\PHP\wamp\wamp\www\HyAdmin-master\Application\Common\Controller\HyFrameController.class.php 第 42 行.
SQL: SHOW COLUMNS FROM `homyit_frame_notice` [ RunTime:0.0070s ]
NOTIC: [8] Undefined index: pagetitle F:\PHP\wamp\wamp\www\HyAdmin-master\Application\Common\Model\HyAllModel.class.php 第 403 行.
INFO: [ hy_log ] --START--
NOTIC: [8] Undefined variable: sql F:\PHP\wamp\wamp\www\HyAdmin-master\Application\Common\Behavior\HyLogBehavior.class.php 第 31 行.
INFO: Run Common\Behavior\HyLogBehavior [ RunTime:0.001000s ]
INFO: [ hy_log ] --END-- [ RunTime:0.001000s ]
INFO: [ hy_log ] --START--
NOTIC: [8] Undefined index: style F:\PHP\wamp\wamp\www\HyAdmin-master\Application\Common\Behavior\HyLogBehavior.class.php 第 23 行.
NOTIC: [8] Undefined index: sql F:\PHP\wamp\wamp\www\HyAdmin-master\Application\Common\Behavior\HyLogBehavior.class.php 第 25 行.
INFO: Run Common\Behavior\HyLogBehavior [ RunTime:0.000000s ]
INFO: [ hy_log ] --END-- [ RunTime:0.000000s ]
NOTIC: [8] Undefined index: pagetitle F:\PHP\wamp\wamp\www\HyAdmin-master\Application\Common\Model\HyAllModel.class.php 第 403 行.
NOTIC: [8] Undefined index: all F:\PHP\wamp\wamp\www\HyAdmin-master\Application\Common\Model\HyAllModel.class.php 第 911 行.
NOTIC: [8] Undefined index: tips F:\PHP\wamp\wamp\www\HyAdmin-master\Application\Common\Model\HyAllModel.class.php 第 444 行.
NOTIC: [8] Undefined index: type F:\PHP\wamp\wamp\www\HyAdmin-master\Application\Common\Model\HyAllModel.class.php 第 423 行.
NOTIC: [8] Undefined index: search F:\PHP\wamp\wamp\www\HyAdmin-master\Application\Common\Model\HyAllModel.class.php 第 423 行.
NOTIC: [8] Undefined index: search F:\PHP\wamp\wamp\www\HyAdmin-master\Application\Common\Model\HyAllModel.class.php 第 423 行.
NOTIC: [8] Undefined index: type F:\PHP\wamp\wamp\www\HyAdmin-master\Application\Common\Model\HyAllModel.class.php 第 425 行.
NOTIC: [8] Undefined index: search F:\PHP\wamp\wamp\www\HyAdmin-master\Application\Common\Model\HyAllModel.class.php 第 423 行.
NOTIC: [8] Undefined index: type F:\PHP\wamp\wamp\www\HyAdmin-master\Application\Common\Model\HyAllModel.class.php 第 425 行.
NOTIC: [8] Undefined index: title F:\PHP\wamp\wamp\www\HyAdmin-master\Application\Common\Model\HyAllModel.class.php 第 420 行.
NOTIC: [8] Undefined index: list F:\PHP\wamp\wamp\www\HyAdmin-master\Application\Common\Model\HyAllModel.class.php 第 420 行.
NOTIC: [8] Undefined index: title F:\PHP\wamp\wamp\www\HyAdmin-master\Application\Common\Model\HyAllModel.class.php 第 421 行.
NOTIC: [8] Undefined index: title F:\PHP\wamp\wamp\www\HyAdmin-master\Application\Common\Model\HyAllModel.class.php 第 421 行.
NOTIC: [8] Undefined index: search F:\PHP\wamp\wamp\www\HyAdmin-master\Application\Common\Model\HyAllModel.class.php 第 423 行.
NOTIC: [8] Undefined index: form F:\PHP\wamp\wamp\www\HyAdmin-master\Application\Common\Model\HyAllModel.class.php 第 425 行.
INFO: [ before_view ] --START--
SQL: SHOW COLUMNS FROM `homyit_frame_alert` [ RunTime:0.0080s ]
SQL: SELECT `id`,`category`,`icon`,`message`,`url`,`type`,`create_time` FROM `homyit_frame_alert` where `to_users` LIKE '%,101155,%' AND ( IFNULL(`read_users`,'')='' OR `read_users` NOT LIKE '%,101155,%') AND `status`=1 ORDER BY `id` DESC [ RunTime:0.0010s ]
INFO: Run Common\Behavior\HyBeforeViewBehavior [ RunTime:0.018001s ]
INFO: [ before_view ] --END-- [ RunTime:0.018001s ]
INFO: [ view_parse ] --START--
INFO: [ template_filter ] --START--
INFO: Run Behavior\ContentReplaceBehavior [ RunTime:0.001000s ]
INFO: [ template_filter ] --END-- [ RunTime:0.001000s ]
NOTIC: [8] Undefined variable: _middle F:\PHP\wamp\wamp\www\HyAdmin-master\Runtime\Cache\System\9c07dc003a2105c82c74ba68c02f614c.php 第 225 行.
NOTIC: [8] Undefined variable: _bottom F:\PHP\wamp\wamp\www\HyAdmin-master\Runtime\Cache\System\9c07dc003a2105c82c74ba68c02f614c.php 第 244 行.
NOTIC: [8] Undefined variable: _script F:\PHP\wamp\wamp\www\HyAdmin-master\Runtime\Cache\System\9c07dc003a2105c82c74ba68c02f614c.php 第 303 行.
NOTIC: [8] Undefined variable: hyMenu F:\PHP\wamp\wamp\www\HyAdmin-master\Runtime\Cache\System\9c07dc003a2105c82c74ba68c02f614c.php 第 316 行.
INFO: Run Behavior\ParseTemplateBehavior [ RunTime:0.089005s ]
INFO: [ view_parse ] --END-- [ RunTime:0.089005s ]
INFO: [ view_filter ] --START--
INFO: Run Behavior\WriteHtmlCacheBehavior [ RunTime:0.002000s ]
INFO: [ view_filter ] --END-- [ RunTime:0.002000s ]
INFO: [ app_end ] --START--
INFO: Run Behavior\ShowPageTraceBehavior [ RunTime:0.002000s ]
INFO: [ app_end ] --END-- [ RunTime:0.003000s ]

[ 2016-05-30T19:04:11+08:00 ] 127.0.0.1 /HyAdmin-master/index.php/System/HyNotice/ajax?q=list
INFO: [ app_init ] --START--
INFO: Run Behavior\BuildLiteBehavior [ RunTime:0.000000s ]
INFO: [ app_init ] --END-- [ RunTime:0.002000s ]
INFO: [ app_begin ] --START--
INFO: Run Behavior\ReadHtmlCacheBehavior [ RunTime:0.002000s ]
INFO: [ app_begin ] --END-- [ RunTime:0.002000s ]
NOTIC: [8192] mysql_connect(): The mysql extension is deprecated and will be removed in the future: use mysqli or PDO instead F:\PHP\wamp\wamp\www\HyAdmin-master\HomyitCore\Library\Think\Session\Driver\Db.class.php 第 95 行.
INFO: [ action_begin ] --START--
INFO: Run Common\Behavior\HyLogBehavior [ RunTime:0.002000s ]
INFO: [ action_begin ] --END-- [ RunTime:0.003000s ]
NOTIC: [2048] Declaration of Common\Model\HyFrameModel::find() should be compatible with Think\Model::find($options = Array) F:\PHP\wamp\wamp\www\HyAdmin-master\Application\Common\Model\HyFrameModel.class.php 第 13 行.
NOTIC: [8] Undefined index: model F:\PHP\wamp\wamp\www\HyAdmin-master\Application\Common\Controller\HyFrameController.class.php 第 42 行.
SQL: SHOW COLUMNS FROM `homyit_frame_notice` [ RunTime:0.0080s ]
NOTIC: [8] Undefined index: pagetitle F:\PHP\wamp\wamp\www\HyAdmin-master\Application\Common\Model\HyAllModel.class.php 第 403 行.
INFO: [ hy_log ] --START--
NOTIC: [8] Undefined variable: sql F:\PHP\wamp\wamp\www\HyAdmin-master\Application\Common\Behavior\HyLogBehavior.class.php 第 31 行.
INFO: Run Common\Behavior\HyLogBehavior [ RunTime:0.001000s ]
INFO: [ hy_log ] --END-- [ RunTime:0.001000s ]
INFO: [ hy_log ] --START--
NOTIC: [8] Undefined index: style F:\PHP\wamp\wamp\www\HyAdmin-master\Application\Common\Behavior\HyLogBehavior.class.php 第 23 行.
NOTIC: [8] Undefined index: sql F:\PHP\wamp\wamp\www\HyAdmin-master\Application\Common\Behavior\HyLogBehavior.class.php 第 25 行.
INFO: Run Common\Behavior\HyLogBehavior [ RunTime:0.000000s ]
INFO: [ hy_log ] --END-- [ RunTime:0.000000s ]
NOTIC: [8] Undefined index: associate F:\PHP\wamp\wamp\www\HyAdmin-master\Application\Common\Model\HyFrameModel.class.php 第 141 行.
NOTIC: [8] Undefined index: associate F:\PHP\wamp\wamp\www\HyAdmin-master\Application\Common\Model\HyFrameModel.class.php 第 141 行.
NOTIC: [8] Undefined index: limit F:\PHP\wamp\wamp\www\HyAdmin-master\Application\Common\Model\HyFrameModel.class.php 第 160 行.
NOTIC: [8] Undefined index: order F:\PHP\wamp\wamp\www\HyAdmin-master\Application\Common\Model\HyFrameModel.class.php 第 162 行.
NOTIC: [8] Undefined variable: field F:\PHP\wamp\wamp\www\HyAdmin-master\Application\Common\Model\HyFrameModel.class.php 第 181 行.
NOTIC: [8] Undefined index: where F:\PHP\wamp\wamp\www\HyAdmin-master\Application\Common\Model\HyFrameModel.class.php 第 189 行.
NOTIC: [8] Undefined index: decrypt F:\PHP\wamp\wamp\www\HyAdmin-master\Application\Common\Model\HyFrameModel.class.php 第 241 行.
SQL: SELECT 1 FROM `homyit_frame_notice` WHERE `status` = 1  [ RunTime:0.0010s ]
INFO: [ hy_log ] --START--
NOTIC: [8] Undefined index: style F:\PHP\wamp\wamp\www\HyAdmin-master\Application\Common\Behavior\HyLogBehavior.class.php 第 23 行.
NOTIC: [8] Undefined index: sql F:\PHP\wamp\wamp\www\HyAdmin-master\Application\Common\Behavior\HyLogBehavior.class.php 第 25 行.
INFO: Run Common\Behavior\HyLogBehavior [ RunTime:0.000000s ]
INFO: [ hy_log ] --END-- [ RunTime:-0.006001s ]
NOTIC: [8] Undefined index: hy F:\PHP\wamp\wamp\www\HyAdmin-master\Application\Common\Model\HyFrameModel.class.php 第 140 行.
NOTIC: [8] Undefined index: associate F:\PHP\wamp\wamp\www\HyAdmin-master\Application\Common\Model\HyFrameModel.class.php 第 141 行.
SQL: SELECT `id`,`title`,`content`,`creator_id`,`file_id`,`create_time`,`update_time`,`status` FROM `homyit_frame_notice` WHERE `status` = 1 ORDER BY id desc LIMIT 10   [ RunTime:0.0010s ]
NOTIC: [8] Undefined index: hidden F:\PHP\wamp\wamp\www\HyAdmin-master\Application\Common\Model\HyAllModel.class.php 第 587 行.
NOTIC: [8] Undefined index: hidden F:\PHP\wamp\wamp\www\HyAdmin-master\Application\Common\Model\HyAllModel.class.php 第 587 行.
NOTIC: [8] Undefined index: hidden F:\PHP\wamp\wamp\www\HyAdmin-master\Application\Common\Model\HyAllModel.class.php 第 587 行.
NOTIC: [8] Undefined index: hidden F:\PHP\wamp\wamp\www\HyAdmin-master\Application\Common\Model\HyAllModel.class.php 第 587 行.
NOTIC: [8] Undefined index: title F:\PHP\wamp\wamp\www\HyAdmin-master\Application\Common\Model\HyAllModel.class.php 第 587 行.
NOTIC: [8] Undefined index: {callback} F:\PHP\wamp\wamp\www\HyAdmin-master\Application\Common\Model\HyAllModel.class.php 第 796 行.
NOTIC: [8] Undefined index: callback F:\PHP\wamp\wamp\www\HyAdmin-master\Application\Common\Model\HyAllModel.class.php 第 597 行.
NOTIC: [8] Undefined index: {callback} F:\PHP\wamp\wamp\www\HyAdmin-master\Application\Common\Model\HyAllModel.class.php 第 796 行.
NOTIC: [8] Undefined index: {callback} F:\PHP\wamp\wamp\www\HyAdmin-master\Application\Common\Model\HyAllModel.class.php 第 796 行.
NOTIC: [8] Undefined index: {callback} F:\PHP\wamp\wamp\www\HyAdmin-master\Application\Common\Model\HyAllModel.class.php 第 796 行.
NOTIC: [8] Undefined index: list F:\PHP\wamp\wamp\www\HyAdmin-master\Application\Common\Model\HyAllModel.class.php 第 597 行.
NOTIC: [8] Undefined index: {callback} F:\PHP\wamp\wamp\www\HyAdmin-master\Application\Common\Model\HyAllModel.class.php 第 796 行.
NOTIC: [8] Undefined index: callback F:\PHP\wamp\wamp\www\HyAdmin-master\Application\Common\Model\HyAllModel.class.php 第 597 行.
NOTIC: [8] Undefined index: {callback} F:\PHP\wamp\wamp\www\HyAdmin-master\Application\Common\Model\HyAllModel.class.php 第 796 行.
NOTIC: [8] Undefined index: {callback} F:\PHP\wamp\wamp\www\HyAdmin-master\Application\Common\Model\HyAllModel.class.php 第 796 行.
NOTIC: [8] Undefined index: {callback} F:\PHP\wamp\wamp\www\HyAdmin-master\Application\Common\Model\HyAllModel.class.php 第 796 行.
NOTIC: [8] Undefined index: list F:\PHP\wamp\wamp\www\HyAdmin-master\Application\Common\Model\HyAllModel.class.php 第 597 行.
NOTIC: [8] Undefined index: info F:\PHP\wamp\wamp\www\HyAdmin-master\Application\Common\Model\HyAllModel.class.php 第 462 行.
INFO: [ hy_log ] --START--
INFO: Run Common\Behavior\HyLogBehavior [ RunTime:0.000000s ]
INFO: [ hy_log ] --END-- [ RunTime:-0.022002s ]

[ 2016-05-30T19:04:12+08:00 ] 127.0.0.1 /HyAdmin-master/index.php/System/HyNotice/favicon.ico
INFO: [ app_init ] --START--
INFO: Run Behavior\BuildLiteBehavior [ RunTime:0.000000s ]
INFO: [ app_init ] --END-- [ RunTime:0.003000s ]

[ 2016-05-30T19:04:13+08:00 ] 127.0.0.1 /HyAdmin-master/index.php/System/HyAlert/all.html
INFO: [ app_init ] --START--
INFO: Run Behavior\BuildLiteBehavior [ RunTime:0.000000s ]
INFO: [ app_init ] --END-- [ RunTime:0.001000s ]
INFO: [ app_begin ] --START--
INFO: Run Behavior\ReadHtmlCacheBehavior [ RunTime:0.002000s ]
INFO: [ app_begin ] --END-- [ RunTime:0.002000s ]
NOTIC: [8192] mysql_connect(): The mysql extension is deprecated and will be removed in the future: use mysqli or PDO instead F:\PHP\wamp\wamp\www\HyAdmin-master\HomyitCore\Library\Think\Session\Driver\Db.class.php 第 95 行.
INFO: [ action_begin ] --START--
INFO: Run Common\Behavior\HyLogBehavior [ RunTime:0.003000s ]
INFO: [ action_begin ] --END-- [ RunTime:0.004000s ]
NOTIC: [2048] Declaration of Common\Model\HyFrameModel::find() should be compatible with Think\Model::find($options = Array) F:\PHP\wamp\wamp\www\HyAdmin-master\Application\Common\Model\HyFrameModel.class.php 第 13 行.
SQL: SHOW COLUMNS FROM `homyit_frame_alert` [ RunTime:0.0070s ]
NOTIC: [8] Undefined index: pagetitle F:\PHP\wamp\wamp\www\HyAdmin-master\Application\Common\Model\HyAllModel.class.php 第 403 行.
INFO: [ hy_log ] --START--
NOTIC: [8] Undefined variable: sql F:\PHP\wamp\wamp\www\HyAdmin-master\Application\Common\Behavior\HyLogBehavior.class.php 第 31 行.
INFO: Run Common\Behavior\HyLogBehavior [ RunTime:0.000000s ]
INFO: [ hy_log ] --END-- [ RunTime:0.001000s ]
INFO: [ hy_log ] --START--
NOTIC: [8] Undefined index: style F:\PHP\wamp\wamp\www\HyAdmin-master\Application\Common\Behavior\HyLogBehavior.class.php 第 23 行.
NOTIC: [8] Undefined index: sql F:\PHP\wamp\wamp\www\HyAdmin-master\Application\Common\Behavior\HyLogBehavior.class.php 第 25 行.
INFO: Run Common\Behavior\HyLogBehavior [ RunTime:0.000000s ]
INFO: [ hy_log ] --END-- [ RunTime:-0.001000s ]
NOTIC: [8] Undefined index: pagetitle F:\PHP\wamp\wamp\www\HyAdmin-master\Application\Common\Model\HyAllModel.class.php 第 403 行.
NOTIC: [8] Undefined index: all F:\PHP\wamp\wamp\www\HyAdmin-master\Application\Common\Model\HyAllModel.class.php 第 911 行.
NOTIC: [8] Undefined index: tips F:\PHP\wamp\wamp\www\HyAdmin-master\Application\Common\Model\HyAllModel.class.php 第 444 行.
NOTIC: [8] Undefined index: search F:\PHP\wamp\wamp\www\HyAdmin-master\Application\Common\Model\HyAllModel.class.php 第 423 行.
NOTIC: [8] Undefined index: form F:\PHP\wamp\wamp\www\HyAdmin-master\Application\Common\Model\HyAllModel.class.php 第 425 行.
NOTIC: [8] Undefined index: options F:\PHP\wamp\wamp\www\HyAdmin-master\Application\Common\Model\HyAllModel.class.php 第 423 行.
NOTIC: [8] Undefined index: form F:\PHP\wamp\wamp\www\HyAdmin-master\Application\Common\Model\HyAllModel.class.php 第 425 行.
NOTIC: [8] Undefined index: form F:\PHP\wamp\wamp\www\HyAdmin-master\Application\Common\Model\HyAllModel.class.php 第 425 行.
NOTIC: [8] Undefined index: title F:\PHP\wamp\wamp\www\HyAdmin-master\Application\Common\Model\HyAllModel.class.php 第 421 行.
NOTIC: [8] Undefined index: form F:\PHP\wamp\wamp\www\HyAdmin-master\Application\Common\Model\HyAllModel.class.php 第 421 行.
NOTIC: [8] Undefined index: search F:\PHP\wamp\wamp\www\HyAdmin-master\Application\Common\Model\HyAllModel.class.php 第 423 行.
NOTIC: [8] Undefined index: form F:\PHP\wamp\wamp\www\HyAdmin-master\Application\Common\Model\HyAllModel.class.php 第 425 行.
NOTIC: [8] Undefined index: form F:\PHP\wamp\wamp\www\HyAdmin-master\Application\Common\Model\HyAllModel.class.php 第 425 行.
NOTIC: [8] Undefined index: search F:\PHP\wamp\wamp\www\HyAdmin-master\Application\Common\Model\HyAllModel.class.php 第 423 行.
NOTIC: [8] Undefined index: form F:\PHP\wamp\wamp\www\HyAdmin-master\Application\Common\Model\HyAllModel.class.php 第 425 行.
NOTIC: [8] Undefined index: title F:\PHP\wamp\wamp\www\HyAdmin-master\Application\Common\Model\HyAllModel.class.php 第 420 行.
NOTIC: [8] Undefined index: title F:\PHP\wamp\wamp\www\HyAdmin-master\Application\Common\Model\HyAllModel.class.php 第 421 行.
NOTIC: [8] Undefined index: form F:\PHP\wamp\wamp\www\HyAdmin-master\Application\Common\Model\HyAllModel.class.php 第 421 行.
NOTIC: [8] Undefined index: search F:\PHP\wamp\wamp\www\HyAdmin-master\Application\Common\Model\HyAllModel.class.php 第 423 行.
NOTIC: [8] Undefined index: form F:\PHP\wamp\wamp\www\HyAdmin-master\Application\Common\Model\HyAllModel.class.php 第 425 行.
INFO: [ before_view ] --START--
SQL: SHOW COLUMNS FROM `homyit_frame_alert` [ RunTime:0.0070s ]
SQL: SELECT `id`,`category`,`icon`,`message`,`url`,`type`,`create_time` FROM `homyit_frame_alert` where `to_users` LIKE '%,101155,%' AND ( IFNULL(`read_users`,'')='' OR `read_users` NOT LIKE '%,101155,%') AND `status`=1 ORDER BY `id` DESC [ RunTime:0.0010s ]
INFO: Run Common\Behavior\HyBeforeViewBehavior [ RunTime:0.014000s ]
INFO: [ before_view ] --END-- [ RunTime:0.015000s ]
INFO: [ view_parse ] --START--
INFO: [ template_filter ] --START--
INFO: Run Behavior\ContentReplaceBehavior [ RunTime:0.001000s ]
INFO: [ template_filter ] --END-- [ RunTime:0.002000s ]
NOTIC: [8] Undefined variable: _middle F:\PHP\wamp\wamp\www\HyAdmin-master\Runtime\Cache\System\9c07dc003a2105c82c74ba68c02f614c.php 第 225 行.
NOTIC: [8] Undefined variable: _bottom F:\PHP\wamp\wamp\www\HyAdmin-master\Runtime\Cache\System\9c07dc003a2105c82c74ba68c02f614c.php 第 244 行.
NOTIC: [8] Undefined variable: _script F:\PHP\wamp\wamp\www\HyAdmin-master\Runtime\Cache\System\9c07dc003a2105c82c74ba68c02f614c.php 第 303 行.
NOTIC: [8] Undefined variable: hyMenu F:\PHP\wamp\wamp\www\HyAdmin-master\Runtime\Cache\System\9c07dc003a2105c82c74ba68c02f614c.php 第 316 行.
INFO: Run Behavior\ParseTemplateBehavior [ RunTime:0.088005s ]
INFO: [ view_parse ] --END-- [ RunTime:0.088005s ]
INFO: [ view_filter ] --START--
INFO: Run Behavior\WriteHtmlCacheBehavior [ RunTime:0.001000s ]
INFO: [ view_filter ] --END-- [ RunTime:0.003000s ]
INFO: [ app_end ] --START--
INFO: Run Behavior\ShowPageTraceBehavior [ RunTime:0.002000s ]
INFO: [ app_end ] --END-- [ RunTime:0.003000s ]

[ 2016-05-30T19:04:14+08:00 ] 127.0.0.1 /HyAdmin-master/index.php/System/HyAlert/ajax?q=list
INFO: [ app_init ] --START--
INFO: Run Behavior\BuildLiteBehavior [ RunTime:0.000000s ]
INFO: [ app_init ] --END-- [ RunTime:0.002000s ]
INFO: [ app_begin ] --START--
INFO: Run Behavior\ReadHtmlCacheBehavior [ RunTime:0.001000s ]
INFO: [ app_begin ] --END-- [ RunTime:0.002000s ]
NOTIC: [8192] mysql_connect(): The mysql extension is deprecated and will be removed in the future: use mysqli or PDO instead F:\PHP\wamp\wamp\www\HyAdmin-master\HomyitCore\Library\Think\Session\Driver\Db.class.php 第 95 行.
INFO: [ action_begin ] --START--
INFO: Run Common\Behavior\HyLogBehavior [ RunTime:0.003000s ]
INFO: [ action_begin ] --END-- [ RunTime:0.003000s ]
NOTIC: [2048] Declaration of Common\Model\HyFrameModel::find() should be compatible with Think\Model::find($options = Array) F:\PHP\wamp\wamp\www\HyAdmin-master\Application\Common\Model\HyFrameModel.class.php 第 13 行.
SQL: SHOW COLUMNS FROM `homyit_frame_alert` [ RunTime:0.0080s ]
NOTIC: [8] Undefined index: pagetitle F:\PHP\wamp\wamp\www\HyAdmin-master\Application\Common\Model\HyAllModel.class.php 第 403 行.
INFO: [ hy_log ] --START--
NOTIC: [8] Undefined variable: sql F:\PHP\wamp\wamp\www\HyAdmin-master\Application\Common\Behavior\HyLogBehavior.class.php 第 31 行.
INFO: Run Common\Behavior\HyLogBehavior [ RunTime:0.001000s ]
INFO: [ hy_log ] --END-- [ RunTime:0.001000s ]
INFO: [ hy_log ] --START--
NOTIC: [8] Undefined index: style F:\PHP\wamp\wamp\www\HyAdmin-master\Application\Common\Behavior\HyLogBehavior.class.php 第 23 行.
NOTIC: [8] Undefined index: sql F:\PHP\wamp\wamp\www\HyAdmin-master\Application\Common\Behavior\HyLogBehavior.class.php 第 25 行.
INFO: Run Common\Behavior\HyLogBehavior [ RunTime:0.001000s ]
INFO: [ hy_log ] --END-- [ RunTime:0.000000s ]
NOTIC: [8] Undefined index: limit F:\PHP\wamp\wamp\www\HyAdmin-master\Application\Common\Model\HyFrameModel.class.php 第 160 行.
NOTIC: [8] Undefined index: order F:\PHP\wamp\wamp\www\HyAdmin-master\Application\Common\Model\HyFrameModel.class.php 第 162 行.
NOTIC: [8] Undefined index: field F:\PHP\wamp\wamp\www\HyAdmin-master\Application\Common\Model\HyFrameModel.class.php 第 170 行.
NOTIC: [8] Undefined index: where F:\PHP\wamp\wamp\www\HyAdmin-master\Application\Common\Model\HyFrameModel.class.php 第 189 行.
NOTIC: [8] Undefined offset: 5 F:\PHP\wamp\wamp\www\HyAdmin-master\Application\Common\Model\HyFrameModel.class.php 第 220 行.
NOTIC: [8] Undefined index: decrypt F:\PHP\wamp\wamp\www\HyAdmin-master\Application\Common\Model\HyFrameModel.class.php 第 241 行.
SQL: SHOW COLUMNS FROM `homyit_frame_alert` [ RunTime:0.0090s ]
ERR: SQLSTATE[42000]: Syntax error or access violation: 1064 You have an error in your SQL syntax; check the manual that corresponds to your MySQL server version for the right syntax to use near 'WHERE ( to_users LIKE '%,101155,%' ) AND hy.status = 1' at line 1

[ 2016-05-30T19:04:16+08:00 ] 127.0.0.1 /HyAdmin-master/index.php/System/Inbox/all.html
INFO: [ app_init ] --START--
INFO: Run Behavior\BuildLiteBehavior [ RunTime:0.000000s ]
INFO: [ app_init ] --END-- [ RunTime:0.002001s ]
INFO: [ app_begin ] --START--
INFO: Run Behavior\ReadHtmlCacheBehavior [ RunTime:0.002000s ]
INFO: [ app_begin ] --END-- [ RunTime:0.002000s ]
NOTIC: [8192] mysql_connect(): The mysql extension is deprecated and will be removed in the future: use mysqli or PDO instead F:\PHP\wamp\wamp\www\HyAdmin-master\HomyitCore\Library\Think\Session\Driver\Db.class.php 第 95 行.
INFO: [ action_begin ] --START--
INFO: Run Common\Behavior\HyLogBehavior [ RunTime:0.002000s ]
INFO: [ action_begin ] --END-- [ RunTime:0.003000s ]
NOTIC: [2048] Declaration of Common\Model\HyFrameModel::find() should be compatible with Think\Model::find($options = Array) F:\PHP\wamp\wamp\www\HyAdmin-master\Application\Common\Model\HyFrameModel.class.php 第 13 行.
NOTIC: [8] Undefined index: model F:\PHP\wamp\wamp\www\HyAdmin-master\Application\Common\Controller\HyFrameController.class.php 第 42 行.
ERR: SQLSTATE[42S02]: Base table or view not found: 1146 Table 'homyit_hyframe.homyit_inbox' doesn't exist

[ 2016-05-30T19:04:18+08:00 ] 127.0.0.1 /HyAdmin-master/index.php/System/HyAlert/ajax?q=list
INFO: [ app_init ] --START--
INFO: Run Behavior\BuildLiteBehavior [ RunTime:0.000000s ]
INFO: [ app_init ] --END-- [ RunTime:0.002000s ]
INFO: [ app_begin ] --START--
INFO: Run Behavior\ReadHtmlCacheBehavior [ RunTime:0.002000s ]
INFO: [ app_begin ] --END-- [ RunTime:0.002000s ]
NOTIC: [8192] mysql_connect(): The mysql extension is deprecated and will be removed in the future: use mysqli or PDO instead F:\PHP\wamp\wamp\www\HyAdmin-master\HomyitCore\Library\Think\Session\Driver\Db.class.php 第 95 行.
INFO: [ action_begin ] --START--
INFO: Run Common\Behavior\HyLogBehavior [ RunTime:0.003000s ]
INFO: [ action_begin ] --END-- [ RunTime:0.003000s ]
NOTIC: [2048] Declaration of Common\Model\HyFrameModel::find() should be compatible with Think\Model::find($options = Array) F:\PHP\wamp\wamp\www\HyAdmin-master\Application\Common\Model\HyFrameModel.class.php 第 13 行.
SQL: SHOW COLUMNS FROM `homyit_frame_alert` [ RunTime:0.0090s ]
NOTIC: [8] Undefined index: pagetitle F:\PHP\wamp\wamp\www\HyAdmin-master\Application\Common\Model\HyAllModel.class.php 第 403 行.
INFO: [ hy_log ] --START--
NOTIC: [8] Undefined variable: sql F:\PHP\wamp\wamp\www\HyAdmin-master\Application\Common\Behavior\HyLogBehavior.class.php 第 31 行.
INFO: Run Common\Behavior\HyLogBehavior [ RunTime:0.000000s ]
INFO: [ hy_log ] --END-- [ RunTime:0.001000s ]
INFO: [ hy_log ] --START--
NOTIC: [8] Undefined index: style F:\PHP\wamp\wamp\www\HyAdmin-master\Application\Common\Behavior\HyLogBehavior.class.php 第 23 行.
NOTIC: [8] Undefined index: sql F:\PHP\wamp\wamp\www\HyAdmin-master\Application\Common\Behavior\HyLogBehavior.class.php 第 25 行.
INFO: Run Common\Behavior\HyLogBehavior [ RunTime:0.001000s ]
INFO: [ hy_log ] --END-- [ RunTime:0.000000s ]
NOTIC: [8] Undefined index: limit F:\PHP\wamp\wamp\www\HyAdmin-master\Application\Common\Model\HyFrameModel.class.php 第 160 行.
NOTIC: [8] Undefined index: order F:\PHP\wamp\wamp\www\HyAdmin-master\Application\Common\Model\HyFrameModel.class.php 第 162 行.
NOTIC: [8] Undefined index: field F:\PHP\wamp\wamp\www\HyAdmin-master\Application\Common\Model\HyFrameModel.class.php 第 170 行.
NOTIC: [8] Undefined index: where F:\PHP\wamp\wamp\www\HyAdmin-master\Application\Common\Model\HyFrameModel.class.php 第 189 行.
NOTIC: [8] Undefined offset: 5 F:\PHP\wamp\wamp\www\HyAdmin-master\Application\Common\Model\HyFrameModel.class.php 第 220 行.
NOTIC: [8] Undefined index: decrypt F:\PHP\wamp\wamp\www\HyAdmin-master\Application\Common\Model\HyFrameModel.class.php 第 241 行.
SQL: SHOW COLUMNS FROM `homyit_frame_alert` [ RunTime:0.0080s ]
ERR: SQLSTATE[42000]: Syntax error or access violation: 1064 You have an error in your SQL syntax; check the manual that corresponds to your MySQL server version for the right syntax to use near 'WHERE ( to_users LIKE '%,101155,%' ) AND hy.status = 1' at line 1

[ 2016-05-30T19:05:38+08:00 ] 127.0.0.1 /HyAdmin-master/
INFO: [ app_init ] --START--
INFO: Run Behavior\BuildLiteBehavior [ RunTime:0.000000s ]
INFO: [ app_init ] --END-- [ RunTime:0.002000s ]
INFO: [ app_begin ] --START--
INFO: Run Behavior\ReadHtmlCacheBehavior [ RunTime:0.002001s ]
INFO: [ app_begin ] --END-- [ RunTime:0.003001s ]
NOTIC: [8192] mysql_connect(): The mysql extension is deprecated and will be removed in the future: use mysqli or PDO instead F:\PHP\wamp\wamp\www\HyAdmin-master\HomyitCore\Library\Think\Session\Driver\Db.class.php 第 95 行.
INFO: [ action_begin ] --START--
INFO: Run Common\Behavior\HyLogBehavior [ RunTime:0.003001s ]
INFO: [ action_begin ] --END-- [ RunTime:0.003001s ]
NOTIC: [2048] Declaration of Common\Model\HyFrameModel::find() should be compatible with Think\Model::find($options = Array) F:\PHP\wamp\wamp\www\HyAdmin-master\Application\Common\Model\HyFrameModel.class.php 第 13 行.
NOTIC: [8] Undefined index: model F:\PHP\wamp\wamp\www\HyAdmin-master\Application\Common\Controller\HyFrameController.class.php 第 42 行.
SQL: SHOW COLUMNS FROM `homyit_frame_log` [ RunTime:0.0090s ]
SQL: SELECT `create_time` FROM `homyit_frame_log` WHERE `user_id` = 101155 AND `status` = 1 AND `controller` = 'HyStart' AND `action` = 'ajax' AND `description` LIKE '%成功%' ORDER BY id desc LIMIT 2   [ RunTime:0.0030s ]
SQL: SHOW COLUMNS FROM `homyit_frame_notice` [ RunTime:0.0080s ]
NOTIC: [8] Undefined index: associate F:\PHP\wamp\wamp\www\HyAdmin-master\Application\Common\Model\HyFrameModel.class.php 第 141 行.
NOTIC: [8] Undefined index: order F:\PHP\wamp\wamp\www\HyAdmin-master\Application\Common\Model\HyFrameModel.class.php 第 162 行.
NOTIC: [8] Undefined variable: field F:\PHP\wamp\wamp\www\HyAdmin-master\Application\Common\Model\HyFrameModel.class.php 第 181 行.
NOTIC: [8] Undefined index: where F:\PHP\wamp\wamp\www\HyAdmin-master\Application\Common\Model\HyFrameModel.class.php 第 189 行.
NOTIC: [8] Undefined index: decrypt F:\PHP\wamp\wamp\www\HyAdmin-master\Application\Common\Model\HyFrameModel.class.php 第 241 行.
NOTIC: [8] Undefined index: scope F:\PHP\wamp\wamp\www\HyAdmin-master\Application\Common\Model\HyFrameModel.class.php 第 247 行.
NOTIC: [8] Undefined index: count F:\PHP\wamp\wamp\www\HyAdmin-master\Application\Common\Model\HyFrameModel.class.php 第 248 行.
NOTIC: [8] Undefined index: find F:\PHP\wamp\wamp\www\HyAdmin-master\Application\Common\Model\HyFrameModel.class.php 第 254 行.
SQL: SELECT `id`,`title`,`content`,`creator_id`,`file_id`,`create_time`,`update_time`,`status` FROM `homyit_frame_notice` WHERE `status` = 1 ORDER BY id desc LIMIT 5   [ RunTime:0.0010s ]
INFO: [ before_view ] --START--
SQL: SHOW COLUMNS FROM `homyit_frame_alert` [ RunTime:0.0080s ]
SQL: SELECT `id`,`category`,`icon`,`message`,`url`,`type`,`create_time` FROM `homyit_frame_alert` where `to_users` LIKE '%,101155,%' AND ( IFNULL(`read_users`,'')='' OR `read_users` NOT LIKE '%,101155,%') AND `status`=1 ORDER BY `id` DESC [ RunTime:0.0010s ]
INFO: Run Common\Behavior\HyBeforeViewBehavior [ RunTime:0.018001s ]
INFO: [ before_view ] --END-- [ RunTime:0.018001s ]
INFO: [ view_parse ] --START--
INFO: [ template_filter ] --START--
INFO: Run Behavior\ContentReplaceBehavior [ RunTime:0.001000s ]
INFO: [ template_filter ] --END-- [ RunTime:0.001000s ]
INFO: Run Behavior\ParseTemplateBehavior [ RunTime:0.120007s ]
INFO: [ view_parse ] --END-- [ RunTime:0.121007s ]
INFO: [ view_filter ] --START--
INFO: Run Behavior\WriteHtmlCacheBehavior [ RunTime:0.002000s ]
INFO: [ view_filter ] --END-- [ RunTime:0.002000s ]
INFO: [ action_end ] --START--
INFO: Run Common\Behavior\HyLogBehavior [ RunTime:0.001001s ]
INFO: [ action_end ] --END-- [ RunTime:0.001001s ]
INFO: [ app_end ] --START--
INFO: Run Behavior\ShowPageTraceBehavior [ RunTime:0.003000s ]
INFO: [ app_end ] --END-- [ RunTime:0.004000s ]

[ 2016-05-30T19:05:40+08:00 ] 127.0.0.1 /HyAdmin-master/index.php/System/HyChat/ajax?q=list
INFO: [ app_init ] --START--
INFO: Run Behavior\BuildLiteBehavior [ RunTime:0.000000s ]
INFO: [ app_init ] --END-- [ RunTime:0.002000s ]
INFO: [ app_begin ] --START--
INFO: Run Behavior\ReadHtmlCacheBehavior [ RunTime:0.002000s ]
INFO: [ app_begin ] --END-- [ RunTime:0.003000s ]
NOTIC: [8192] mysql_connect(): The mysql extension is deprecated and will be removed in the future: use mysqli or PDO instead F:\PHP\wamp\wamp\www\HyAdmin-master\HomyitCore\Library\Think\Session\Driver\Db.class.php 第 95 行.
INFO: [ action_begin ] --START--
INFO: Run Common\Behavior\HyLogBehavior [ RunTime:0.003000s ]
INFO: [ action_begin ] --END-- [ RunTime:0.003000s ]
NOTIC: [2048] Declaration of Common\Model\HyFrameModel::find() should be compatible with Think\Model::find($options = Array) F:\PHP\wamp\wamp\www\HyAdmin-master\Application\Common\Model\HyFrameModel.class.php 第 13 行.
NOTIC: [8] Undefined index: model F:\PHP\wamp\wamp\www\HyAdmin-master\Application\Common\Controller\HyFrameController.class.php 第 42 行.
SQL: SHOW COLUMNS FROM `homyit_frame_chat` [ RunTime:0.0090s ]
NOTIC: [8] Undefined index: pagetitle F:\PHP\wamp\wamp\www\HyAdmin-master\Application\Common\Model\HyAllModel.class.php 第 403 行.
INFO: [ hy_log ] --START--
NOTIC: [8] Undefined variable: sql F:\PHP\wamp\wamp\www\HyAdmin-master\Application\Common\Behavior\HyLogBehavior.class.php 第 31 行.
INFO: Run Common\Behavior\HyLogBehavior [ RunTime:0.000000s ]
INFO: [ hy_log ] --END-- [ RunTime:0.000000s ]
INFO: [ hy_log ] --START--
NOTIC: [8] Undefined index: style F:\PHP\wamp\wamp\www\HyAdmin-master\Application\Common\Behavior\HyLogBehavior.class.php 第 23 行.
NOTIC: [8] Undefined index: sql F:\PHP\wamp\wamp\www\HyAdmin-master\Application\Common\Behavior\HyLogBehavior.class.php 第 25 行.
INFO: Run Common\Behavior\HyLogBehavior [ RunTime:0.000000s ]
INFO: [ hy_log ] --END-- [ RunTime:-0.001000s ]
NOTIC: [2] Missing argument 1 for System\Model\HyChatModel::lists(), called in F:\PHP\wamp\wamp\www\HyAdmin-master\Application\System\Model\HyChatModel.class.php on line 30 and defined F:\PHP\wamp\wamp\www\HyAdmin-master\Application\System\Model\HyChatModel.class.php 第 34 行.
NOTIC: [8] Undefined variable: offset F:\PHP\wamp\wamp\www\HyAdmin-master\Application\System\Model\HyChatModel.class.php 第 36 行.
NOTIC: [8] Undefined index: field F:\PHP\wamp\wamp\www\HyAdmin-master\Application\Common\Model\HyFrameModel.class.php 第 170 行.
NOTIC: [8] Undefined index: _string F:\PHP\wamp\wamp\www\HyAdmin-master\Application\Common\Model\HyFrameModel.class.php 第 189 行.
NOTIC: [8] Undefined offset: 5 F:\PHP\wamp\wamp\www\HyAdmin-master\Application\Common\Model\HyFrameModel.class.php 第 220 行.
NOTIC: [8] Undefined index: decrypt F:\PHP\wamp\wamp\www\HyAdmin-master\Application\Common\Model\HyFrameModel.class.php 第 241 行.
NOTIC: [8] Undefined index: scope F:\PHP\wamp\wamp\www\HyAdmin-master\Application\Common\Model\HyFrameModel.class.php 第 247 行.
NOTIC: [8] Undefined index: count F:\PHP\wamp\wamp\www\HyAdmin-master\Application\Common\Model\HyFrameModel.class.php 第 248 行.
NOTIC: [8] Undefined index: find F:\PHP\wamp\wamp\www\HyAdmin-master\Application\Common\Model\HyFrameModel.class.php 第 254 行.
SQL: SHOW COLUMNS FROM `homyit_frame_chat` [ RunTime:0.0080s ]
ERR: SQLSTATE[42000]: Syntax error or access violation: 1064 You have an error in your SQL syntax; check the manual that corresponds to your MySQL server version for the right syntax to use near 'WHERE hy.status = 1 ORDER BY hy.id desc LIMIT 10' at line 1

[ 2016-05-30T19:06:40+08:00 ] 127.0.0.1 /HyAdmin-master/index.php/System/HyStart/online?keepTry=70yd9aia7is6BhrAz9rmIZGIkx6GdtDzm0S0kz%2BefOU%3D9333973
INFO: [ app_init ] --START--
INFO: Run Behavior\BuildLiteBehavior [ RunTime:0.000000s ]
INFO: [ app_init ] --END-- [ RunTime:0.002000s ]
INFO: [ app_begin ] --START--
INFO: Run Behavior\ReadHtmlCacheBehavior [ RunTime:0.002000s ]
INFO: [ app_begin ] --END-- [ RunTime:0.002000s ]
NOTIC: [8192] mysql_connect(): The mysql extension is deprecated and will be removed in the future: use mysqli or PDO instead F:\PHP\wamp\wamp\www\HyAdmin-master\HomyitCore\Library\Think\Session\Driver\Db.class.php 第 95 行.
INFO: [ action_begin ] --START--
INFO: Run Common\Behavior\HyLogBehavior [ RunTime:0.003000s ]
INFO: [ action_begin ] --END-- [ RunTime:0.005000s ]
NOTIC: [2048] Declaration of Common\Model\HyFrameModel::find() should be compatible with Think\Model::find($options = Array) F:\PHP\wamp\wamp\www\HyAdmin-master\Application\Common\Model\HyFrameModel.class.php 第 13 行.
NOTIC: [8] Undefined index: model F:\PHP\wamp\wamp\www\HyAdmin-master\Application\Common\Controller\HyFrameController.class.php 第 42 行.

[ 2016-05-30T19:07:40+08:00 ] 127.0.0.1 /HyAdmin-master/index.php/System/HyStart/online?keepTry=TDShPeM45AlRPtq7rxgO9x7VW2W9G4KsENLEE25eX%2F4%3D5371069
INFO: [ app_init ] --START--
INFO: Run Behavior\BuildLiteBehavior [ RunTime:0.000000s ]
INFO: [ app_init ] --END-- [ RunTime:0.002000s ]
INFO: [ app_begin ] --START--
INFO: Run Behavior\ReadHtmlCacheBehavior [ RunTime:0.002000s ]
INFO: [ app_begin ] --END-- [ RunTime:0.003001s ]
NOTIC: [8192] mysql_connect(): The mysql extension is deprecated and will be removed in the future: use mysqli or PDO instead F:\PHP\wamp\wamp\www\HyAdmin-master\HomyitCore\Library\Think\Session\Driver\Db.class.php 第 95 行.
INFO: [ action_begin ] --START--
INFO: Run Common\Behavior\HyLogBehavior [ RunTime:0.002001s ]
INFO: [ action_begin ] --END-- [ RunTime:0.003001s ]
NOTIC: [2048] Declaration of Common\Model\HyFrameModel::find() should be compatible with Think\Model::find($options = Array) F:\PHP\wamp\wamp\www\HyAdmin-master\Application\Common\Model\HyFrameModel.class.php 第 13 行.
NOTIC: [8] Undefined index: model F:\PHP\wamp\wamp\www\HyAdmin-master\Application\Common\Controller\HyFrameController.class.php 第 42 行.

[ 2016-05-30T19:08:40+08:00 ] 127.0.0.1 /HyAdmin-master/index.php/System/HyStart/online?keepTry=xCNAWNRR7wxjfyKb22OsvVPxIOZToc%2B85VMhdOXIjqc%3D3500059
INFO: [ app_init ] --START--
INFO: Run Behavior\BuildLiteBehavior [ RunTime:0.000000s ]
INFO: [ app_init ] --END-- [ RunTime:0.002000s ]
INFO: [ app_begin ] --START--
INFO: Run Behavior\ReadHtmlCacheBehavior [ RunTime:0.002000s ]
INFO: [ app_begin ] --END-- [ RunTime:0.002000s ]
NOTIC: [8192] mysql_connect(): The mysql extension is deprecated and will be removed in the future: use mysqli or PDO instead F:\PHP\wamp\wamp\www\HyAdmin-master\HomyitCore\Library\Think\Session\Driver\Db.class.php 第 95 行.
INFO: [ action_begin ] --START--
INFO: Run Common\Behavior\HyLogBehavior [ RunTime:0.002000s ]
INFO: [ action_begin ] --END-- [ RunTime:0.003000s ]
NOTIC: [2048] Declaration of Common\Model\HyFrameModel::find() should be compatible with Think\Model::find($options = Array) F:\PHP\wamp\wamp\www\HyAdmin-master\Application\Common\Model\HyFrameModel.class.php 第 13 行.
NOTIC: [8] Undefined index: model F:\PHP\wamp\wamp\www\HyAdmin-master\Application\Common\Controller\HyFrameController.class.php 第 42 行.

[ 2016-05-30T19:09:40+08:00 ] 127.0.0.1 /HyAdmin-master/index.php/System/HyStart/online?keepTry=OJHCPGbbrfiQyJqujy8jqutKSX2vv9EfiYgbPeRlbZ0%3D8275484
INFO: [ app_init ] --START--
INFO: Run Behavior\BuildLiteBehavior [ RunTime:0.000000s ]
INFO: [ app_init ] --END-- [ RunTime:0.001000s ]
INFO: [ app_begin ] --START--
INFO: Run Behavior\ReadHtmlCacheBehavior [ RunTime:0.002000s ]
INFO: [ app_begin ] --END-- [ RunTime:0.002000s ]
NOTIC: [8192] mysql_connect(): The mysql extension is deprecated and will be removed in the future: use mysqli or PDO instead F:\PHP\wamp\wamp\www\HyAdmin-master\HomyitCore\Library\Think\Session\Driver\Db.class.php 第 95 行.
INFO: [ action_begin ] --START--
INFO: Run Common\Behavior\HyLogBehavior [ RunTime:0.002000s ]
INFO: [ action_begin ] --END-- [ RunTime:0.003000s ]
NOTIC: [2048] Declaration of Common\Model\HyFrameModel::find() should be compatible with Think\Model::find($options = Array) F:\PHP\wamp\wamp\www\HyAdmin-master\Application\Common\Model\HyFrameModel.class.php 第 13 行.
NOTIC: [8] Undefined index: model F:\PHP\wamp\wamp\www\HyAdmin-master\Application\Common\Controller\HyFrameController.class.php 第 42 行.

[ 2016-05-30T19:10:40+08:00 ] 127.0.0.1 /HyAdmin-master/index.php/System/HyStart/online?keepTry=YGBqOUNXIvlqk3W0pRXm56Mr2co6pvL5%2F2oiDAp%2BYiU%3D3646301
INFO: [ app_init ] --START--
INFO: Run Behavior\BuildLiteBehavior [ RunTime:0.000000s ]
INFO: [ app_init ] --END-- [ RunTime:0.002000s ]
INFO: [ app_begin ] --START--
INFO: Run Behavior\ReadHtmlCacheBehavior [ RunTime:0.002001s ]
INFO: [ app_begin ] --END-- [ RunTime:0.003001s ]
NOTIC: [8192] mysql_connect(): The mysql extension is deprecated and will be removed in the future: use mysqli or PDO instead F:\PHP\wamp\wamp\www\HyAdmin-master\HomyitCore\Library\Think\Session\Driver\Db.class.php 第 95 行.
INFO: [ action_begin ] --START--
INFO: Run Common\Behavior\HyLogBehavior [ RunTime:0.003000s ]
INFO: [ action_begin ] --END-- [ RunTime:0.003000s ]
NOTIC: [2048] Declaration of Common\Model\HyFrameModel::find() should be compatible with Think\Model::find($options = Array) F:\PHP\wamp\wamp\www\HyAdmin-master\Application\Common\Model\HyFrameModel.class.php 第 13 行.
NOTIC: [8] Undefined index: model F:\PHP\wamp\wamp\www\HyAdmin-master\Application\Common\Controller\HyFrameController.class.php 第 42 行.

[ 2016-05-30T19:11:40+08:00 ] 127.0.0.1 /HyAdmin-master/index.php/System/HyStart/online?keepTry=LdHRYrj7opJre9CACCWn%2BlbCayKoiwEuwxdrBR%2BSCG4%3D4676260
INFO: [ app_init ] --START--
INFO: Run Behavior\BuildLiteBehavior [ RunTime:0.000000s ]
INFO: [ app_init ] --END-- [ RunTime:0.002000s ]
INFO: [ app_begin ] --START--
INFO: Run Behavior\ReadHtmlCacheBehavior [ RunTime:0.002000s ]
INFO: [ app_begin ] --END-- [ RunTime:0.002000s ]
NOTIC: [8192] mysql_connect(): The mysql extension is deprecated and will be removed in the future: use mysqli or PDO instead F:\PHP\wamp\wamp\www\HyAdmin-master\HomyitCore\Library\Think\Session\Driver\Db.class.php 第 95 行.
INFO: [ action_begin ] --START--
INFO: Run Common\Behavior\HyLogBehavior [ RunTime:0.003000s ]
INFO: [ action_begin ] --END-- [ RunTime:0.003000s ]
NOTIC: [2048] Declaration of Common\Model\HyFrameModel::find() should be compatible with Think\Model::find($options = Array) F:\PHP\wamp\wamp\www\HyAdmin-master\Application\Common\Model\HyFrameModel.class.php 第 13 行.
NOTIC: [8] Undefined index: model F:\PHP\wamp\wamp\www\HyAdmin-master\Application\Common\Controller\HyFrameController.class.php 第 42 行.

[ 2016-05-30T19:12:40+08:00 ] 127.0.0.1 /HyAdmin-master/index.php/System/HyStart/online?keepTry=2tM%2BSfU%2Bqa3PKXkjh%2FYciZott%2F31MYe44t5Co6X9WOM%3D8429727
INFO: [ app_init ] --START--
INFO: Run Behavior\BuildLiteBehavior [ RunTime:0.000000s ]
INFO: [ app_init ] --END-- [ RunTime:0.001000s ]
INFO: [ app_begin ] --START--
INFO: Run Behavior\ReadHtmlCacheBehavior [ RunTime:0.001000s ]
INFO: [ app_begin ] --END-- [ RunTime:0.003000s ]
NOTIC: [8192] mysql_connect(): The mysql extension is deprecated and will be removed in the future: use mysqli or PDO instead F:\PHP\wamp\wamp\www\HyAdmin-master\HomyitCore\Library\Think\Session\Driver\Db.class.php 第 95 行.
INFO: [ action_begin ] --START--
INFO: Run Common\Behavior\HyLogBehavior [ RunTime:0.002000s ]
INFO: [ action_begin ] --END-- [ RunTime:0.003000s ]
NOTIC: [2048] Declaration of Common\Model\HyFrameModel::find() should be compatible with Think\Model::find($options = Array) F:\PHP\wamp\wamp\www\HyAdmin-master\Application\Common\Model\HyFrameModel.class.php 第 13 行.
NOTIC: [8] Undefined index: model F:\PHP\wamp\wamp\www\HyAdmin-master\Application\Common\Controller\HyFrameController.class.php 第 42 行.

[ 2016-05-30T19:13:40+08:00 ] 127.0.0.1 /HyAdmin-master/index.php/System/HyStart/online?keepTry=cqnhdyLcclxB14m5%2F%2FmOdWXr59ymLhLVkxBfbEQkkrY%3D3230431
INFO: [ app_init ] --START--
INFO: Run Behavior\BuildLiteBehavior [ RunTime:0.000000s ]
INFO: [ app_init ] --END-- [ RunTime:0.002000s ]
INFO: [ app_begin ] --START--
INFO: Run Behavior\ReadHtmlCacheBehavior [ RunTime:0.003000s ]
INFO: [ app_begin ] --END-- [ RunTime:0.003000s ]
NOTIC: [8192] mysql_connect(): The mysql extension is deprecated and will be removed in the future: use mysqli or PDO instead F:\PHP\wamp\wamp\www\HyAdmin-master\HomyitCore\Library\Think\Session\Driver\Db.class.php 第 95 行.
INFO: [ action_begin ] --START--
INFO: Run Common\Behavior\HyLogBehavior [ RunTime:0.003000s ]
INFO: [ action_begin ] --END-- [ RunTime:0.004000s ]
NOTIC: [2048] Declaration of Common\Model\HyFrameModel::find() should be compatible with Think\Model::find($options = Array) F:\PHP\wamp\wamp\www\HyAdmin-master\Application\Common\Model\HyFrameModel.class.php 第 13 行.
NOTIC: [8] Undefined index: model F:\PHP\wamp\wamp\www\HyAdmin-master\Application\Common\Controller\HyFrameController.class.php 第 42 行.

[ 2016-05-30T19:14:40+08:00 ] 127.0.0.1 /HyAdmin-master/index.php/System/HyStart/online?keepTry=fiaKfNXAI5r3sLlHAvteVjiQkgeb7EkK240K7qxAMG4%3D8588415
INFO: [ app_init ] --START--
INFO: Run Behavior\BuildLiteBehavior [ RunTime:0.000000s ]
INFO: [ app_init ] --END-- [ RunTime:0.002000s ]
INFO: [ app_begin ] --START--
INFO: Run Behavior\ReadHtmlCacheBehavior [ RunTime:0.001000s ]
INFO: [ app_begin ] --END-- [ RunTime:0.003000s ]
NOTIC: [8192] mysql_connect(): The mysql extension is deprecated and will be removed in the future: use mysqli or PDO instead F:\PHP\wamp\wamp\www\HyAdmin-master\HomyitCore\Library\Think\Session\Driver\Db.class.php 第 95 行.
INFO: [ action_begin ] --START--
INFO: Run Common\Behavior\HyLogBehavior [ RunTime:0.002000s ]
INFO: [ action_begin ] --END-- [ RunTime:0.003000s ]
NOTIC: [2048] Declaration of Common\Model\HyFrameModel::find() should be compatible with Think\Model::find($options = Array) F:\PHP\wamp\wamp\www\HyAdmin-master\Application\Common\Model\HyFrameModel.class.php 第 13 行.
NOTIC: [8] Undefined index: model F:\PHP\wamp\wamp\www\HyAdmin-master\Application\Common\Controller\HyFrameController.class.php 第 42 行.

[ 2016-05-30T19:15:40+08:00 ] 127.0.0.1 /HyAdmin-master/index.php/System/HyStart/online?keepTry=B14WC0TNOxQ%2FQfmEeefS6WSZEHN8Z%2F%2F63iQGld33Qqo%3D4905530
INFO: [ app_init ] --START--
INFO: Run Behavior\BuildLiteBehavior [ RunTime:0.000000s ]
INFO: [ app_init ] --END-- [ RunTime:0.002000s ]
INFO: [ app_begin ] --START--
INFO: Run Behavior\ReadHtmlCacheBehavior [ RunTime:0.001000s ]
INFO: [ app_begin ] --END-- [ RunTime:0.003000s ]
NOTIC: [8192] mysql_connect(): The mysql extension is deprecated and will be removed in the future: use mysqli or PDO instead F:\PHP\wamp\wamp\www\HyAdmin-master\HomyitCore\Library\Think\Session\Driver\Db.class.php 第 95 行.
INFO: [ action_begin ] --START--
INFO: Run Common\Behavior\HyLogBehavior [ RunTime:0.002000s ]
INFO: [ action_begin ] --END-- [ RunTime:0.002000s ]
NOTIC: [2048] Declaration of Common\Model\HyFrameModel::find() should be compatible with Think\Model::find($options = Array) F:\PHP\wamp\wamp\www\HyAdmin-master\Application\Common\Model\HyFrameModel.class.php 第 13 行.
NOTIC: [8] Undefined index: model F:\PHP\wamp\wamp\www\HyAdmin-master\Application\Common\Controller\HyFrameController.class.php 第 42 行.

[ 2016-05-30T19:16:40+08:00 ] 127.0.0.1 /HyAdmin-master/index.php/System/HyStart/online?keepTry=Ju1BFFdRBMFpQUUkH6UMBVox4ogtPg8rJmvk9AcBlWU%3D8623425
INFO: [ app_init ] --START--
INFO: Run Behavior\BuildLiteBehavior [ RunTime:0.000000s ]
INFO: [ app_init ] --END-- [ RunTime:0.002000s ]
INFO: [ app_begin ] --START--
INFO: Run Behavior\ReadHtmlCacheBehavior [ RunTime:0.002000s ]
INFO: [ app_begin ] --END-- [ RunTime:0.002000s ]
NOTIC: [8192] mysql_connect(): The mysql extension is deprecated and will be removed in the future: use mysqli or PDO instead F:\PHP\wamp\wamp\www\HyAdmin-master\HomyitCore\Library\Think\Session\Driver\Db.class.php 第 95 行.
INFO: [ action_begin ] --START--
INFO: Run Common\Behavior\HyLogBehavior [ RunTime:0.003001s ]
INFO: [ action_begin ] --END-- [ RunTime:0.004001s ]
NOTIC: [2048] Declaration of Common\Model\HyFrameModel::find() should be compatible with Think\Model::find($options = Array) F:\PHP\wamp\wamp\www\HyAdmin-master\Application\Common\Model\HyFrameModel.class.php 第 13 行.
NOTIC: [8] Undefined index: model F:\PHP\wamp\wamp\www\HyAdmin-master\Application\Common\Controller\HyFrameController.class.php 第 42 行.

[ 2016-05-30T19:17:40+08:00 ] 127.0.0.1 /HyAdmin-master/index.php/System/HyStart/online?keepTry=szvKN%2FlAO88DxbJm8E3yFvZOtH%2FwxSkz8e0k3TPnEaM%3D6675519
INFO: [ app_init ] --START--
INFO: Run Behavior\BuildLiteBehavior [ RunTime:0.000000s ]
INFO: [ app_init ] --END-- [ RunTime:0.002000s ]
INFO: [ app_begin ] --START--
INFO: Run Behavior\ReadHtmlCacheBehavior [ RunTime:0.001000s ]
INFO: [ app_begin ] --END-- [ RunTime:0.003001s ]
NOTIC: [8192] mysql_connect(): The mysql extension is deprecated and will be removed in the future: use mysqli or PDO instead F:\PHP\wamp\wamp\www\HyAdmin-master\HomyitCore\Library\Think\Session\Driver\Db.class.php 第 95 行.
INFO: [ action_begin ] --START--
INFO: Run Common\Behavior\HyLogBehavior [ RunTime:0.002000s ]
INFO: [ action_begin ] --END-- [ RunTime:0.002000s ]
NOTIC: [2048] Declaration of Common\Model\HyFrameModel::find() should be compatible with Think\Model::find($options = Array) F:\PHP\wamp\wamp\www\HyAdmin-master\Application\Common\Model\HyFrameModel.class.php 第 13 行.
NOTIC: [8] Undefined index: model F:\PHP\wamp\wamp\www\HyAdmin-master\Application\Common\Controller\HyFrameController.class.php 第 42 行.

[ 2016-05-30T19:18:40+08:00 ] 127.0.0.1 /HyAdmin-master/index.php/System/HyStart/online?keepTry=1PIEecZb8DsKidmRuUVvPrKZ2QrK2XYw4pKTpQ2aKTk%3D3172606
INFO: [ app_init ] --START--
INFO: Run Behavior\BuildLiteBehavior [ RunTime:0.001000s ]
INFO: [ app_init ] --END-- [ RunTime:0.002000s ]
INFO: [ app_begin ] --START--
INFO: Run Behavior\ReadHtmlCacheBehavior [ RunTime:0.002000s ]
INFO: [ app_begin ] --END-- [ RunTime:0.002000s ]
NOTIC: [8192] mysql_connect(): The mysql extension is deprecated and will be removed in the future: use mysqli or PDO instead F:\PHP\wamp\wamp\www\HyAdmin-master\HomyitCore\Library\Think\Session\Driver\Db.class.php 第 95 行.
INFO: [ action_begin ] --START--
INFO: Run Common\Behavior\HyLogBehavior [ RunTime:0.002000s ]
INFO: [ action_begin ] --END-- [ RunTime:0.004001s ]
NOTIC: [2048] Declaration of Common\Model\HyFrameModel::find() should be compatible with Think\Model::find($options = Array) F:\PHP\wamp\wamp\www\HyAdmin-master\Application\Common\Model\HyFrameModel.class.php 第 13 行.
NOTIC: [8] Undefined index: model F:\PHP\wamp\wamp\www\HyAdmin-master\Application\Common\Controller\HyFrameController.class.php 第 42 行.

