[ 2016-09-10T09:03:27+08:00 ] ::1 /HyAdmin-master/
INFO: [ app_init ] --START--
INFO: Run Behavior\BuildLiteBehavior [ RunTime:0.000000s ]
INFO: [ app_init ] --END-- [ RunTime:0.296016s ]
INFO: [ app_begin ] --START--
INFO: Run Behavior\ReadHtmlCacheBehavior [ RunTime:0.397023s ]
INFO: [ app_begin ] --END-- [ RunTime:0.398023s ]
NOTIC: [8192] mysql_connect(): The mysql extension is deprecated and will be removed in the future: use mysqli or PDO instead F:\PHP\wamp64\www\HyAdmin-master\HomyitCore\Library\Think\Session\Driver\Db.class.php ç¬¬ 95 è¡Œ.
NOTIC: [2] mysql_connect(): ï¿½ï¿½ï¿½ï¿½Ä¿ï¿½ï¿½ï¿½ï¿½ï¿½ï¿½ï¿½ï¿½ï¿½ï¿½Ü¾ï¿½ï¿½ï¿½ï¿½Þ·ï¿½ï¿½ï¿½ï¿½Ó¡ï¿½
 F:\PHP\wamp64\www\HyAdmin-master\HomyitCore\Library\Think\Session\Driver\Db.class.php ç¬¬ 95 è¡Œ.
NOTIC: [2] mysql_select_db() expects parameter 2 to be resource, boolean given F:\PHP\wamp64\www\HyAdmin-master\HomyitCore\Library\Think\Session\Driver\Db.class.php ç¬¬ 98 è¡Œ.
NOTIC: [8] Undefined offset: 1 F:\PHP\wamp64\www\HyAdmin-master\HomyitCore\Library\Think\Session\Driver\Db.class.php ç¬¬ 124 è¡Œ.
NOTIC: [2] mysql_query() expects parameter 2 to be resource, null given F:\PHP\wamp64\www\HyAdmin-master\HomyitCore\Library\Think\Session\Driver\Db.class.php ç¬¬ 125 è¡Œ.
INFO: [ action_begin ] --START--
INFO: Run Common\Behavior\HyLogBehavior [ RunTime:0.136007s ]
INFO: [ action_begin ] --END-- [ RunTime:0.137008s ]
NOTIC: [2048] Declaration of Common\Model\HyFrameModel::find() should be compatible with Think\Model::find($options = Array) F:\PHP\wamp64\www\HyAdmin-master\Application\Common\Model\HyFrameModel.class.php ç¬¬ 13 è¡Œ.

[ 2016-09-10T09:03:35+08:00 ] ::1 /HyAdmin-master/index.php/System/HyStart/login.html
INFO: [ app_init ] --START--
INFO: Run Behavior\BuildLiteBehavior [ RunTime:0.000000s ]
INFO: [ app_init ] --END-- [ RunTime:0.002000s ]
INFO: [ app_begin ] --START--
INFO: Run Behavior\ReadHtmlCacheBehavior [ RunTime:0.002001s ]
INFO: [ app_begin ] --END-- [ RunTime:0.002001s ]
NOTIC: [8192] mysql_connect(): The mysql extension is deprecated and will be removed in the future: use mysqli or PDO instead F:\PHP\wamp64\www\HyAdmin-master\HomyitCore\Library\Think\Session\Driver\Db.class.php ç¬¬ 95 è¡Œ.
NOTIC: [2] mysql_connect(): ï¿½ï¿½ï¿½ï¿½Ä¿ï¿½ï¿½ï¿½ï¿½ï¿½ï¿½ï¿½ï¿½ï¿½ï¿½Ü¾ï¿½ï¿½ï¿½ï¿½Þ·ï¿½ï¿½ï¿½ï¿½Ó¡ï¿½
 F:\PHP\wamp64\www\HyAdmin-master\HomyitCore\Library\Think\Session\Driver\Db.class.php ç¬¬ 95 è¡Œ.
NOTIC: [2] mysql_select_db() expects parameter 2 to be resource, boolean given F:\PHP\wamp64\www\HyAdmin-master\HomyitCore\Library\Think\Session\Driver\Db.class.php ç¬¬ 98 è¡Œ.
NOTIC: [8] Undefined offset: 1 F:\PHP\wamp64\www\HyAdmin-master\HomyitCore\Library\Think\Session\Driver\Db.class.php ç¬¬ 124 è¡Œ.
NOTIC: [2] mysql_query() expects parameter 2 to be resource, null given F:\PHP\wamp64\www\HyAdmin-master\HomyitCore\Library\Think\Session\Driver\Db.class.php ç¬¬ 125 è¡Œ.
INFO: [ action_begin ] --START--
INFO: Run Common\Behavior\HyLogBehavior [ RunTime:0.003001s ]
INFO: [ action_begin ] --END-- [ RunTime:0.004001s ]
NOTIC: [2048] Declaration of Common\Model\HyFrameModel::find() should be compatible with Think\Model::find($options = Array) F:\PHP\wamp64\www\HyAdmin-master\Application\Common\Model\HyFrameModel.class.php ç¬¬ 13 è¡Œ.
NOTIC: [8] Undefined index: model F:\PHP\wamp64\www\HyAdmin-master\Application\Common\Controller\HyFrameController.class.php ç¬¬ 43 è¡Œ.
ERR: SQLSTATE[HY000] [2002] ÓÉÓÚÄ¿±ê¼ÆËã»ú»ý¼«¾Ü¾ø£¬ÎÞ·¨Á¬½Ó¡£


[ 2016-09-10T09:03:58+08:00 ] ::1 /HyAdmin-master/index.php/System/HyStart/login.html
INFO: [ app_init ] --START--
INFO: Run Behavior\BuildLiteBehavior [ RunTime:0.000000s ]
INFO: [ app_init ] --END-- [ RunTime:0.002000s ]
INFO: [ app_begin ] --START--
INFO: Run Behavior\ReadHtmlCacheBehavior [ RunTime:0.002001s ]
INFO: [ app_begin ] --END-- [ RunTime:0.003001s ]
NOTIC: [8192] mysql_connect(): The mysql extension is deprecated and will be removed in the future: use mysqli or PDO instead F:\PHP\wamp64\www\HyAdmin-master\HomyitCore\Library\Think\Session\Driver\Db.class.php ç¬¬ 95 è¡Œ.
INFO: [ action_begin ] --START--
INFO: Run Common\Behavior\HyLogBehavior [ RunTime:0.003000s ]
INFO: [ action_begin ] --END-- [ RunTime:0.003000s ]
NOTIC: [2048] Declaration of Common\Model\HyFrameModel::find() should be compatible with Think\Model::find($options = Array) F:\PHP\wamp64\www\HyAdmin-master\Application\Common\Model\HyFrameModel.class.php ç¬¬ 13 è¡Œ.
NOTIC: [8] Undefined index: model F:\PHP\wamp64\www\HyAdmin-master\Application\Common\Controller\HyFrameController.class.php ç¬¬ 43 è¡Œ.
SQL: SHOW COLUMNS FROM `homyit_frame_setting` [ RunTime:0.0620s ]
SQL: SELECT `key`,`value` FROM `homyit_frame_setting` WHERE `status` < 9  [ RunTime:0.0020s ]
INFO: [ before_view ] --START--
INFO: Run Common\Behavior\HyBeforeViewBehavior [ RunTime:0.012001s ]
INFO: [ before_view ] --END-- [ RunTime:0.012001s ]
INFO: [ view_parse ] --START--
INFO: [ template_filter ] --START--
INFO: Run Behavior\ContentReplaceBehavior [ RunTime:0.001000s ]
INFO: [ template_filter ] --END-- [ RunTime:0.001000s ]
INFO: Run Behavior\ParseTemplateBehavior [ RunTime:0.376022s ]
INFO: [ view_parse ] --END-- [ RunTime:0.377022s ]
INFO: [ view_filter ] --START--
INFO: Run Behavior\WriteHtmlCacheBehavior [ RunTime:0.022001s ]
INFO: [ view_filter ] --END-- [ RunTime:0.023001s ]
INFO: [ action_end ] --START--
INFO: Run Common\Behavior\HyLogBehavior [ RunTime:0.000000s ]
INFO: [ action_end ] --END-- [ RunTime:0.001000s ]
INFO: [ app_end ] --START--
INFO: Run Behavior\ShowPageTraceBehavior [ RunTime:0.082005s ]
INFO: [ app_end ] --END-- [ RunTime:0.082005s ]

[ 2016-09-10T09:04:02+08:00 ] ::1 /HyAdmin-master/index.php/System/HyStart/favicon.ico
INFO: [ app_init ] --START--
INFO: Run Behavior\BuildLiteBehavior [ RunTime:0.000000s ]
INFO: [ app_init ] --END-- [ RunTime:0.002000s ]

[ 2016-09-10T11:10:39+08:00 ] ::1 /HyAdmin-master/
INFO: [ app_init ] --START--
INFO: Run Behavior\BuildLiteBehavior [ RunTime:0.000000s ]
INFO: [ app_init ] --END-- [ RunTime:0.002000s ]
INFO: [ app_begin ] --START--
INFO: Run Behavior\ReadHtmlCacheBehavior [ RunTime:0.002000s ]
INFO: [ app_begin ] --END-- [ RunTime:0.002000s ]
NOTIC: [8192] mysql_connect(): The mysql extension is deprecated and will be removed in the future: use mysqli or PDO instead F:\PHP\wamp64\www\HyAdmin-master\HomyitCore\Library\Think\Session\Driver\Db.class.php ç¬¬ 95 è¡Œ.
INFO: [ action_begin ] --START--
INFO: Run Common\Behavior\HyLogBehavior [ RunTime:0.004000s ]
INFO: [ action_begin ] --END-- [ RunTime:0.005000s ]
NOTIC: [2048] Declaration of Common\Model\HyFrameModel::find() should be compatible with Think\Model::find($options = Array) F:\PHP\wamp64\www\HyAdmin-master\Application\Common\Model\HyFrameModel.class.php ç¬¬ 13 è¡Œ.

[ 2016-09-10T11:10:40+08:00 ] ::1 /HyAdmin-master/index.php/System/HyStart/login.html
INFO: [ app_init ] --START--
INFO: Run Behavior\BuildLiteBehavior [ RunTime:0.000000s ]
INFO: [ app_init ] --END-- [ RunTime:0.001000s ]
INFO: [ app_begin ] --START--
INFO: Run Behavior\ReadHtmlCacheBehavior [ RunTime:0.001001s ]
INFO: [ app_begin ] --END-- [ RunTime:0.003001s ]
NOTIC: [8192] mysql_connect(): The mysql extension is deprecated and will be removed in the future: use mysqli or PDO instead F:\PHP\wamp64\www\HyAdmin-master\HomyitCore\Library\Think\Session\Driver\Db.class.php ç¬¬ 95 è¡Œ.
INFO: [ action_begin ] --START--
INFO: Run Common\Behavior\HyLogBehavior [ RunTime:0.003000s ]
INFO: [ action_begin ] --END-- [ RunTime:0.004000s ]
NOTIC: [2048] Declaration of Common\Model\HyFrameModel::find() should be compatible with Think\Model::find($options = Array) F:\PHP\wamp64\www\HyAdmin-master\Application\Common\Model\HyFrameModel.class.php ç¬¬ 13 è¡Œ.
NOTIC: [8] Undefined index: model F:\PHP\wamp64\www\HyAdmin-master\Application\Common\Controller\HyFrameController.class.php ç¬¬ 43 è¡Œ.
SQL: SHOW COLUMNS FROM `homyit_frame_setting` [ RunTime:0.0520s ]
SQL: SELECT `key`,`value` FROM `homyit_frame_setting` WHERE `status` < 9  [ RunTime:0.0170s ]
INFO: [ before_view ] --START--
INFO: Run Common\Behavior\HyBeforeViewBehavior [ RunTime:0.014001s ]
INFO: [ before_view ] --END-- [ RunTime:0.015001s ]
INFO: [ view_parse ] --START--
INFO: [ template_filter ] --START--
INFO: Run Behavior\ContentReplaceBehavior [ RunTime:0.001000s ]
INFO: [ template_filter ] --END-- [ RunTime:0.001000s ]
INFO: Run Behavior\ParseTemplateBehavior [ RunTime:0.051003s ]
INFO: [ view_parse ] --END-- [ RunTime:0.052003s ]
INFO: [ view_filter ] --START--
INFO: Run Behavior\WriteHtmlCacheBehavior [ RunTime:0.002000s ]
INFO: [ view_filter ] --END-- [ RunTime:0.002000s ]
INFO: [ action_end ] --START--
INFO: Run Common\Behavior\HyLogBehavior [ RunTime:0.000000s ]
INFO: [ action_end ] --END-- [ RunTime:0.001000s ]
INFO: [ app_end ] --START--
INFO: Run Behavior\ShowPageTraceBehavior [ RunTime:0.003000s ]
INFO: [ app_end ] --END-- [ RunTime:0.003000s ]

[ 2016-09-10T18:15:55+08:00 ] ::1 /HyAdmin-master/
INFO: [ app_init ] --START--
INFO: Run Behavior\BuildLiteBehavior [ RunTime:0.001001s ]
INFO: [ app_init ] --END-- [ RunTime:0.002001s ]
INFO: [ app_begin ] --START--
INFO: Run Behavior\ReadHtmlCacheBehavior [ RunTime:0.002000s ]
INFO: [ app_begin ] --END-- [ RunTime:0.003000s ]
NOTIC: [8192] mysql_connect(): The mysql extension is deprecated and will be removed in the future: use mysqli or PDO instead F:\PHP\wamp64\www\HyAdmin-master\HomyitCore\Library\Think\Session\Driver\Db.class.php ç¬¬ 95 è¡Œ.
INFO: [ action_begin ] --START--
INFO: Run Common\Behavior\HyLogBehavior [ RunTime:0.003001s ]
INFO: [ action_begin ] --END-- [ RunTime:0.003001s ]
NOTIC: [2048] Declaration of Common\Model\HyFrameModel::find() should be compatible with Think\Model::find($options = Array) F:\PHP\wamp64\www\HyAdmin-master\Application\Common\Model\HyFrameModel.class.php ç¬¬ 13 è¡Œ.

[ 2016-09-10T18:15:57+08:00 ] ::1 /HyAdmin-master/index.php/System/HyStart/login.html
INFO: [ app_init ] --START--
INFO: Run Behavior\BuildLiteBehavior [ RunTime:0.001000s ]
INFO: [ app_init ] --END-- [ RunTime:0.002000s ]
INFO: [ app_begin ] --START--
INFO: Run Behavior\ReadHtmlCacheBehavior [ RunTime:0.001000s ]
INFO: [ app_begin ] --END-- [ RunTime:0.003000s ]
NOTIC: [8192] mysql_connect(): The mysql extension is deprecated and will be removed in the future: use mysqli or PDO instead F:\PHP\wamp64\www\HyAdmin-master\HomyitCore\Library\Think\Session\Driver\Db.class.php ç¬¬ 95 è¡Œ.
INFO: [ action_begin ] --START--
INFO: Run Common\Behavior\HyLogBehavior [ RunTime:0.002001s ]
INFO: [ action_begin ] --END-- [ RunTime:0.004001s ]
NOTIC: [2048] Declaration of Common\Model\HyFrameModel::find() should be compatible with Think\Model::find($options = Array) F:\PHP\wamp64\www\HyAdmin-master\Application\Common\Model\HyFrameModel.class.php ç¬¬ 13 è¡Œ.
NOTIC: [8] Undefined index: model F:\PHP\wamp64\www\HyAdmin-master\Application\Common\Controller\HyFrameController.class.php ç¬¬ 43 è¡Œ.
SQL: SHOW COLUMNS FROM `homyit_frame_setting` [ RunTime:1.0421s ]
SQL: SELECT `key`,`value` FROM `homyit_frame_setting` WHERE `status` < 9  [ RunTime:0.0290s ]
INFO: [ before_view ] --START--
INFO: Run Common\Behavior\HyBeforeViewBehavior [ RunTime:0.049003s ]
INFO: [ before_view ] --END-- [ RunTime:0.049003s ]
INFO: [ view_parse ] --START--
INFO: [ template_filter ] --START--
INFO: Run Behavior\ContentReplaceBehavior [ RunTime:0.001000s ]
INFO: [ template_filter ] --END-- [ RunTime:0.001000s ]
INFO: Run Behavior\ParseTemplateBehavior [ RunTime:0.058003s ]
INFO: [ view_parse ] --END-- [ RunTime:0.058003s ]
INFO: [ view_filter ] --START--
INFO: Run Behavior\WriteHtmlCacheBehavior [ RunTime:0.002000s ]
INFO: [ view_filter ] --END-- [ RunTime:0.003000s ]
INFO: [ action_end ] --START--
INFO: Run Common\Behavior\HyLogBehavior [ RunTime:0.000000s ]
INFO: [ action_end ] --END-- [ RunTime:0.001001s ]
INFO: [ app_end ] --START--
INFO: Run Behavior\ShowPageTraceBehavior [ RunTime:0.003000s ]
INFO: [ app_end ] --END-- [ RunTime:0.004000s ]

[ 2016-09-10T18:16:01+08:00 ] ::1 /HyAdmin-master/index.php/System/HyStart/favicon.ico
INFO: [ app_init ] --START--
INFO: Run Behavior\BuildLiteBehavior [ RunTime:0.000000s ]
INFO: [ app_init ] --END-- [ RunTime:0.003000s ]

[ 2016-09-10T22:06:31+08:00 ] ::1 /HyAdmin-master/
INFO: [ app_init ] --START--
INFO: Run Behavior\BuildLiteBehavior [ RunTime:0.000000s ]
INFO: [ app_init ] --END-- [ RunTime:0.002000s ]
INFO: [ app_begin ] --START--
INFO: Run Behavior\ReadHtmlCacheBehavior [ RunTime:0.003001s ]
INFO: [ app_begin ] --END-- [ RunTime:0.003001s ]
NOTIC: [8192] mysql_connect(): The mysql extension is deprecated and will be removed in the future: use mysqli or PDO instead F:\PHP\wamp64\www\HyAdmin-master\HomyitCore\Library\Think\Session\Driver\Db.class.php ç¬¬ 95 è¡Œ.
INFO: [ action_begin ] --START--
INFO: Run Common\Behavior\HyLogBehavior [ RunTime:0.003001s ]
INFO: [ action_begin ] --END-- [ RunTime:0.004001s ]
NOTIC: [2048] Declaration of Common\Model\HyFrameModel::find() should be compatible with Think\Model::find($options = Array) F:\PHP\wamp64\www\HyAdmin-master\Application\Common\Model\HyFrameModel.class.php ç¬¬ 13 è¡Œ.

[ 2016-09-10T22:06:34+08:00 ] ::1 /HyAdmin-master/
INFO: [ app_init ] --START--
INFO: Run Behavior\BuildLiteBehavior [ RunTime:0.000000s ]
INFO: [ app_init ] --END-- [ RunTime:0.003000s ]
INFO: [ app_begin ] --START--
INFO: Run Behavior\ReadHtmlCacheBehavior [ RunTime:0.002001s ]
INFO: [ app_begin ] --END-- [ RunTime:0.003001s ]
NOTIC: [8192] mysql_connect(): The mysql extension is deprecated and will be removed in the future: use mysqli or PDO instead F:\PHP\wamp64\www\HyAdmin-master\HomyitCore\Library\Think\Session\Driver\Db.class.php ç¬¬ 95 è¡Œ.
INFO: [ action_begin ] --START--
INFO: Run Common\Behavior\HyLogBehavior [ RunTime:0.003000s ]
INFO: [ action_begin ] --END-- [ RunTime:0.004000s ]
NOTIC: [2048] Declaration of Common\Model\HyFrameModel::find() should be compatible with Think\Model::find($options = Array) F:\PHP\wamp64\www\HyAdmin-master\Application\Common\Model\HyFrameModel.class.php ç¬¬ 13 è¡Œ.

[ 2016-09-10T22:06:36+08:00 ] ::1 /HyAdmin-master/index.php/System/HyStart/login.html
INFO: [ app_init ] --START--
INFO: Run Behavior\BuildLiteBehavior [ RunTime:0.001000s ]
INFO: [ app_init ] --END-- [ RunTime:0.002000s ]
INFO: [ app_begin ] --START--
INFO: Run Behavior\ReadHtmlCacheBehavior [ RunTime:0.002000s ]
INFO: [ app_begin ] --END-- [ RunTime:0.002000s ]
NOTIC: [8192] mysql_connect(): The mysql extension is deprecated and will be removed in the future: use mysqli or PDO instead F:\PHP\wamp64\www\HyAdmin-master\HomyitCore\Library\Think\Session\Driver\Db.class.php ç¬¬ 95 è¡Œ.
INFO: [ action_begin ] --START--
INFO: Run Common\Behavior\HyLogBehavior [ RunTime:0.002000s ]
INFO: [ action_begin ] --END-- [ RunTime:0.004000s ]
NOTIC: [2048] Declaration of Common\Model\HyFrameModel::find() should be compatible with Think\Model::find($options = Array) F:\PHP\wamp64\www\HyAdmin-master\Application\Common\Model\HyFrameModel.class.php ç¬¬ 13 è¡Œ.
NOTIC: [8] Undefined index: model F:\PHP\wamp64\www\HyAdmin-master\Application\Common\Controller\HyFrameController.class.php ç¬¬ 43 è¡Œ.
SQL: SHOW COLUMNS FROM `homyit_frame_setting` [ RunTime:0.5660s ]
SQL: SELECT `key`,`value` FROM `homyit_frame_setting` WHERE `status` < 9  [ RunTime:0.0740s ]
INFO: [ before_view ] --START--
INFO: Run Common\Behavior\HyBeforeViewBehavior [ RunTime:0.019001s ]
INFO: [ before_view ] --END-- [ RunTime:0.021001s ]
INFO: [ view_parse ] --START--
INFO: [ template_filter ] --START--
INFO: Run Behavior\ContentReplaceBehavior [ RunTime:0.000000s ]
INFO: [ template_filter ] --END-- [ RunTime:0.001000s ]
INFO: Run Behavior\ParseTemplateBehavior [ RunTime:0.107006s ]
INFO: [ view_parse ] --END-- [ RunTime:0.108006s ]
INFO: [ view_filter ] --START--
INFO: Run Behavior\WriteHtmlCacheBehavior [ RunTime:0.002000s ]
INFO: [ view_filter ] --END-- [ RunTime:0.004000s ]
INFO: [ action_end ] --START--
INFO: Run Common\Behavior\HyLogBehavior [ RunTime:0.000000s ]
INFO: [ action_end ] --END-- [ RunTime:0.001000s ]
INFO: [ app_end ] --START--
INFO: Run Behavior\ShowPageTraceBehavior [ RunTime:0.003000s ]
INFO: [ app_end ] --END-- [ RunTime:0.004000s ]

[ 2016-09-10T22:06:36+08:00 ] ::1 /HyAdmin-master/index.php/System/HyStart/login.html
INFO: [ app_init ] --START--
INFO: Run Behavior\BuildLiteBehavior [ RunTime:0.000000s ]
INFO: [ app_init ] --END-- [ RunTime:0.002000s ]
INFO: [ app_begin ] --START--
INFO: Run Behavior\ReadHtmlCacheBehavior [ RunTime:0.003000s ]
INFO: [ app_begin ] --END-- [ RunTime:0.004000s ]
NOTIC: [8192] mysql_connect(): The mysql extension is deprecated and will be removed in the future: use mysqli or PDO instead F:\PHP\wamp64\www\HyAdmin-master\HomyitCore\Library\Think\Session\Driver\Db.class.php ç¬¬ 95 è¡Œ.
INFO: [ action_begin ] --START--
INFO: Run Common\Behavior\HyLogBehavior [ RunTime:0.002000s ]
INFO: [ action_begin ] --END-- [ RunTime:0.003000s ]
NOTIC: [2048] Declaration of Common\Model\HyFrameModel::find() should be compatible with Think\Model::find($options = Array) F:\PHP\wamp64\www\HyAdmin-master\Application\Common\Model\HyFrameModel.class.php ç¬¬ 13 è¡Œ.
NOTIC: [8] Undefined index: model F:\PHP\wamp64\www\HyAdmin-master\Application\Common\Controller\HyFrameController.class.php ç¬¬ 43 è¡Œ.
SQL: SHOW COLUMNS FROM `homyit_frame_setting` [ RunTime:3.5932s ]
SQL: SELECT `key`,`value` FROM `homyit_frame_setting` WHERE `status` < 9  [ RunTime:0.0920s ]
INFO: [ before_view ] --START--
INFO: Run Common\Behavior\HyBeforeViewBehavior [ RunTime:0.018001s ]
INFO: [ before_view ] --END-- [ RunTime:0.020001s ]
INFO: [ view_parse ] --START--
INFO: [ template_filter ] --START--
INFO: Run Behavior\ContentReplaceBehavior [ RunTime:0.000000s ]
INFO: [ template_filter ] --END-- [ RunTime:0.001000s ]
INFO: Run Behavior\ParseTemplateBehavior [ RunTime:0.131007s ]
INFO: [ view_parse ] --END-- [ RunTime:0.131007s ]
INFO: [ view_filter ] --START--
INFO: Run Behavior\WriteHtmlCacheBehavior [ RunTime:0.003000s ]
INFO: [ view_filter ] --END-- [ RunTime:0.004000s ]
INFO: [ action_end ] --START--
INFO: Run Common\Behavior\HyLogBehavior [ RunTime:0.000000s ]
INFO: [ action_end ] --END-- [ RunTime:0.001000s ]
INFO: [ app_end ] --START--
INFO: Run Behavior\ShowPageTraceBehavior [ RunTime:0.003001s ]
INFO: [ app_end ] --END-- [ RunTime:0.004001s ]

