[ 2016-05-30T19:04:21+08:00 ] 127.0.0.1 /HyAdmin-master/index.php/User/Teacher/all.html
INFO: [ app_init ] --START--
INFO: Run Behavior\BuildLiteBehavior [ RunTime:0.000000s ]
INFO: [ app_init ] --END-- [ RunTime:0.002000s ]
INFO: [ app_begin ] --START--
INFO: Run Behavior\ReadHtmlCacheBehavior [ RunTime:0.002001s ]
INFO: [ app_begin ] --END-- [ RunTime:0.003001s ]
NOTIC: [8192] mysql_connect(): The mysql extension is deprecated and will be removed in the future: use mysqli or PDO instead F:\PHP\wamp\wamp\www\HyAdmin-master\HomyitCore\Library\Think\Session\Driver\Db.class.php 第 95 行.
INFO: [ action_begin ] --START--
INFO: Run Common\Behavior\HyLogBehavior [ RunTime:0.002001s ]
INFO: [ action_begin ] --END-- [ RunTime:0.003001s ]
NOTIC: [2048] Declaration of Common\Model\HyFrameModel::find() should be compatible with Think\Model::find($options = Array) F:\PHP\wamp\wamp\www\HyAdmin-master\Application\Common\Model\HyFrameModel.class.php 第 13 行.
SQL: SHOW COLUMNS FROM `homyit_teacher` [ RunTime:0.1190s ]
NOTIC: [8] Undefined index: pagetitle F:\PHP\wamp\wamp\www\HyAdmin-master\Application\Common\Model\HyAllModel.class.php 第 403 行.
INFO: [ hy_log ] --START--
NOTIC: [8] Undefined variable: sql F:\PHP\wamp\wamp\www\HyAdmin-master\Application\Common\Behavior\HyLogBehavior.class.php 第 31 行.
INFO: Run Common\Behavior\HyLogBehavior [ RunTime:0.000000s ]
INFO: [ hy_log ] --END-- [ RunTime:0.001000s ]
INFO: [ hy_log ] --START--
NOTIC: [8] Undefined index: style F:\PHP\wamp\wamp\www\HyAdmin-master\Application\Common\Behavior\HyLogBehavior.class.php 第 23 行.
NOTIC: [8] Undefined index: sql F:\PHP\wamp\wamp\www\HyAdmin-master\Application\Common\Behavior\HyLogBehavior.class.php 第 25 行.
INFO: Run Common\Behavior\HyLogBehavior [ RunTime:0.000000s ]
INFO: [ hy_log ] --END-- [ RunTime:-0.001000s ]
NOTIC: [8] Undefined index: pagetitle F:\PHP\wamp\wamp\www\HyAdmin-master\Application\Common\Model\HyAllModel.class.php 第 403 行.
NOTIC: [8] Undefined index: all F:\PHP\wamp\wamp\www\HyAdmin-master\Application\Common\Model\HyAllModel.class.php 第 911 行.
NOTIC: [8] Undefined index: type F:\PHP\wamp\wamp\www\HyAdmin-master\Application\Common\Model\HyAllModel.class.php 第 423 行.
NOTIC: [8] Undefined index: type F:\PHP\wamp\wamp\www\HyAdmin-master\Application\Common\Model\HyAllModel.class.php 第 425 行.
NOTIC: [8] Undefined index: title F:\PHP\wamp\wamp\www\HyAdmin-master\Application\Common\Model\HyAllModel.class.php 第 420 行.
NOTIC: [8] Undefined index: list F:\PHP\wamp\wamp\www\HyAdmin-master\Application\Common\Model\HyAllModel.class.php 第 420 行.
NOTIC: [8] Undefined index: title F:\PHP\wamp\wamp\www\HyAdmin-master\Application\Common\Model\HyAllModel.class.php 第 421 行.
NOTIC: [8] Undefined index: title F:\PHP\wamp\wamp\www\HyAdmin-master\Application\Common\Model\HyAllModel.class.php 第 421 行.
NOTIC: [8] Undefined index: search F:\PHP\wamp\wamp\www\HyAdmin-master\Application\Common\Model\HyAllModel.class.php 第 423 行.
NOTIC: [8] Undefined index: form F:\PHP\wamp\wamp\www\HyAdmin-master\Application\Common\Model\HyAllModel.class.php 第 425 行.
NOTIC: [8] Undefined index: list F:\PHP\wamp\wamp\www\HyAdmin-master\Application\Common\Model\HyAllModel.class.php 第 423 行.
NOTIC: [8] Undefined index: search F:\PHP\wamp\wamp\www\HyAdmin-master\Application\Common\Model\HyAllModel.class.php 第 423 行.
NOTIC: [8] Undefined index: type F:\PHP\wamp\wamp\www\HyAdmin-master\Application\Common\Model\HyAllModel.class.php 第 425 行.
NOTIC: [8] Undefined index: options F:\PHP\wamp\wamp\www\HyAdmin-master\Application\Common\Model\HyAllModel.class.php 第 423 行.
NOTIC: [8] Undefined index: search F:\PHP\wamp\wamp\www\HyAdmin-master\Application\Common\Model\HyAllModel.class.php 第 423 行.
NOTIC: [8] Undefined index: type F:\PHP\wamp\wamp\www\HyAdmin-master\Application\Common\Model\HyAllModel.class.php 第 425 行.
NOTIC: [8] Undefined index: search F:\PHP\wamp\wamp\www\HyAdmin-master\Application\Common\Model\HyAllModel.class.php 第 423 行.
NOTIC: [8] Undefined index: form F:\PHP\wamp\wamp\www\HyAdmin-master\Application\Common\Model\HyAllModel.class.php 第 425 行.
NOTIC: [8] Undefined index: title F:\PHP\wamp\wamp\www\HyAdmin-master\Application\Common\Model\HyAllModel.class.php 第 420 行.
NOTIC: [8] Undefined index: list F:\PHP\wamp\wamp\www\HyAdmin-master\Application\Common\Model\HyAllModel.class.php 第 420 行.
NOTIC: [8] Undefined index: title F:\PHP\wamp\wamp\www\HyAdmin-master\Application\Common\Model\HyAllModel.class.php 第 421 行.
NOTIC: [8] Undefined index: search F:\PHP\wamp\wamp\www\HyAdmin-master\Application\Common\Model\HyAllModel.class.php 第 423 行.
NOTIC: [8] Undefined index: title F:\PHP\wamp\wamp\www\HyAdmin-master\Application\Common\Model\HyAllModel.class.php 第 420 行.
NOTIC: [8] Undefined index: list F:\PHP\wamp\wamp\www\HyAdmin-master\Application\Common\Model\HyAllModel.class.php 第 420 行.
NOTIC: [8] Undefined index: title F:\PHP\wamp\wamp\www\HyAdmin-master\Application\Common\Model\HyAllModel.class.php 第 421 行.
NOTIC: [8] Undefined index: search F:\PHP\wamp\wamp\www\HyAdmin-master\Application\Common\Model\HyAllModel.class.php 第 423 行.
NOTIC: [8] Undefined index: title F:\PHP\wamp\wamp\www\HyAdmin-master\Application\Common\Model\HyAllModel.class.php 第 420 行.
NOTIC: [8] Undefined index: list F:\PHP\wamp\wamp\www\HyAdmin-master\Application\Common\Model\HyAllModel.class.php 第 420 行.
NOTIC: [8] Undefined index: title F:\PHP\wamp\wamp\www\HyAdmin-master\Application\Common\Model\HyAllModel.class.php 第 421 行.
NOTIC: [8] Undefined index: title F:\PHP\wamp\wamp\www\HyAdmin-master\Application\Common\Model\HyAllModel.class.php 第 421 行.
NOTIC: [8] Undefined index: search F:\PHP\wamp\wamp\www\HyAdmin-master\Application\Common\Model\HyAllModel.class.php 第 423 行.
NOTIC: [8] Undefined index: form F:\PHP\wamp\wamp\www\HyAdmin-master\Application\Common\Model\HyAllModel.class.php 第 425 行.
NOTIC: [8] Undefined index: title F:\PHP\wamp\wamp\www\HyAdmin-master\Application\Common\Model\HyAllModel.class.php 第 420 行.
NOTIC: [8] Undefined index: list F:\PHP\wamp\wamp\www\HyAdmin-master\Application\Common\Model\HyAllModel.class.php 第 420 行.
NOTIC: [8] Undefined index: title F:\PHP\wamp\wamp\www\HyAdmin-master\Application\Common\Model\HyAllModel.class.php 第 421 行.
NOTIC: [8] Undefined index: search F:\PHP\wamp\wamp\www\HyAdmin-master\Application\Common\Model\HyAllModel.class.php 第 423 行.
NOTIC: [8] Undefined index: type F:\PHP\wamp\wamp\www\HyAdmin-master\Application\Common\Model\HyAllModel.class.php 第 425 行.
NOTIC: [8] Undefined index: title F:\PHP\wamp\wamp\www\HyAdmin-master\Application\Common\Model\HyAllModel.class.php 第 420 行.
NOTIC: [8] Undefined index: title F:\PHP\wamp\wamp\www\HyAdmin-master\Application\Common\Model\HyAllModel.class.php 第 421 行.
NOTIC: [8] Undefined index: form F:\PHP\wamp\wamp\www\HyAdmin-master\Application\Common\Model\HyAllModel.class.php 第 421 行.
NOTIC: [8] Undefined index: search F:\PHP\wamp\wamp\www\HyAdmin-master\Application\Common\Model\HyAllModel.class.php 第 423 行.
NOTIC: [8] Undefined index: form F:\PHP\wamp\wamp\www\HyAdmin-master\Application\Common\Model\HyAllModel.class.php 第 425 行.
NOTIC: [8] Undefined index: title F:\PHP\wamp\wamp\www\HyAdmin-master\Application\Common\Model\HyAllModel.class.php 第 420 行.
NOTIC: [8] Undefined index: list F:\PHP\wamp\wamp\www\HyAdmin-master\Application\Common\Model\HyAllModel.class.php 第 420 行.
NOTIC: [8] Undefined index: title F:\PHP\wamp\wamp\www\HyAdmin-master\Application\Common\Model\HyAllModel.class.php 第 421 行.
NOTIC: [8] Undefined index: search F:\PHP\wamp\wamp\www\HyAdmin-master\Application\Common\Model\HyAllModel.class.php 第 423 行.
NOTIC: [8] Undefined index: initJS F:\PHP\wamp\wamp\www\HyAdmin-master\Application\Common\Model\HyAllModel.class.php 第 351 行.
INFO: [ before_view ] --START--
SQL: SHOW COLUMNS FROM `homyit_frame_alert` [ RunTime:0.0080s ]
SQL: SELECT `id`,`category`,`icon`,`message`,`url`,`type`,`create_time` FROM `homyit_frame_alert` where `to_users` LIKE '%,101155,%' AND ( IFNULL(`read_users`,'')='' OR `read_users` NOT LIKE '%,101155,%') AND `status`=1 ORDER BY `id` DESC [ RunTime:0.0010s ]
INFO: Run Common\Behavior\HyBeforeViewBehavior [ RunTime:0.017001s ]
INFO: [ before_view ] --END-- [ RunTime:0.018001s ]
INFO: [ view_parse ] --START--
INFO: [ template_filter ] --START--
INFO: Run Behavior\ContentReplaceBehavior [ RunTime:0.001000s ]
INFO: [ template_filter ] --END-- [ RunTime:0.002000s ]
NOTIC: [8] Undefined variable: _middle F:\PHP\wamp\wamp\www\HyAdmin-master\Runtime\Cache\User\9c07dc003a2105c82c74ba68c02f614c.php 第 225 行.
NOTIC: [8] Undefined variable: _bottom F:\PHP\wamp\wamp\www\HyAdmin-master\Runtime\Cache\User\9c07dc003a2105c82c74ba68c02f614c.php 第 244 行.
NOTIC: [8] Undefined variable: _script F:\PHP\wamp\wamp\www\HyAdmin-master\Runtime\Cache\User\9c07dc003a2105c82c74ba68c02f614c.php 第 303 行.
NOTIC: [8] Undefined variable: hyMenu F:\PHP\wamp\wamp\www\HyAdmin-master\Runtime\Cache\User\9c07dc003a2105c82c74ba68c02f614c.php 第 316 行.
INFO: Run Behavior\ParseTemplateBehavior [ RunTime:0.122007s ]
INFO: [ view_parse ] --END-- [ RunTime:0.122007s ]
INFO: [ view_filter ] --START--
INFO: Run Behavior\WriteHtmlCacheBehavior [ RunTime:0.002000s ]
INFO: [ view_filter ] --END-- [ RunTime:0.002000s ]
INFO: [ app_end ] --START--
INFO: Run Behavior\ShowPageTraceBehavior [ RunTime:0.002000s ]
INFO: [ app_end ] --END-- [ RunTime:0.003000s ]

[ 2016-05-30T19:04:21+08:00 ] 127.0.0.1 /HyAdmin-master/index.php/User/Teacher/ajax?q=list
INFO: [ app_init ] --START--
INFO: Run Behavior\BuildLiteBehavior [ RunTime:0.000000s ]
INFO: [ app_init ] --END-- [ RunTime:0.002000s ]
INFO: [ app_begin ] --START--
INFO: Run Behavior\ReadHtmlCacheBehavior [ RunTime:0.001000s ]
INFO: [ app_begin ] --END-- [ RunTime:0.003000s ]
NOTIC: [8192] mysql_connect(): The mysql extension is deprecated and will be removed in the future: use mysqli or PDO instead F:\PHP\wamp\wamp\www\HyAdmin-master\HomyitCore\Library\Think\Session\Driver\Db.class.php 第 95 行.
INFO: [ action_begin ] --START--
INFO: Run Common\Behavior\HyLogBehavior [ RunTime:0.002000s ]
INFO: [ action_begin ] --END-- [ RunTime:0.003000s ]
NOTIC: [2048] Declaration of Common\Model\HyFrameModel::find() should be compatible with Think\Model::find($options = Array) F:\PHP\wamp\wamp\www\HyAdmin-master\Application\Common\Model\HyFrameModel.class.php 第 13 行.
SQL: SHOW COLUMNS FROM `homyit_teacher` [ RunTime:0.0070s ]
NOTIC: [8] Undefined index: pagetitle F:\PHP\wamp\wamp\www\HyAdmin-master\Application\Common\Model\HyAllModel.class.php 第 403 行.
INFO: [ hy_log ] --START--
NOTIC: [8] Undefined variable: sql F:\PHP\wamp\wamp\www\HyAdmin-master\Application\Common\Behavior\HyLogBehavior.class.php 第 31 行.
INFO: Run Common\Behavior\HyLogBehavior [ RunTime:0.000000s ]
INFO: [ hy_log ] --END-- [ RunTime:0.000000s ]
INFO: [ hy_log ] --START--
NOTIC: [8] Undefined index: style F:\PHP\wamp\wamp\www\HyAdmin-master\Application\Common\Behavior\HyLogBehavior.class.php 第 23 行.
NOTIC: [8] Undefined index: sql F:\PHP\wamp\wamp\www\HyAdmin-master\Application\Common\Behavior\HyLogBehavior.class.php 第 25 行.
INFO: Run Common\Behavior\HyLogBehavior [ RunTime:0.000000s ]
INFO: [ hy_log ] --END-- [ RunTime:-0.001000s ]
NOTIC: [8] Undefined index: limit F:\PHP\wamp\wamp\www\HyAdmin-master\Application\Common\Model\HyFrameModel.class.php 第 160 行.
NOTIC: [8] Undefined index: order F:\PHP\wamp\wamp\www\HyAdmin-master\Application\Common\Model\HyFrameModel.class.php 第 162 行.
NOTIC: [8] Undefined index: field F:\PHP\wamp\wamp\www\HyAdmin-master\Application\Common\Model\HyFrameModel.class.php 第 170 行.
NOTIC: [8] Undefined index: where F:\PHP\wamp\wamp\www\HyAdmin-master\Application\Common\Model\HyFrameModel.class.php 第 189 行.
NOTIC: [8] Undefined offset: 4 F:\PHP\wamp\wamp\www\HyAdmin-master\Application\Common\Model\HyFrameModel.class.php 第 214 行.
NOTIC: [8] Undefined offset: 5 F:\PHP\wamp\wamp\www\HyAdmin-master\Application\Common\Model\HyFrameModel.class.php 第 220 行.
NOTIC: [8] Undefined offset: 4 F:\PHP\wamp\wamp\www\HyAdmin-master\Application\Common\Model\HyFrameModel.class.php 第 221 行.
NOTIC: [8] Undefined index: decrypt F:\PHP\wamp\wamp\www\HyAdmin-master\Application\Common\Model\HyFrameModel.class.php 第 241 行.
SQL: SHOW COLUMNS FROM `homyit_teacher` [ RunTime:0.0100s ]
SQL: SELECT 1 FROM `homyit_teacher` `hy` INNER JOIN `homyit_user` AS `user` ON hy.user_id = user.id  WHERE user.college_id = null AND hy.status = 1 AND hy.user_id > 10000  [ RunTime:0.0020s ]
INFO: [ hy_log ] --START--
NOTIC: [8] Undefined index: style F:\PHP\wamp\wamp\www\HyAdmin-master\Application\Common\Behavior\HyLogBehavior.class.php 第 23 行.
NOTIC: [8] Undefined index: sql F:\PHP\wamp\wamp\www\HyAdmin-master\Application\Common\Behavior\HyLogBehavior.class.php 第 25 行.
INFO: Run Common\Behavior\HyLogBehavior [ RunTime:0.000000s ]
INFO: [ hy_log ] --END-- [ RunTime:-0.020001s ]
NOTIC: [8] Undefined index: hidden F:\PHP\wamp\wamp\www\HyAdmin-master\Application\Common\Model\HyAllModel.class.php 第 587 行.
NOTIC: [8] Undefined index: title F:\PHP\wamp\wamp\www\HyAdmin-master\Application\Common\Model\HyAllModel.class.php 第 587 行.
NOTIC: [8] Undefined index: list F:\PHP\wamp\wamp\www\HyAdmin-master\Application\Common\Model\HyAllModel.class.php 第 587 行.
NOTIC: [8] Undefined index: hidden F:\PHP\wamp\wamp\www\HyAdmin-master\Application\Common\Model\HyAllModel.class.php 第 587 行.
NOTIC: [8] Undefined index: hidden F:\PHP\wamp\wamp\www\HyAdmin-master\Application\Common\Model\HyAllModel.class.php 第 587 行.
NOTIC: [8] Undefined index: hidden F:\PHP\wamp\wamp\www\HyAdmin-master\Application\Common\Model\HyAllModel.class.php 第 587 行.
NOTIC: [8] Undefined index: title F:\PHP\wamp\wamp\www\HyAdmin-master\Application\Common\Model\HyAllModel.class.php 第 587 行.
NOTIC: [8] Undefined index: title F:\PHP\wamp\wamp\www\HyAdmin-master\Application\Common\Model\HyAllModel.class.php 第 587 行.
NOTIC: [8] Undefined index: title F:\PHP\wamp\wamp\www\HyAdmin-master\Application\Common\Model\HyAllModel.class.php 第 587 行.
NOTIC: [8] Undefined index: title F:\PHP\wamp\wamp\www\HyAdmin-master\Application\Common\Model\HyAllModel.class.php 第 587 行.
NOTIC: [8] Undefined index: title F:\PHP\wamp\wamp\www\HyAdmin-master\Application\Common\Model\HyAllModel.class.php 第 587 行.
NOTIC: [8] Undefined index: title F:\PHP\wamp\wamp\www\HyAdmin-master\Application\Common\Model\HyAllModel.class.php 第 587 行.
NOTIC: [8] Undefined index: info F:\PHP\wamp\wamp\www\HyAdmin-master\Application\Common\Model\HyAllModel.class.php 第 462 行.
INFO: [ hy_log ] --START--
INFO: Run Common\Behavior\HyLogBehavior [ RunTime:0.000000s ]
INFO: [ hy_log ] --END-- [ RunTime:-0.025001s ]

[ 2016-05-30T19:04:22+08:00 ] 127.0.0.1 /HyAdmin-master/index.php/User/Teacher/favicon.ico
INFO: [ app_init ] --START--
INFO: Run Behavior\BuildLiteBehavior [ RunTime:0.001000s ]
INFO: [ app_init ] --END-- [ RunTime:0.002000s ]

[ 2016-05-30T19:04:26+08:00 ] 127.0.0.1 /HyAdmin-master/index.php/User/Class/all.html
INFO: [ app_init ] --START--
INFO: Run Behavior\BuildLiteBehavior [ RunTime:0.000000s ]
INFO: [ app_init ] --END-- [ RunTime:0.002000s ]
INFO: [ app_begin ] --START--
INFO: Run Behavior\ReadHtmlCacheBehavior [ RunTime:0.002001s ]
INFO: [ app_begin ] --END-- [ RunTime:0.002001s ]
NOTIC: [8192] mysql_connect(): The mysql extension is deprecated and will be removed in the future: use mysqli or PDO instead F:\PHP\wamp\wamp\www\HyAdmin-master\HomyitCore\Library\Think\Session\Driver\Db.class.php 第 95 行.
INFO: [ action_begin ] --START--
INFO: Run Common\Behavior\HyLogBehavior [ RunTime:0.002000s ]
INFO: [ action_begin ] --END-- [ RunTime:0.003000s ]
NOTIC: [2048] Declaration of Common\Model\HyFrameModel::find() should be compatible with Think\Model::find($options = Array) F:\PHP\wamp\wamp\www\HyAdmin-master\Application\Common\Model\HyFrameModel.class.php 第 13 行.
SQL: SHOW COLUMNS FROM `homyit_class` [ RunTime:0.0320s ]
NOTIC: [8] Undefined index: pagetitle F:\PHP\wamp\wamp\www\HyAdmin-master\Application\Common\Model\HyAllModel.class.php 第 403 行.
INFO: [ hy_log ] --START--
NOTIC: [8] Undefined variable: sql F:\PHP\wamp\wamp\www\HyAdmin-master\Application\Common\Behavior\HyLogBehavior.class.php 第 31 行.
INFO: Run Common\Behavior\HyLogBehavior [ RunTime:0.001000s ]
INFO: [ hy_log ] --END-- [ RunTime:0.001000s ]
INFO: [ hy_log ] --START--
NOTIC: [8] Undefined index: style F:\PHP\wamp\wamp\www\HyAdmin-master\Application\Common\Behavior\HyLogBehavior.class.php 第 23 行.
NOTIC: [8] Undefined index: sql F:\PHP\wamp\wamp\www\HyAdmin-master\Application\Common\Behavior\HyLogBehavior.class.php 第 25 行.
INFO: Run Common\Behavior\HyLogBehavior [ RunTime:0.000000s ]
INFO: [ hy_log ] --END-- [ RunTime:-0.001000s ]
NOTIC: [8] Undefined index: pagetitle F:\PHP\wamp\wamp\www\HyAdmin-master\Application\Common\Model\HyAllModel.class.php 第 403 行.
NOTIC: [8] Undefined index: all F:\PHP\wamp\wamp\www\HyAdmin-master\Application\Common\Model\HyAllModel.class.php 第 911 行.
NOTIC: [8] Undefined index: tips F:\PHP\wamp\wamp\www\HyAdmin-master\Application\Common\Model\HyAllModel.class.php 第 444 行.
NOTIC: [8] Undefined index: type F:\PHP\wamp\wamp\www\HyAdmin-master\Application\Common\Model\HyAllModel.class.php 第 423 行.
NOTIC: [8] Undefined index: type F:\PHP\wamp\wamp\www\HyAdmin-master\Application\Common\Model\HyAllModel.class.php 第 425 行.
NOTIC: [8] Undefined index: options F:\PHP\wamp\wamp\www\HyAdmin-master\Application\Common\Model\HyAllModel.class.php 第 423 行.
SQL: SHOW COLUMNS FROM `homyit_class` [ RunTime:0.0070s ]
SQL: SELECT `grade`,grade as grade1 FROM `homyit_class` WHERE `college_id` = null  [ RunTime:0.0010s ]
NOTIC: [8] Undefined index: search F:\PHP\wamp\wamp\www\HyAdmin-master\Application\Common\Model\HyAllModel.class.php 第 423 行.
NOTIC: [8] Undefined index: search F:\PHP\wamp\wamp\www\HyAdmin-master\Application\Common\Model\HyAllModel.class.php 第 423 行.
NOTIC: [8] Undefined index: title F:\PHP\wamp\wamp\www\HyAdmin-master\Application\Common\Model\HyAllModel.class.php 第 420 行.
NOTIC: [8] Undefined index: list F:\PHP\wamp\wamp\www\HyAdmin-master\Application\Common\Model\HyAllModel.class.php 第 420 行.
NOTIC: [8] Undefined index: title F:\PHP\wamp\wamp\www\HyAdmin-master\Application\Common\Model\HyAllModel.class.php 第 421 行.
NOTIC: [8] Undefined index: title F:\PHP\wamp\wamp\www\HyAdmin-master\Application\Common\Model\HyAllModel.class.php 第 421 行.
NOTIC: [8] Undefined index: search F:\PHP\wamp\wamp\www\HyAdmin-master\Application\Common\Model\HyAllModel.class.php 第 423 行.
NOTIC: [8] Undefined index: form F:\PHP\wamp\wamp\www\HyAdmin-master\Application\Common\Model\HyAllModel.class.php 第 425 行.
INFO: [ before_view ] --START--
SQL: SHOW COLUMNS FROM `homyit_frame_alert` [ RunTime:0.0070s ]
SQL: SELECT `id`,`category`,`icon`,`message`,`url`,`type`,`create_time` FROM `homyit_frame_alert` where `to_users` LIKE '%,101155,%' AND ( IFNULL(`read_users`,'')='' OR `read_users` NOT LIKE '%,101155,%') AND `status`=1 ORDER BY `id` DESC [ RunTime:0.0020s ]
INFO: Run Common\Behavior\HyBeforeViewBehavior [ RunTime:0.017001s ]
INFO: [ before_view ] --END-- [ RunTime:0.017001s ]
INFO: [ view_parse ] --START--
INFO: [ template_filter ] --START--
INFO: Run Behavior\ContentReplaceBehavior [ RunTime:0.001000s ]
INFO: [ template_filter ] --END-- [ RunTime:0.002000s ]
NOTIC: [8] Undefined variable: _middle F:\PHP\wamp\wamp\www\HyAdmin-master\Runtime\Cache\User\9c07dc003a2105c82c74ba68c02f614c.php 第 225 行.
NOTIC: [8] Undefined variable: _bottom F:\PHP\wamp\wamp\www\HyAdmin-master\Runtime\Cache\User\9c07dc003a2105c82c74ba68c02f614c.php 第 244 行.
NOTIC: [8] Undefined variable: _script F:\PHP\wamp\wamp\www\HyAdmin-master\Runtime\Cache\User\9c07dc003a2105c82c74ba68c02f614c.php 第 303 行.
NOTIC: [8] Undefined variable: hyMenu F:\PHP\wamp\wamp\www\HyAdmin-master\Runtime\Cache\User\9c07dc003a2105c82c74ba68c02f614c.php 第 316 行.
INFO: Run Behavior\ParseTemplateBehavior [ RunTime:0.089005s ]
INFO: [ view_parse ] --END-- [ RunTime:0.089005s ]
INFO: [ view_filter ] --START--
INFO: Run Behavior\WriteHtmlCacheBehavior [ RunTime:0.002000s ]
INFO: [ view_filter ] --END-- [ RunTime:0.002000s ]
INFO: [ app_end ] --START--
INFO: Run Behavior\ShowPageTraceBehavior [ RunTime:0.003000s ]
INFO: [ app_end ] --END-- [ RunTime:0.003000s ]

[ 2016-05-30T19:04:27+08:00 ] 127.0.0.1 /HyAdmin-master/index.php/User/Class/ajax?q=list
INFO: [ app_init ] --START--
INFO: Run Behavior\BuildLiteBehavior [ RunTime:0.000000s ]
INFO: [ app_init ] --END-- [ RunTime:0.002000s ]
INFO: [ app_begin ] --START--
INFO: Run Behavior\ReadHtmlCacheBehavior [ RunTime:0.002000s ]
INFO: [ app_begin ] --END-- [ RunTime:0.003000s ]
NOTIC: [8192] mysql_connect(): The mysql extension is deprecated and will be removed in the future: use mysqli or PDO instead F:\PHP\wamp\wamp\www\HyAdmin-master\HomyitCore\Library\Think\Session\Driver\Db.class.php 第 95 行.
INFO: [ action_begin ] --START--
INFO: Run Common\Behavior\HyLogBehavior [ RunTime:0.005000s ]
INFO: [ action_begin ] --END-- [ RunTime:0.006000s ]
NOTIC: [2048] Declaration of Common\Model\HyFrameModel::find() should be compatible with Think\Model::find($options = Array) F:\PHP\wamp\wamp\www\HyAdmin-master\Application\Common\Model\HyFrameModel.class.php 第 13 行.
SQL: SHOW COLUMNS FROM `homyit_class` [ RunTime:0.0060s ]
NOTIC: [8] Undefined index: pagetitle F:\PHP\wamp\wamp\www\HyAdmin-master\Application\Common\Model\HyAllModel.class.php 第 403 行.
INFO: [ hy_log ] --START--
NOTIC: [8] Undefined variable: sql F:\PHP\wamp\wamp\www\HyAdmin-master\Application\Common\Behavior\HyLogBehavior.class.php 第 31 行.
INFO: Run Common\Behavior\HyLogBehavior [ RunTime:0.000000s ]
INFO: [ hy_log ] --END-- [ RunTime:0.001000s ]
INFO: [ hy_log ] --START--
NOTIC: [8] Undefined index: style F:\PHP\wamp\wamp\www\HyAdmin-master\Application\Common\Behavior\HyLogBehavior.class.php 第 23 行.
NOTIC: [8] Undefined index: sql F:\PHP\wamp\wamp\www\HyAdmin-master\Application\Common\Behavior\HyLogBehavior.class.php 第 25 行.
INFO: Run Common\Behavior\HyLogBehavior [ RunTime:0.001000s ]
INFO: [ hy_log ] --END-- [ RunTime:0.000000s ]
NOTIC: [8] Undefined index: associate F:\PHP\wamp\wamp\www\HyAdmin-master\Application\Common\Model\HyFrameModel.class.php 第 141 行.
NOTIC: [8] Undefined index: associate F:\PHP\wamp\wamp\www\HyAdmin-master\Application\Common\Model\HyFrameModel.class.php 第 141 行.
NOTIC: [8] Undefined index: limit F:\PHP\wamp\wamp\www\HyAdmin-master\Application\Common\Model\HyFrameModel.class.php 第 160 行.
NOTIC: [8] Undefined index: order F:\PHP\wamp\wamp\www\HyAdmin-master\Application\Common\Model\HyFrameModel.class.php 第 162 行.
NOTIC: [8] Undefined variable: field F:\PHP\wamp\wamp\www\HyAdmin-master\Application\Common\Model\HyFrameModel.class.php 第 181 行.
NOTIC: [8] Undefined index: where F:\PHP\wamp\wamp\www\HyAdmin-master\Application\Common\Model\HyFrameModel.class.php 第 189 行.
NOTIC: [8] Undefined index: decrypt F:\PHP\wamp\wamp\www\HyAdmin-master\Application\Common\Model\HyFrameModel.class.php 第 241 行.
SQL: SELECT 1 FROM `homyit_class` WHERE `college_id` = null AND `status` = 1 AND `id` > 10000  [ RunTime:0.0010s ]
INFO: [ hy_log ] --START--
NOTIC: [8] Undefined index: style F:\PHP\wamp\wamp\www\HyAdmin-master\Application\Common\Behavior\HyLogBehavior.class.php 第 23 行.
NOTIC: [8] Undefined index: sql F:\PHP\wamp\wamp\www\HyAdmin-master\Application\Common\Behavior\HyLogBehavior.class.php 第 25 行.
INFO: Run Common\Behavior\HyLogBehavior [ RunTime:0.000000s ]
INFO: [ hy_log ] --END-- [ RunTime:-0.005001s ]
NOTIC: [8] Undefined index: hidden F:\PHP\wamp\wamp\www\HyAdmin-master\Application\Common\Model\HyAllModel.class.php 第 587 行.
NOTIC: [8] Undefined index: hidden F:\PHP\wamp\wamp\www\HyAdmin-master\Application\Common\Model\HyAllModel.class.php 第 587 行.
NOTIC: [8] Undefined index: hidden F:\PHP\wamp\wamp\www\HyAdmin-master\Application\Common\Model\HyAllModel.class.php 第 587 行.
NOTIC: [8] Undefined index: title F:\PHP\wamp\wamp\www\HyAdmin-master\Application\Common\Model\HyAllModel.class.php 第 587 行.
NOTIC: [8] Undefined index: info F:\PHP\wamp\wamp\www\HyAdmin-master\Application\Common\Model\HyAllModel.class.php 第 462 行.
INFO: [ hy_log ] --START--
INFO: Run Common\Behavior\HyLogBehavior [ RunTime:0.000000s ]
INFO: [ hy_log ] --END-- [ RunTime:-0.007001s ]

[ 2016-05-30T19:04:27+08:00 ] 127.0.0.1 /HyAdmin-master/index.php/User/Class/favicon.ico
INFO: [ app_init ] --START--
INFO: Run Behavior\BuildLiteBehavior [ RunTime:0.000000s ]
INFO: [ app_init ] --END-- [ RunTime:0.001000s ]

[ 2016-05-30T19:04:32+08:00 ] 127.0.0.1 /HyAdmin-master/index.php/User/Class/ajax?q=list
INFO: [ app_init ] --START--
INFO: Run Behavior\BuildLiteBehavior [ RunTime:0.000000s ]
INFO: [ app_init ] --END-- [ RunTime:0.001000s ]
INFO: [ app_begin ] --START--
INFO: Run Behavior\ReadHtmlCacheBehavior [ RunTime:0.001000s ]
INFO: [ app_begin ] --END-- [ RunTime:0.003000s ]
NOTIC: [8192] mysql_connect(): The mysql extension is deprecated and will be removed in the future: use mysqli or PDO instead F:\PHP\wamp\wamp\www\HyAdmin-master\HomyitCore\Library\Think\Session\Driver\Db.class.php 第 95 行.
INFO: [ action_begin ] --START--
INFO: Run Common\Behavior\HyLogBehavior [ RunTime:0.002000s ]
INFO: [ action_begin ] --END-- [ RunTime:0.003000s ]
NOTIC: [2048] Declaration of Common\Model\HyFrameModel::find() should be compatible with Think\Model::find($options = Array) F:\PHP\wamp\wamp\www\HyAdmin-master\Application\Common\Model\HyFrameModel.class.php 第 13 行.
SQL: SHOW COLUMNS FROM `homyit_class` [ RunTime:0.0080s ]
NOTIC: [8] Undefined index: pagetitle F:\PHP\wamp\wamp\www\HyAdmin-master\Application\Common\Model\HyAllModel.class.php 第 403 行.
INFO: [ hy_log ] --START--
NOTIC: [8] Undefined variable: sql F:\PHP\wamp\wamp\www\HyAdmin-master\Application\Common\Behavior\HyLogBehavior.class.php 第 31 行.
INFO: Run Common\Behavior\HyLogBehavior [ RunTime:0.001000s ]
INFO: [ hy_log ] --END-- [ RunTime:0.001000s ]
INFO: [ hy_log ] --START--
NOTIC: [8] Undefined index: style F:\PHP\wamp\wamp\www\HyAdmin-master\Application\Common\Behavior\HyLogBehavior.class.php 第 23 行.
NOTIC: [8] Undefined index: sql F:\PHP\wamp\wamp\www\HyAdmin-master\Application\Common\Behavior\HyLogBehavior.class.php 第 25 行.
INFO: Run Common\Behavior\HyLogBehavior [ RunTime:0.001000s ]
INFO: [ hy_log ] --END-- [ RunTime:0.000000s ]
NOTIC: [8] Undefined index: associate F:\PHP\wamp\wamp\www\HyAdmin-master\Application\Common\Model\HyFrameModel.class.php 第 141 行.
NOTIC: [8] Undefined index: associate F:\PHP\wamp\wamp\www\HyAdmin-master\Application\Common\Model\HyFrameModel.class.php 第 141 行.
NOTIC: [8] Undefined index: limit F:\PHP\wamp\wamp\www\HyAdmin-master\Application\Common\Model\HyFrameModel.class.php 第 160 行.
NOTIC: [8] Undefined index: order F:\PHP\wamp\wamp\www\HyAdmin-master\Application\Common\Model\HyFrameModel.class.php 第 162 行.
NOTIC: [8] Undefined variable: field F:\PHP\wamp\wamp\www\HyAdmin-master\Application\Common\Model\HyFrameModel.class.php 第 181 行.
NOTIC: [8] Undefined index: where F:\PHP\wamp\wamp\www\HyAdmin-master\Application\Common\Model\HyFrameModel.class.php 第 189 行.
NOTIC: [8] Undefined index: decrypt F:\PHP\wamp\wamp\www\HyAdmin-master\Application\Common\Model\HyFrameModel.class.php 第 241 行.
SQL: SELECT 1 FROM `homyit_class` WHERE `college_id` = null AND `status` = 1 AND `id` > 10000  [ RunTime:0.0010s ]
INFO: [ hy_log ] --START--
NOTIC: [8] Undefined index: style F:\PHP\wamp\wamp\www\HyAdmin-master\Application\Common\Behavior\HyLogBehavior.class.php 第 23 行.
NOTIC: [8] Undefined index: sql F:\PHP\wamp\wamp\www\HyAdmin-master\Application\Common\Behavior\HyLogBehavior.class.php 第 25 行.
INFO: Run Common\Behavior\HyLogBehavior [ RunTime:0.001000s ]
INFO: [ hy_log ] --END-- [ RunTime:-0.006001s ]
NOTIC: [8] Undefined index: hidden F:\PHP\wamp\wamp\www\HyAdmin-master\Application\Common\Model\HyAllModel.class.php 第 587 行.
NOTIC: [8] Undefined index: hidden F:\PHP\wamp\wamp\www\HyAdmin-master\Application\Common\Model\HyAllModel.class.php 第 587 行.
NOTIC: [8] Undefined index: hidden F:\PHP\wamp\wamp\www\HyAdmin-master\Application\Common\Model\HyAllModel.class.php 第 587 行.
NOTIC: [8] Undefined index: title F:\PHP\wamp\wamp\www\HyAdmin-master\Application\Common\Model\HyAllModel.class.php 第 587 行.
NOTIC: [8] Undefined index: info F:\PHP\wamp\wamp\www\HyAdmin-master\Application\Common\Model\HyAllModel.class.php 第 462 行.
INFO: [ hy_log ] --START--
INFO: Run Common\Behavior\HyLogBehavior [ RunTime:0.000000s ]
INFO: [ hy_log ] --END-- [ RunTime:-0.009001s ]

